<testsuites id="" name="" tests="1" failures="1" skipped="0" errors="0" time="16.716755">
<testsuite name="complete-e2e-flow-test.spec.ts" timestamp="2025-07-20T06:56:40.927Z" hostname="chromium-comprehensive" tests="1" failures="1" skipped="0" time="14.258" errors="0">
<testcase name="Complete E2E Flow: Personal Problems â†’ Calendar Display â€º Execute complete user flow with comprehensive error handling" classname="complete-e2e-flow-test.spec.ts" time="14.258">
<failure message="complete-e2e-flow-test.spec.ts:691:7 Execute complete user flow with comprehensive error handling" type="FAILURE">
<![CDATA[  [chromium-comprehensive] â€º complete-e2e-flow-test.spec.ts:691:7 â€º Complete E2E Flow: Personal Problems â†’ Calendar Display â€º Execute complete user flow with comprehensive error handling 

    TimeoutError: locator.fill: Timeout 10000ms exceeded.
    Call log:
      - waiting for locator('role=textbox[name*="title"]')


      272 |
      273 |       // Fill form with test data
    > 274 |       await titleInput.fill('å­¸ç¿’ Python ç¨‹å¼è¨­è¨ˆ');
          |                        ^
      275 |       await descriptionInput.fill('æˆ‘æƒ³è¦å¾žé›¶é–‹å§‹å­¸ç¿’ Python ç¨‹å¼è¨­è¨ˆï¼Œç›®æ¨™æ˜¯èƒ½å¤ é–‹ç™¼ç¶²é æ‡‰ç”¨ç¨‹å¼ã€‚å¸Œæœ›èƒ½å¤ æŽŒæ¡åŸºç¤Žèªžæ³•ã€æ•¸æ“šè™•ç†å’Œ Web æ¡†æž¶ã€‚');
      276 |
      277 |       // Take screenshot before clicking generate
        at /Users/wetom/Desktop/FocusFlow/e2e-tests-comprehensive/complete-e2e-flow-test.spec.ts:274:24
        at E2ETestOrchestrator.executePhase (/Users/wetom/Desktop/FocusFlow/e2e-tests-comprehensive/complete-e2e-flow-test.spec.ts:150:7)
        at E2ETestOrchestrator.phase2_PersonalProblems (/Users/wetom/Desktop/FocusFlow/e2e-tests-comprehensive/complete-e2e-flow-test.spec.ts:210:5)
        at E2ETestOrchestrator.executeCompleteFlow (/Users/wetom/Desktop/FocusFlow/e2e-tests-comprehensive/complete-e2e-flow-test.spec.ts:674:7)
        at /Users/wetom/Desktop/FocusFlow/e2e-tests-comprehensive/complete-e2e-flow-test.spec.ts:695:7

    Error: browserContext._wrapApiCall: Must start tracing before stopping

    attachment #1: screenshot (image/png) â”€â”€â”€â”€â”€â”€â”€â”€â”€â”€â”€â”€â”€â”€â”€â”€â”€â”€â”€â”€â”€â”€â”€â”€â”€â”€â”€â”€â”€â”€â”€â”€â”€â”€â”€â”€â”€â”€â”€â”€â”€â”€â”€â”€â”€â”€â”€â”€â”€â”€â”€â”€â”€â”€â”€â”€â”€â”€
    test-results/artifacts/complete-e2e-flow-test-Com-d1237-omprehensive-error-handling-chromium-comprehensive/test-failed-1.png
    â”€â”€â”€â”€â”€â”€â”€â”€â”€â”€â”€â”€â”€â”€â”€â”€â”€â”€â”€â”€â”€â”€â”€â”€â”€â”€â”€â”€â”€â”€â”€â”€â”€â”€â”€â”€â”€â”€â”€â”€â”€â”€â”€â”€â”€â”€â”€â”€â”€â”€â”€â”€â”€â”€â”€â”€â”€â”€â”€â”€â”€â”€â”€â”€â”€â”€â”€â”€â”€â”€â”€â”€â”€â”€â”€â”€â”€â”€â”€â”€â”€â”€â”€â”€â”€â”€â”€â”€â”€â”€â”€â”€â”€â”€â”€â”€

    Error Context: test-results/artifacts/complete-e2e-flow-test-Com-d1237-omprehensive-error-handling-chromium-comprehensive/error-context.md

    attachment #3: trace (application/zip) â”€â”€â”€â”€â”€â”€â”€â”€â”€â”€â”€â”€â”€â”€â”€â”€â”€â”€â”€â”€â”€â”€â”€â”€â”€â”€â”€â”€â”€â”€â”€â”€â”€â”€â”€â”€â”€â”€â”€â”€â”€â”€â”€â”€â”€â”€â”€â”€â”€â”€â”€â”€â”€â”€â”€â”€â”€
    test-results/artifacts/complete-e2e-flow-test-Com-d1237-omprehensive-error-handling-chromium-comprehensive/trace.zip
    Usage:

        npx playwright show-trace test-results/artifacts/complete-e2e-flow-test-Com-d1237-omprehensive-error-handling-chromium-comprehensive/trace.zip

    â”€â”€â”€â”€â”€â”€â”€â”€â”€â”€â”€â”€â”€â”€â”€â”€â”€â”€â”€â”€â”€â”€â”€â”€â”€â”€â”€â”€â”€â”€â”€â”€â”€â”€â”€â”€â”€â”€â”€â”€â”€â”€â”€â”€â”€â”€â”€â”€â”€â”€â”€â”€â”€â”€â”€â”€â”€â”€â”€â”€â”€â”€â”€â”€â”€â”€â”€â”€â”€â”€â”€â”€â”€â”€â”€â”€â”€â”€â”€â”€â”€â”€â”€â”€â”€â”€â”€â”€â”€â”€â”€â”€â”€â”€â”€â”€
]]>
</failure>
<system-out>
<![CDATA[ðŸš€ Starting Environment_Initialization...
[2025-07-20T06:56:44.618Z] info: %cDownload the React DevTools for a better development experience: https://react.dev/link/react-devtools font-weight:bold
[2025-07-20T06:56:44.652Z] log: Running application "main" with appParams:
 {rootTag: #root, hydrate: undefined} 
Development-level warnings: ON.
Performance optimizations: OFF.
[2025-07-20T06:56:44.779Z] warning: "shadow*" style props are deprecated. Use "boxShadow".
[2025-07-20T06:56:44.802Z] log: i18n initialized with language: en
[2025-07-20T06:56:44.874Z] warning: props.pointerEvents is deprecated. Use style.pointerEvents
[2025-07-20T06:56:45.278Z] log: All 3 scheduled task records are valid
âœ… Phase 1: Environment initialized successfully
âœ… Environment_Initialization completed successfully in 1840ms
ðŸš€ Starting Personal_Problems_Page...
[2025-07-20T06:56:45.671Z] info: %cDownload the React DevTools for a better development experience: https://react.dev/link/react-devtools font-weight:bold
[2025-07-20T06:56:45.680Z] log: Running application "main" with appParams:
 {rootTag: #root, hydrate: undefined} 
Development-level warnings: ON.
Performance optimizations: OFF.
[2025-07-20T06:56:45.812Z] warning: "shadow*" style props are deprecated. Use "boxShadow".
[2025-07-20T06:56:45.812Z] log: i18n initialized with language: en
[2025-07-20T06:56:45.818Z] warning: props.pointerEvents is deprecated. Use style.pointerEvents
[2025-07-20T06:56:45.819Z] error: Unexpected text node: . A text node cannot be a child of a <View>.
[2025-07-20T06:56:45.819Z] error: Unexpected text node: . A text node cannot be a child of a <View>.
[2025-07-20T06:56:45.819Z] error: Unexpected text node: . A text node cannot be a child of a <View>.
[2025-07-20T06:56:45.820Z] error: Unexpected text node: . A text node cannot be a child of a <View>.
[2025-07-20T06:56:46.267Z] log: All 3 scheduled task records are valid
ðŸ“Š Comprehensive test report generated: /Users/wetom/Desktop/FocusFlow/e2e-tests-comprehensive/test-results/comprehensive-e2e-report.json

[[ATTACHMENT|artifacts/complete-e2e-flow-test-Com-d1237-omprehensive-error-handling-chromium-comprehensive/test-failed-1.png]]

[[ATTACHMENT|artifacts/complete-e2e-flow-test-Com-d1237-omprehensive-error-handling-chromium-comprehensive/error-context.md]]

[[ATTACHMENT|artifacts/complete-e2e-flow-test-Com-d1237-omprehensive-error-handling-chromium-comprehensive/trace.zip]]
]]>
</system-out>
<system-err>
<![CDATA[âš ï¸ Tracing start failed: tracing.start: Tracing has been already started
âŒ Personal_Problems_Page failed: locator.fill: Timeout 10000ms exceeded.
Call log:
[2m  - waiting for locator('role=textbox[name*="title"]')[22m

âŒ Test execution stopped due to failure: locator.fill: Timeout 10000ms exceeded.
Call log:
[2m  - waiting for locator('role=textbox[name*="title"]')[22m

Test execution failed: locator.fill: Timeout 10000ms exceeded.
Call log:
[2m  - waiting for locator('role=textbox[name*="title"]')[22m

]]>
</system-err>
</testcase>
</testsuite>
</testsuites>