{"total": {"lines":{"total":4221,"covered":106,"skipped":0,"pct":2.51},"statements":{"total":4515,"covered":107,"skipped":0,"pct":2.36},"functions":{"total":965,"covered":28,"skipped":0,"pct":2.9},"branches":{"total":3361,"covered":92,"skipped":0,"pct":2.73},"branchesTrue":{"total":0,"covered":0,"skipped":0,"pct":100}}
,"/Users/wetom/Desktop/FocusFlow/app/+not-found.tsx": {"lines":{"total":2,"covered":0,"skipped":0,"pct":0},"functions":{"total":1,"covered":0,"skipped":0,"pct":0},"statements":{"total":2,"covered":0,"skipped":0,"pct":0},"branches":{"total":0,"covered":0,"skipped":0,"pct":100}}
,"/Users/wetom/Desktop/FocusFlow/app/_layout.tsx": {"lines":{"total":14,"covered":0,"skipped":0,"pct":0},"functions":{"total":4,"covered":0,"skipped":0,"pct":0},"statements":{"total":14,"covered":0,"skipped":0,"pct":0},"branches":{"total":6,"covered":0,"skipped":0,"pct":0}}
,"/Users/wetom/Desktop/FocusFlow/app/add-task.tsx": {"lines":{"total":361,"covered":0,"skipped":0,"pct":0},"functions":{"total":79,"covered":0,"skipped":0,"pct":0},"statements":{"total":367,"covered":0,"skipped":0,"pct":0},"branches":{"total":347,"covered":0,"skipped":0,"pct":0}}
,"/Users/wetom/Desktop/FocusFlow/app/focus.tsx": {"lines":{"total":193,"covered":0,"skipped":0,"pct":0},"functions":{"total":29,"covered":0,"skipped":0,"pct":0},"statements":{"total":200,"covered":0,"skipped":0,"pct":0},"branches":{"total":138,"covered":0,"skipped":0,"pct":0}}
,"/Users/wetom/Desktop/FocusFlow/app/learning-feedback.tsx": {"lines":{"total":96,"covered":0,"skipped":0,"pct":0},"functions":{"total":24,"covered":0,"skipped":0,"pct":0},"statements":{"total":103,"covered":0,"skipped":0,"pct":0},"branches":{"total":40,"covered":0,"skipped":0,"pct":0}}
,"/Users/wetom/Desktop/FocusFlow/app/modal.tsx": {"lines":{"total":2,"covered":0,"skipped":0,"pct":0},"functions":{"total":1,"covered":0,"skipped":0,"pct":0},"statements":{"total":2,"covered":0,"skipped":0,"pct":0},"branches":{"total":2,"covered":0,"skipped":0,"pct":0}}
,"/Users/wetom/Desktop/FocusFlow/app/onboarding.tsx": {"lines":{"total":76,"covered":0,"skipped":0,"pct":0},"functions":{"total":17,"covered":0,"skipped":0,"pct":0},"statements":{"total":76,"covered":0,"skipped":0,"pct":0},"branches":{"total":38,"covered":0,"skipped":0,"pct":0}}
,"/Users/wetom/Desktop/FocusFlow/app/task-detail.tsx": {"lines":{"total":98,"covered":0,"skipped":0,"pct":0},"functions":{"total":29,"covered":0,"skipped":0,"pct":0},"statements":{"total":101,"covered":0,"skipped":0,"pct":0},"branches":{"total":156,"covered":0,"skipped":0,"pct":0}}
,"/Users/wetom/Desktop/FocusFlow/app/(tabs)/_layout.tsx": {"lines":{"total":6,"covered":0,"skipped":0,"pct":0},"functions":{"total":5,"covered":0,"skipped":0,"pct":0},"statements":{"total":6,"covered":0,"skipped":0,"pct":0},"branches":{"total":0,"covered":0,"skipped":0,"pct":100}}
,"/Users/wetom/Desktop/FocusFlow/app/(tabs)/index.tsx": {"lines":{"total":34,"covered":0,"skipped":0,"pct":0},"functions":{"total":20,"covered":0,"skipped":0,"pct":0},"statements":{"total":37,"covered":0,"skipped":0,"pct":0},"branches":{"total":10,"covered":0,"skipped":0,"pct":0}}
,"/Users/wetom/Desktop/FocusFlow/app/(tabs)/profile.tsx": {"lines":{"total":83,"covered":0,"skipped":0,"pct":0},"functions":{"total":35,"covered":0,"skipped":0,"pct":0},"statements":{"total":83,"covered":0,"skipped":0,"pct":0},"branches":{"total":14,"covered":0,"skipped":0,"pct":0}}
,"/Users/wetom/Desktop/FocusFlow/app/(tabs)/stats.tsx": {"lines":{"total":61,"covered":0,"skipped":0,"pct":0},"functions":{"total":19,"covered":0,"skipped":0,"pct":0},"statements":{"total":61,"covered":0,"skipped":0,"pct":0},"branches":{"total":40,"covered":0,"skipped":0,"pct":0}}
,"/Users/wetom/Desktop/FocusFlow/app/(tabs)/tasks.tsx": {"lines":{"total":167,"covered":0,"skipped":0,"pct":0},"functions":{"total":42,"covered":0,"skipped":0,"pct":0},"statements":{"total":186,"covered":0,"skipped":0,"pct":0},"branches":{"total":131,"covered":0,"skipped":0,"pct":0}}
,"/Users/wetom/Desktop/FocusFlow/components/Button.tsx": {"lines":{"total":50,"covered":0,"skipped":0,"pct":0},"functions":{"total":5,"covered":0,"skipped":0,"pct":0},"statements":{"total":50,"covered":0,"skipped":0,"pct":0},"branches":{"total":36,"covered":0,"skipped":0,"pct":0}}
,"/Users/wetom/Desktop/FocusFlow/components/CompanionView.tsx": {"lines":{"total":26,"covered":0,"skipped":0,"pct":0},"functions":{"total":3,"covered":0,"skipped":0,"pct":0},"statements":{"total":26,"covered":0,"skipped":0,"pct":0},"branches":{"total":28,"covered":0,"skipped":0,"pct":0}}
,"/Users/wetom/Desktop/FocusFlow/components/DatePicker.tsx": {"lines":{"total":64,"covered":0,"skipped":0,"pct":0},"functions":{"total":22,"covered":0,"skipped":0,"pct":0},"statements":{"total":69,"covered":0,"skipped":0,"pct":0},"branches":{"total":41,"covered":0,"skipped":0,"pct":0}}
,"/Users/wetom/Desktop/FocusFlow/components/ErrorBoundary.tsx": {"lines":{"total":17,"covered":0,"skipped":0,"pct":0},"functions":{"total":6,"covered":0,"skipped":0,"pct":0},"statements":{"total":17,"covered":0,"skipped":0,"pct":0},"branches":{"total":4,"covered":0,"skipped":0,"pct":0}}
,"/Users/wetom/Desktop/FocusFlow/components/FocusTimer.tsx": {"lines":{"total":7,"covered":0,"skipped":0,"pct":0},"functions":{"total":2,"covered":0,"skipped":0,"pct":0},"statements":{"total":7,"covered":0,"skipped":0,"pct":0},"branches":{"total":14,"covered":0,"skipped":0,"pct":0}}
,"/Users/wetom/Desktop/FocusFlow/components/LoadingScreen.tsx": {"lines":{"total":11,"covered":0,"skipped":0,"pct":0},"functions":{"total":3,"covered":0,"skipped":0,"pct":0},"statements":{"total":11,"covered":0,"skipped":0,"pct":0},"branches":{"total":14,"covered":0,"skipped":0,"pct":0}}
,"/Users/wetom/Desktop/FocusFlow/components/OnboardingStep.tsx": {"lines":{"total":3,"covered":0,"skipped":0,"pct":0},"functions":{"total":1,"covered":0,"skipped":0,"pct":0},"statements":{"total":3,"covered":0,"skipped":0,"pct":0},"branches":{"total":8,"covered":0,"skipped":0,"pct":0}}
,"/Users/wetom/Desktop/FocusFlow/components/ProgressChart.tsx": {"lines":{"total":4,"covered":0,"skipped":0,"pct":0},"functions":{"total":3,"covered":0,"skipped":0,"pct":0},"statements":{"total":5,"covered":0,"skipped":0,"pct":0},"branches":{"total":4,"covered":0,"skipped":0,"pct":0}}
,"/Users/wetom/Desktop/FocusFlow/components/ReflectionModal.tsx": {"lines":{"total":22,"covered":0,"skipped":0,"pct":0},"functions":{"total":5,"covered":0,"skipped":0,"pct":0},"statements":{"total":22,"covered":0,"skipped":0,"pct":0},"branches":{"total":35,"covered":0,"skipped":0,"pct":0}}
,"/Users/wetom/Desktop/FocusFlow/components/ScheduleItem.tsx": {"lines":{"total":103,"covered":0,"skipped":0,"pct":0},"functions":{"total":15,"covered":0,"skipped":0,"pct":0},"statements":{"total":103,"covered":0,"skipped":0,"pct":0},"branches":{"total":132,"covered":0,"skipped":0,"pct":0}}
,"/Users/wetom/Desktop/FocusFlow/components/TaskItem.tsx": {"lines":{"total":23,"covered":0,"skipped":0,"pct":0},"functions":{"total":6,"covered":0,"skipped":0,"pct":0},"statements":{"total":24,"covered":0,"skipped":0,"pct":0},"branches":{"total":38,"covered":0,"skipped":0,"pct":0}}
,"/Users/wetom/Desktop/FocusFlow/components/TimeSlotPicker.tsx": {"lines":{"total":60,"covered":0,"skipped":0,"pct":0},"functions":{"total":19,"covered":0,"skipped":0,"pct":0},"statements":{"total":60,"covered":0,"skipped":0,"pct":0},"branches":{"total":22,"covered":0,"skipped":0,"pct":0}}
,"/Users/wetom/Desktop/FocusFlow/components/WebCompatibleIcons.tsx": {"lines":{"total":72,"covered":0,"skipped":0,"pct":0},"functions":{"total":65,"covered":0,"skipped":0,"pct":0},"statements":{"total":104,"covered":0,"skipped":0,"pct":0},"branches":{"total":6,"covered":0,"skipped":0,"pct":0}}
,"/Users/wetom/Desktop/FocusFlow/components/WeekCalendar.tsx": {"lines":{"total":27,"covered":0,"skipped":0,"pct":0},"functions":{"total":10,"covered":0,"skipped":0,"pct":0},"statements":{"total":30,"covered":0,"skipped":0,"pct":0},"branches":{"total":17,"covered":0,"skipped":0,"pct":0}}
,"/Users/wetom/Desktop/FocusFlow/components/WheelTimePicker.tsx": {"lines":{"total":36,"covered":0,"skipped":0,"pct":0},"functions":{"total":11,"covered":0,"skipped":0,"pct":0},"statements":{"total":38,"covered":0,"skipped":0,"pct":0},"branches":{"total":12,"covered":0,"skipped":0,"pct":0}}
,"/Users/wetom/Desktop/FocusFlow/lib/errors/errorHandler.ts": {"lines":{"total":123,"covered":106,"skipped":0,"pct":86.17},"functions":{"total":29,"covered":28,"skipped":0,"pct":96.55},"statements":{"total":124,"covered":107,"skipped":0,"pct":86.29},"branches":{"total":119,"covered":92,"skipped":0,"pct":77.31}}
,"/Users/wetom/Desktop/FocusFlow/store/settingsStore.ts": {"lines":{"total":19,"covered":0,"skipped":0,"pct":0},"functions":{"total":17,"covered":0,"skipped":0,"pct":0},"statements":{"total":19,"covered":0,"skipped":0,"pct":0},"branches":{"total":0,"covered":0,"skipped":0,"pct":100}}
,"/Users/wetom/Desktop/FocusFlow/store/statsStore.ts": {"lines":{"total":69,"covered":0,"skipped":0,"pct":0},"functions":{"total":31,"covered":0,"skipped":0,"pct":0},"statements":{"total":82,"covered":0,"skipped":0,"pct":0},"branches":{"total":20,"covered":0,"skipped":0,"pct":0}}
,"/Users/wetom/Desktop/FocusFlow/store/taskStore.ts": {"lines":{"total":296,"covered":0,"skipped":0,"pct":0},"functions":{"total":100,"covered":0,"skipped":0,"pct":0},"statements":{"total":331,"covered":0,"skipped":0,"pct":0},"branches":{"total":130,"covered":0,"skipped":0,"pct":0}}
,"/Users/wetom/Desktop/FocusFlow/store/timerStore.ts": {"lines":{"total":155,"covered":0,"skipped":0,"pct":0},"functions":{"total":25,"covered":0,"skipped":0,"pct":0},"statements":{"total":162,"covered":0,"skipped":0,"pct":0},"branches":{"total":83,"covered":0,"skipped":0,"pct":0}}
,"/Users/wetom/Desktop/FocusFlow/utils/ai.ts": {"lines":{"total":424,"covered":0,"skipped":0,"pct":0},"functions":{"total":67,"covered":0,"skipped":0,"pct":0},"statements":{"total":448,"covered":0,"skipped":0,"pct":0},"branches":{"total":624,"covered":0,"skipped":0,"pct":0}}
,"/Users/wetom/Desktop/FocusFlow/utils/api.ts": {"lines":{"total":201,"covered":0,"skipped":0,"pct":0},"functions":{"total":30,"covered":0,"skipped":0,"pct":0},"statements":{"total":208,"covered":0,"skipped":0,"pct":0},"branches":{"total":144,"covered":0,"skipped":0,"pct":0}}
,"/Users/wetom/Desktop/FocusFlow/utils/appRestart.ts": {"lines":{"total":8,"covered":0,"skipped":0,"pct":0},"functions":{"total":2,"covered":0,"skipped":0,"pct":0},"statements":{"total":8,"covered":0,"skipped":0,"pct":0},"branches":{"total":2,"covered":0,"skipped":0,"pct":0}}
,"/Users/wetom/Desktop/FocusFlow/utils/permissions.ts": {"lines":{"total":52,"covered":0,"skipped":0,"pct":0},"functions":{"total":5,"covered":0,"skipped":0,"pct":0},"statements":{"total":53,"covered":0,"skipped":0,"pct":0},"branches":{"total":34,"covered":0,"skipped":0,"pct":0}}
,"/Users/wetom/Desktop/FocusFlow/utils/scheduling.ts": {"lines":{"total":718,"covered":0,"skipped":0,"pct":0},"functions":{"total":105,"covered":0,"skipped":0,"pct":0},"statements":{"total":802,"covered":0,"skipped":0,"pct":0},"branches":{"total":490,"covered":0,"skipped":0,"pct":0}}
,"/Users/wetom/Desktop/FocusFlow/utils/spacedRepetition.ts": {"lines":{"total":69,"covered":0,"skipped":0,"pct":0},"functions":{"total":16,"covered":0,"skipped":0,"pct":0},"statements":{"total":72,"covered":0,"skipped":0,"pct":0},"branches":{"total":46,"covered":0,"skipped":0,"pct":0}}
,"/Users/wetom/Desktop/FocusFlow/utils/subtaskProgress.ts": {"lines":{"total":237,"covered":0,"skipped":0,"pct":0},"functions":{"total":36,"covered":0,"skipped":0,"pct":0},"statements":{"total":251,"covered":0,"skipped":0,"pct":0},"branches":{"total":241,"covered":0,"skipped":0,"pct":0}}
,"/Users/wetom/Desktop/FocusFlow/utils/timeUtils.ts": {"lines":{"total":132,"covered":0,"skipped":0,"pct":0},"functions":{"total":21,"covered":0,"skipped":0,"pct":0},"statements":{"total":148,"covered":0,"skipped":0,"pct":0},"branches":{"total":95,"covered":0,"skipped":0,"pct":0}}
}
