TN:
SF:app/+not-found.tsx
FN:4,NotFoundScreen
FNF:1
FNH:0
FNDA:0,NotFoundScreen
DA:5,0
DA:19,0
LF:2
LH:0
BRF:0
BRH:0
end_of_record
TN:
SF:app/_layout.tsx
FN:15,RootLayout
FN:20,(anonymous_1)
FN:27,(anonymous_2)
FN:40,RootLayoutNav
FNF:4
FNH:0
FNDA:0,RootLayout
FNDA:0,(anonymous_1)
FNDA:0,(anonymous_2)
FNDA:0,RootLayoutNav
DA:8,0
DA:13,0
DA:16,0
DA:20,0
DA:21,0
DA:22,0
DA:23,0
DA:27,0
DA:28,0
DA:29,0
DA:33,0
DA:34,0
DA:37,0
DA:41,0
LF:14
LH:0
BRDA:21,0,0,0
BRDA:21,0,1,0
BRDA:28,1,0,0
BRDA:28,1,1,0
BRDA:33,2,0,0
BRDA:33,2,1,0
BRF:6
BRH:0
end_of_record
TN:
SF:app/add-task.tsx
FN:107,AddTaskScreen
FN:149,(anonymous_1)
FN:162,(anonymous_2)
FN:166,(anonymous_3)
FN:168,(anonymous_4)
FN:183,(anonymous_5)
FN:184,(anonymous_6)
FN:190,(anonymous_7)
FN:257,(anonymous_8)
FN:266,(anonymous_9)
FN:271,(anonymous_10)
FN:316,(anonymous_11)
FN:352,(anonymous_12)
FN:355,(anonymous_13)
FN:414,(anonymous_14)
FN:426,(anonymous_15)
FN:443,(anonymous_16)
FN:476,(anonymous_17)
FN:477,(anonymous_18)
FN:480,(anonymous_19)
FN:485,(anonymous_20)
FN:488,(anonymous_21)
FN:498,(anonymous_22)
FN:504,(anonymous_23)
FN:507,(anonymous_24)
FN:513,(anonymous_25)
FN:520,(anonymous_26)
FN:529,(anonymous_27)
FN:534,(anonymous_28)
FN:551,(anonymous_29)
FN:589,(anonymous_30)
FN:648,(anonymous_31)
FN:652,(anonymous_32)
FN:689,(anonymous_33)
FN:720,(anonymous_34)
FN:730,(anonymous_35)
FN:743,(anonymous_36)
FN:747,(anonymous_37)
FN:771,(anonymous_38)
FN:777,(anonymous_39)
FN:786,(anonymous_40)
FN:793,(anonymous_41)
FN:819,(anonymous_42)
FN:828,(anonymous_43)
FN:839,(anonymous_44)
FN:840,(anonymous_45)
FN:845,(anonymous_46)
FN:859,(anonymous_47)
FN:869,(anonymous_48)
FN:889,(anonymous_49)
FN:968,(anonymous_50)
FN:1027,(anonymous_51)
FN:1045,(anonymous_52)
FN:1063,(anonymous_53)
FN:1086,(anonymous_54)
FN:1104,(anonymous_55)
FN:1122,(anonymous_56)
FN:1153,(anonymous_57)
FN:1171,(anonymous_58)
FN:1178,(anonymous_59)
FN:1203,(anonymous_60)
FN:1226,(anonymous_61)
FN:1260,(anonymous_62)
FN:1264,(anonymous_63)
FN:1283,(anonymous_64)
FN:1314,(anonymous_65)
FN:1342,(anonymous_66)
FN:1356,(anonymous_67)
FN:1392,(anonymous_68)
FN:1460,(anonymous_69)
FN:1472,(anonymous_70)
FN:1479,(anonymous_71)
FN:1497,(anonymous_72)
FN:1512,(anonymous_73)
FN:1555,(anonymous_74)
FN:1562,(anonymous_75)
FN:1570,(anonymous_76)
FN:1587,(anonymous_77)
FN:1614,getPhaseBreakdownText
FNF:79
FNH:0
FNDA:0,AddTaskScreen
FNDA:0,(anonymous_1)
FNDA:0,(anonymous_2)
FNDA:0,(anonymous_3)
FNDA:0,(anonymous_4)
FNDA:0,(anonymous_5)
FNDA:0,(anonymous_6)
FNDA:0,(anonymous_7)
FNDA:0,(anonymous_8)
FNDA:0,(anonymous_9)
FNDA:0,(anonymous_10)
FNDA:0,(anonymous_11)
FNDA:0,(anonymous_12)
FNDA:0,(anonymous_13)
FNDA:0,(anonymous_14)
FNDA:0,(anonymous_15)
FNDA:0,(anonymous_16)
FNDA:0,(anonymous_17)
FNDA:0,(anonymous_18)
FNDA:0,(anonymous_19)
FNDA:0,(anonymous_20)
FNDA:0,(anonymous_21)
FNDA:0,(anonymous_22)
FNDA:0,(anonymous_23)
FNDA:0,(anonymous_24)
FNDA:0,(anonymous_25)
FNDA:0,(anonymous_26)
FNDA:0,(anonymous_27)
FNDA:0,(anonymous_28)
FNDA:0,(anonymous_29)
FNDA:0,(anonymous_30)
FNDA:0,(anonymous_31)
FNDA:0,(anonymous_32)
FNDA:0,(anonymous_33)
FNDA:0,(anonymous_34)
FNDA:0,(anonymous_35)
FNDA:0,(anonymous_36)
FNDA:0,(anonymous_37)
FNDA:0,(anonymous_38)
FNDA:0,(anonymous_39)
FNDA:0,(anonymous_40)
FNDA:0,(anonymous_41)
FNDA:0,(anonymous_42)
FNDA:0,(anonymous_43)
FNDA:0,(anonymous_44)
FNDA:0,(anonymous_45)
FNDA:0,(anonymous_46)
FNDA:0,(anonymous_47)
FNDA:0,(anonymous_48)
FNDA:0,(anonymous_49)
FNDA:0,(anonymous_50)
FNDA:0,(anonymous_51)
FNDA:0,(anonymous_52)
FNDA:0,(anonymous_53)
FNDA:0,(anonymous_54)
FNDA:0,(anonymous_55)
FNDA:0,(anonymous_56)
FNDA:0,(anonymous_57)
FNDA:0,(anonymous_58)
FNDA:0,(anonymous_59)
FNDA:0,(anonymous_60)
FNDA:0,(anonymous_61)
FNDA:0,(anonymous_62)
FNDA:0,(anonymous_63)
FNDA:0,(anonymous_64)
FNDA:0,(anonymous_65)
FNDA:0,(anonymous_66)
FNDA:0,(anonymous_67)
FNDA:0,(anonymous_68)
FNDA:0,(anonymous_69)
FNDA:0,(anonymous_70)
FNDA:0,(anonymous_71)
FNDA:0,(anonymous_72)
FNDA:0,(anonymous_73)
FNDA:0,(anonymous_74)
FNDA:0,(anonymous_75)
FNDA:0,(anonymous_76)
FNDA:0,(anonymous_77)
FNDA:0,getPhaseBreakdownText
DA:40,0
DA:74,0
DA:108,0
DA:109,0
DA:110,0
DA:112,0
DA:113,0
DA:114,0
DA:115,0
DA:116,0
DA:117,0
DA:118,0
DA:119,0
DA:120,0
DA:121,0
DA:122,0
DA:125,0
DA:126,0
DA:127,0
DA:128,0
DA:129,0
DA:130,0
DA:131,0
DA:132,0
DA:133,0
DA:134,0
DA:135,0
DA:138,0
DA:139,0
DA:142,0
DA:143,0
DA:145,0
DA:146,0
DA:149,0
DA:150,0
DA:151,0
DA:154,0
DA:155,0
DA:156,0
DA:158,0
DA:162,0
DA:163,0
DA:166,0
DA:167,0
DA:168,0
DA:169,0
DA:170,0
DA:171,0
DA:172,0
DA:173,0
DA:174,0
DA:175,0
DA:176,0
DA:177,0
DA:178,0
DA:183,0
DA:184,0
DA:190,0
DA:191,0
DA:192,0
DA:193,0
DA:196,0
DA:197,0
DA:198,0
DA:199,0
DA:200,0
DA:201,0
DA:202,0
DA:203,0
DA:204,0
DA:205,0
DA:206,0
DA:209,0
DA:210,0
DA:219,0
DA:220,0
DA:222,0
DA:223,0
DA:224,0
DA:225,0
DA:226,0
DA:228,0
DA:230,0
DA:245,0
DA:246,0
DA:249,0
DA:250,0
DA:252,0
DA:253,0
DA:257,0
DA:258,0
DA:259,0
DA:260,0
DA:262,0
DA:266,0
DA:267,0
DA:268,0
DA:271,0
DA:276,0
DA:278,0
DA:280,0
DA:281,0
DA:282,0
DA:285,0
DA:288,0
DA:289,0
DA:299,0
DA:301,0
DA:302,0
DA:303,0
DA:304,0
DA:306,0
DA:309,0
DA:310,0
DA:312,0
DA:316,0
DA:323,0
DA:331,0
DA:332,0
DA:336,0
DA:338,0
DA:340,0
DA:342,0
DA:344,0
DA:346,0
DA:348,0
DA:352,0
DA:354,0
DA:355,0
DA:357,0
DA:358,0
DA:359,0
DA:362,0
DA:363,0
DA:364,0
DA:365,0
DA:366,0
DA:369,0
DA:370,0
DA:380,0
DA:381,0
DA:382,0
DA:384,0
DA:385,0
DA:386,0
DA:389,0
DA:390,0
DA:391,0
DA:392,0
DA:393,0
DA:400,0
DA:402,0
DA:403,0
DA:404,0
DA:407,0
DA:408,0
DA:410,0
DA:414,0
DA:415,0
DA:416,0
DA:417,0
DA:418,0
DA:419,0
DA:426,0
DA:427,0
DA:429,0
DA:431,0
DA:433,0
DA:435,0
DA:437,0
DA:439,0
DA:443,0
DA:444,0
DA:446,0
DA:447,0
DA:448,0
DA:450,0
DA:453,0
DA:471,0
DA:472,0
DA:476,0
DA:477,0
DA:480,0
DA:481,0
DA:482,0
DA:485,0
DA:486,0
DA:487,0
DA:488,0
DA:489,0
DA:494,0
DA:495,0
DA:498,0
DA:499,0
DA:500,0
DA:504,0
DA:505,0
DA:506,0
DA:507,0
DA:508,0
DA:509,0
DA:510,0
DA:512,0
DA:513,0
DA:515,0
DA:516,0
DA:520,0
DA:521,0
DA:522,0
DA:523,0
DA:524,0
DA:529,0
DA:530,0
DA:534,0
DA:535,0
DA:536,0
DA:537,0
DA:541,0
DA:542,0
DA:545,0
DA:547,0
DA:549,0
DA:550,0
DA:551,0
DA:552,0
DA:555,0
DA:557,0
DA:558,0
DA:560,0
DA:561,0
DA:565,0
DA:586,0
DA:587,0
DA:588,0
DA:589,0
DA:593,0
DA:594,0
DA:602,0
DA:603,0
DA:604,0
DA:607,0
DA:608,0
DA:610,0
DA:612,0
DA:619,0
DA:634,0
DA:636,0
DA:638,0
DA:649,0
DA:652,0
DA:658,0
DA:662,0
DA:681,0
DA:683,0
DA:689,0
DA:690,0
DA:693,0
DA:694,0
DA:698,0
DA:701,0
DA:702,0
DA:703,0
DA:704,0
DA:705,0
DA:707,0
DA:708,0
DA:709,0
DA:710,0
DA:711,0
DA:712,0
DA:717,0
DA:720,0
DA:724,0
DA:731,0
DA:737,0
DA:738,0
DA:744,0
DA:747,0
DA:756,0
DA:762,0
DA:763,0
DA:764,0
DA:765,0
DA:768,0
DA:771,0
DA:774,0
DA:777,0
DA:782,0
DA:783,0
DA:786,0
DA:790,0
DA:793,0
DA:798,0
DA:801,0
DA:802,0
DA:804,0
DA:805,0
DA:806,0
DA:807,0
DA:808,0
DA:809,0
DA:810,0
DA:812,0
DA:816,0
DA:821,0
DA:822,0
DA:828,0
DA:833,0
DA:834,0
DA:839,0
DA:840,0
DA:841,0
DA:845,0
DA:846,0
DA:848,0
DA:850,0
DA:852,0
DA:854,0
DA:859,0
DA:860,0
DA:869,0
DA:870,0
DA:871,0
DA:875,0
DA:878,0
DA:890,0
DA:969,0
DA:1027,0
DA:1045,0
DA:1063,0
DA:1086,0
DA:1104,0
DA:1122,0
DA:1153,0
DA:1172,0
DA:1178,0
DA:1203,0
DA:1227,0
DA:1260,0
DA:1265,0
DA:1284,0
DA:1315,0
DA:1342,0
DA:1356,0
DA:1392,0
DA:1461,0
DA:1473,0
DA:1479,0
DA:1497,0
DA:1512,0
DA:1556,0
DA:1563,0
DA:1571,0
DA:1588,0
DA:1615,0
DA:1617,0
DA:1626,0
DA:1634,0
DA:1642,0
DA:1650,0
DA:1661,0
LF:361
LH:0
BRDA:150,0,0,0
BRDA:150,0,1,0
BRDA:167,1,0,0
BRDA:167,1,1,0
BRDA:169,2,0,0
BRDA:169,2,1,0
BRDA:171,3,0,0
BRDA:171,3,1,0
BRDA:172,4,0,0
BRDA:172,4,1,0
BRDA:173,5,0,0
BRDA:173,5,1,0
BRDA:174,6,0,0
BRDA:174,6,1,0
BRDA:175,7,0,0
BRDA:175,7,1,0
BRDA:176,8,0,0
BRDA:176,8,1,0
BRDA:177,9,0,0
BRDA:177,9,1,0
BRDA:178,10,0,0
BRDA:178,10,1,0
BRDA:191,11,0,0
BRDA:191,11,1,0
BRDA:214,12,0,0
BRDA:214,12,1,0
BRDA:223,13,0,0
BRDA:223,13,1,0
BRDA:223,14,0,0
BRDA:223,14,1,0
BRDA:259,15,0,0
BRDA:259,15,1,0
BRDA:280,16,0,0
BRDA:280,16,1,0
BRDA:280,16,2,0
BRDA:281,17,0,0
BRDA:281,17,1,0
BRDA:282,18,0,0
BRDA:282,18,1,0
BRDA:299,19,0,0
BRDA:299,19,1,0
BRDA:301,20,0,0
BRDA:301,20,1,0
BRDA:323,21,0,0
BRDA:323,21,1,0
BRDA:323,22,0,0
BRDA:323,22,1,0
BRDA:325,23,0,0
BRDA:325,23,1,0
BRDA:325,24,0,0
BRDA:325,24,1,0
BRDA:327,25,0,0
BRDA:327,25,1,0
BRDA:332,26,0,0
BRDA:332,26,1,0
BRDA:332,27,0,0
BRDA:332,27,1,0
BRDA:336,28,0,0
BRDA:336,28,1,0
BRDA:336,28,2,0
BRDA:336,28,3,0
BRDA:336,28,4,0
BRDA:336,28,5,0
BRDA:355,29,0,0
BRDA:355,29,1,0
BRDA:357,30,0,0
BRDA:357,30,1,0
BRDA:374,31,0,0
BRDA:374,31,1,0
BRDA:384,32,0,0
BRDA:384,32,1,0
BRDA:389,33,0,0
BRDA:389,33,1,0
BRDA:389,34,0,0
BRDA:389,34,1,0
BRDA:394,35,0,0
BRDA:394,35,1,0
BRDA:417,36,0,0
BRDA:417,36,1,0
BRDA:421,37,0,0
BRDA:421,37,1,0
BRDA:427,38,0,0
BRDA:427,38,1,0
BRDA:427,38,2,0
BRDA:427,38,3,0
BRDA:427,38,4,0
BRDA:427,38,5,0
BRDA:444,39,0,0
BRDA:444,39,1,0
BRDA:458,40,0,0
BRDA:458,40,1,0
BRDA:465,41,0,0
BRDA:465,41,1,0
BRDA:487,42,0,0
BRDA:487,42,1,0
BRDA:487,43,0,0
BRDA:487,43,1,0
BRDA:489,44,0,0
BRDA:489,44,1,0
BRDA:504,45,0,0
BRDA:508,46,0,0
BRDA:508,46,1,0
BRDA:520,47,0,0
BRDA:521,48,0,0
BRDA:521,48,1,0
BRDA:523,49,0,0
BRDA:523,49,1,0
BRDA:535,50,0,0
BRDA:535,50,1,0
BRDA:541,51,0,0
BRDA:541,51,1,0
BRDA:550,52,0,0
BRDA:550,52,1,0
BRDA:552,53,0,0
BRDA:552,53,1,0
BRDA:552,53,2,0
BRDA:573,54,0,0
BRDA:573,54,1,0
BRDA:574,55,0,0
BRDA:574,55,1,0
BRDA:577,56,0,0
BRDA:577,56,1,0
BRDA:577,57,0,0
BRDA:577,57,1,0
BRDA:579,58,0,0
BRDA:579,58,1,0
BRDA:586,59,0,0
BRDA:586,59,1,0
BRDA:607,60,0,0
BRDA:607,60,1,0
BRDA:607,61,0,0
BRDA:607,61,1,0
BRDA:607,61,2,0
BRDA:610,62,0,0
BRDA:610,62,1,0
BRDA:626,63,0,0
BRDA:626,63,1,0
BRDA:627,64,0,0
BRDA:627,64,1,0
BRDA:636,65,0,0
BRDA:636,65,1,0
BRDA:670,66,0,0
BRDA:670,66,1,0
BRDA:671,67,0,0
BRDA:671,67,1,0
BRDA:677,68,0,0
BRDA:677,68,1,0
BRDA:681,69,0,0
BRDA:681,69,1,0
BRDA:694,70,0,0
BRDA:694,70,1,0
BRDA:694,71,0,0
BRDA:694,71,1,0
BRDA:701,72,0,0
BRDA:701,72,1,0
BRDA:707,73,0,0
BRDA:707,73,1,0
BRDA:707,74,0,0
BRDA:707,74,1,0
BRDA:711,75,0,0
BRDA:711,75,1,0
BRDA:762,76,0,0
BRDA:762,76,1,0
BRDA:765,77,0,0
BRDA:765,77,1,0
BRDA:765,78,0,0
BRDA:765,78,1,0
BRDA:804,79,0,0
BRDA:804,79,1,0
BRDA:805,80,0,0
BRDA:805,80,1,0
BRDA:808,81,0,0
BRDA:808,81,1,0
BRDA:833,82,0,0
BRDA:833,82,1,0
BRDA:841,83,0,0
BRDA:841,83,1,0
BRDA:841,83,2,0
BRDA:846,84,0,0
BRDA:846,84,1,0
BRDA:846,84,2,0
BRDA:846,84,3,0
BRDA:870,85,0,0
BRDA:870,85,1,0
BRDA:870,86,0,0
BRDA:870,86,1,0
BRDA:881,87,0,0
BRDA:881,87,1,0
BRDA:882,88,0,0
BRDA:882,88,1,0
BRDA:886,89,0,0
BRDA:886,89,1,0
BRDA:887,90,0,0
BRDA:887,90,1,0
BRDA:888,91,0,0
BRDA:888,91,1,0
BRDA:891,92,0,0
BRDA:891,92,1,0
BRDA:930,93,0,0
BRDA:930,93,1,0
BRDA:938,94,0,0
BRDA:938,94,1,0
BRDA:940,95,0,0
BRDA:940,95,1,0
BRDA:944,96,0,0
BRDA:944,96,1,0
BRDA:1009,97,0,0
BRDA:1009,97,1,0
BRDA:1024,98,0,0
BRDA:1024,98,1,0
BRDA:1025,99,0,0
BRDA:1025,99,1,0
BRDA:1032,100,0,0
BRDA:1032,100,1,0
BRDA:1042,101,0,0
BRDA:1042,101,1,0
BRDA:1043,102,0,0
BRDA:1043,102,1,0
BRDA:1050,103,0,0
BRDA:1050,103,1,0
BRDA:1060,104,0,0
BRDA:1060,104,1,0
BRDA:1061,105,0,0
BRDA:1061,105,1,0
BRDA:1068,106,0,0
BRDA:1068,106,1,0
BRDA:1083,107,0,0
BRDA:1083,107,1,0
BRDA:1084,108,0,0
BRDA:1084,108,1,0
BRDA:1091,109,0,0
BRDA:1091,109,1,0
BRDA:1101,110,0,0
BRDA:1101,110,1,0
BRDA:1102,111,0,0
BRDA:1102,111,1,0
BRDA:1109,112,0,0
BRDA:1109,112,1,0
BRDA:1119,113,0,0
BRDA:1119,113,1,0
BRDA:1120,114,0,0
BRDA:1120,114,1,0
BRDA:1127,115,0,0
BRDA:1127,115,1,0
BRDA:1136,116,0,0
BRDA:1136,116,1,0
BRDA:1136,116,2,0
BRDA:1151,117,0,0
BRDA:1151,117,1,0
BRDA:1158,118,0,0
BRDA:1158,118,1,0
BRDA:1165,119,0,0
BRDA:1165,119,1,0
BRDA:1176,120,0,0
BRDA:1176,120,1,0
BRDA:1182,121,0,0
BRDA:1182,121,1,0
BRDA:1201,122,0,0
BRDA:1201,122,1,0
BRDA:1208,123,0,0
BRDA:1208,123,1,0
BRDA:1214,124,0,0
BRDA:1214,124,1,0
BRDA:1246,125,0,0
BRDA:1246,125,1,0
BRDA:1251,126,0,0
BRDA:1251,126,1,0
BRDA:1260,127,0,0
BRDA:1260,127,1,0
BRDA:1265,128,0,0
BRDA:1265,128,1,0
BRDA:1269,129,0,0
BRDA:1269,129,1,0
BRDA:1272,130,0,0
BRDA:1272,130,1,0
BRDA:1287,131,0,0
BRDA:1287,131,1,0
BRDA:1289,132,0,0
BRDA:1289,132,1,0
BRDA:1292,133,0,0
BRDA:1292,133,1,0
BRDA:1297,134,0,0
BRDA:1297,134,1,0
BRDA:1308,135,0,0
BRDA:1308,135,1,0
BRDA:1308,135,2,0
BRDA:1320,136,0,0
BRDA:1320,136,1,0
BRDA:1331,137,0,0
BRDA:1331,137,1,0
BRDA:1358,138,0,0
BRDA:1358,138,1,0
BRDA:1358,138,2,0
BRDA:1363,139,0,0
BRDA:1363,139,1,0
BRDA:1363,139,2,0
BRDA:1369,140,0,0
BRDA:1369,140,1,0
BRDA:1379,141,0,0
BRDA:1379,141,1,0
BRDA:1382,142,0,0
BRDA:1382,142,1,0
BRDA:1385,143,0,0
BRDA:1385,143,1,0
BRDA:1423,144,0,0
BRDA:1423,144,1,0
BRDA:1424,145,0,0
BRDA:1424,145,1,0
BRDA:1425,146,0,0
BRDA:1425,146,1,0
BRDA:1433,147,0,0
BRDA:1433,147,1,0
BRDA:1433,148,0,0
BRDA:1433,148,1,0
BRDA:1433,148,2,0
BRDA:1450,149,0,0
BRDA:1450,149,1,0
BRDA:1453,150,0,0
BRDA:1453,150,1,0
BRDA:1453,151,0,0
BRDA:1453,151,1,0
BRDA:1466,152,0,0
BRDA:1466,152,1,0
BRDA:1470,153,0,0
BRDA:1470,153,1,0
BRDA:1470,154,0,0
BRDA:1470,154,1,0
BRDA:1477,155,0,0
BRDA:1477,155,1,0
BRDA:1484,156,0,0
BRDA:1484,156,1,0
BRDA:1496,157,0,0
BRDA:1496,157,1,0
BRDA:1501,158,0,0
BRDA:1501,158,1,0
BRDA:1538,159,0,0
BRDA:1538,159,1,0
BRDA:1546,160,0,0
BRDA:1546,160,1,0
BRDA:1567,161,0,0
BRDA:1567,161,1,0
BRDA:1567,161,2,0
BRDA:1615,162,0,0
BRDA:1615,162,1,0
BRDA:1615,162,2,0
BRDA:1615,162,3,0
BRDA:1615,162,4,0
BRF:347
BRH:0
end_of_record
TN:
SF:app/focus.tsx
FN:32,FocusScreen
FN:60,(anonymous_1)
FN:93,(anonymous_2)
FN:99,(anonymous_3)
FN:102,(anonymous_4)
FN:164,(anonymous_5)
FN:196,(anonymous_6)
FN:212,(anonymous_7)
FN:225,(anonymous_8)
FN:233,(anonymous_9)
FN:235,(anonymous_10)
FN:245,(anonymous_11)
FN:254,(anonymous_12)
FN:297,(anonymous_13)
FN:301,(anonymous_14)
FN:322,(anonymous_15)
FN:328,(anonymous_16)
FN:343,(anonymous_17)
FN:353,(anonymous_18)
FN:363,(anonymous_19)
FN:372,(anonymous_20)
FN:409,(anonymous_21)
FN:419,(anonymous_22)
FN:432,(anonymous_23)
FN:438,(anonymous_24)
FN:457,(anonymous_25)
FN:477,(anonymous_26)
FN:498,(anonymous_27)
FN:499,(anonymous_28)
FNF:29
FNH:0
FNDA:0,FocusScreen
FNDA:0,(anonymous_1)
FNDA:0,(anonymous_2)
FNDA:0,(anonymous_3)
FNDA:0,(anonymous_4)
FNDA:0,(anonymous_5)
FNDA:0,(anonymous_6)
FNDA:0,(anonymous_7)
FNDA:0,(anonymous_8)
FNDA:0,(anonymous_9)
FNDA:0,(anonymous_10)
FNDA:0,(anonymous_11)
FNDA:0,(anonymous_12)
FNDA:0,(anonymous_13)
FNDA:0,(anonymous_14)
FNDA:0,(anonymous_15)
FNDA:0,(anonymous_16)
FNDA:0,(anonymous_17)
FNDA:0,(anonymous_18)
FNDA:0,(anonymous_19)
FNDA:0,(anonymous_20)
FNDA:0,(anonymous_21)
FNDA:0,(anonymous_22)
FNDA:0,(anonymous_23)
FNDA:0,(anonymous_24)
FNDA:0,(anonymous_25)
FNDA:0,(anonymous_26)
FNDA:0,(anonymous_27)
FNDA:0,(anonymous_28)
DA:23,0
DA:24,0
DA:25,0
DA:26,0
DA:28,0
DA:33,0
DA:34,0
DA:35,0
DA:37,0
DA:38,0
DA:39,0
DA:54,0
DA:56,0
DA:57,0
DA:60,0
DA:61,0
DA:63,0
DA:66,0
DA:68,0
DA:71,0
DA:72,0
DA:75,0
DA:77,0
DA:78,0
DA:80,0
DA:81,0
DA:82,0
DA:83,0
DA:84,0
DA:87,0
DA:88,0
DA:91,0
DA:93,0
DA:94,0
DA:95,0
DA:96,0
DA:99,0
DA:100,0
DA:101,0
DA:102,0
DA:103,0
DA:107,0
DA:108,0
DA:109,0
DA:110,0
DA:113,0
DA:116,0
DA:117,0
DA:118,0
DA:119,0
DA:124,0
DA:125,0
DA:126,0
DA:128,0
DA:131,0
DA:132,0
DA:134,0
DA:135,0
DA:138,0
DA:164,0
DA:165,0
DA:166,0
DA:167,0
DA:171,0
DA:173,0
DA:174,0
DA:175,0
DA:176,0
DA:180,0
DA:182,0
DA:196,0
DA:197,0
DA:198,0
DA:200,0
DA:201,0
DA:212,0
DA:213,0
DA:214,0
DA:215,0
DA:217,0
DA:218,0
DA:220,0
DA:221,0
DA:225,0
DA:233,0
DA:234,0
DA:235,0
DA:236,0
DA:239,0
DA:240,0
DA:241,0
DA:245,0
DA:246,0
DA:247,0
DA:248,0
DA:254,0
DA:255,0
DA:256,0
DA:259,0
DA:260,0
DA:261,0
DA:263,0
DA:268,0
DA:271,0
DA:272,0
DA:273,0
DA:275,0
DA:276,0
DA:283,0
DA:285,0
DA:290,0
DA:297,0
DA:302,0
DA:315,0
DA:317,0
DA:322,0
DA:323,0
DA:324,0
DA:328,0
DA:329,0
DA:330,0
DA:331,0
DA:332,0
DA:335,0
DA:336,0
DA:338,0
DA:339,0
DA:343,0
DA:344,0
DA:345,0
DA:346,0
DA:348,0
DA:349,0
DA:353,0
DA:354,0
DA:355,0
DA:356,0
DA:358,0
DA:359,0
DA:363,0
DA:364,0
DA:365,0
DA:373,0
DA:376,0
DA:377,0
DA:378,0
DA:379,0
DA:381,0
DA:382,0
DA:383,0
DA:390,0
DA:392,0
DA:397,0
DA:398,0
DA:404,0
DA:405,0
DA:409,0
DA:410,0
DA:411,0
DA:420,0
DA:421,0
DA:427,0
DA:428,0
DA:432,0
DA:433,0
DA:434,0
DA:435,0
DA:438,0
DA:439,0
DA:441,0
DA:443,0
DA:445,0
DA:447,0
DA:449,0
DA:451,0
DA:453,0
DA:457,0
DA:458,0
DA:460,0
DA:462,0
DA:464,0
DA:466,0
DA:468,0
DA:470,0
DA:472,0
DA:477,0
DA:478,0
DA:479,0
DA:482,0
DA:483,0
DA:493,0
DA:499,0
DA:615,0
LF:193
LH:0
BRDA:24,0,0,0
BRDA:24,0,1,0
BRDA:35,1,0,0
BRDA:35,1,1,0
BRDA:61,2,0,0
BRDA:61,2,1,0
BRDA:66,3,0,0
BRDA:66,3,1,0
BRDA:75,4,0,0
BRDA:75,4,1,0
BRDA:78,5,0,0
BRDA:78,5,1,0
BRDA:94,6,0,0
BRDA:94,6,1,0
BRDA:94,7,0,0
BRDA:94,7,1,0
BRDA:100,8,0,0
BRDA:100,8,1,0
BRDA:109,9,0,0
BRDA:109,9,1,0
BRDA:110,10,0,0
BRDA:110,10,1,0
BRDA:116,11,0,0
BRDA:116,11,1,0
BRDA:118,12,0,0
BRDA:118,12,1,0
BRDA:118,13,0,0
BRDA:118,13,1,0
BRDA:124,14,0,0
BRDA:124,14,1,0
BRDA:131,15,0,0
BRDA:131,15,1,0
BRDA:131,15,2,0
BRDA:131,16,0,0
BRDA:131,16,1,0
BRDA:134,17,0,0
BRDA:134,17,1,0
BRDA:134,18,0,0
BRDA:134,18,1,0
BRDA:141,19,0,0
BRDA:141,19,1,0
BRDA:158,20,0,0
BRDA:158,20,1,0
BRDA:159,21,0,0
BRDA:159,21,1,0
BRDA:160,22,0,0
BRDA:160,22,1,0
BRDA:165,23,0,0
BRDA:165,23,1,0
BRDA:171,24,0,0
BRDA:171,24,1,0
BRDA:173,25,0,0
BRDA:173,25,1,0
BRDA:175,26,0,0
BRDA:175,26,1,0
BRDA:175,27,0,0
BRDA:175,27,1,0
BRDA:200,28,0,0
BRDA:200,28,1,0
BRDA:213,29,0,0
BRDA:213,29,1,0
BRDA:213,30,0,0
BRDA:213,30,1,0
BRDA:213,30,2,0
BRDA:214,31,0,0
BRDA:214,31,1,0
BRDA:234,32,0,0
BRDA:234,32,1,0
BRDA:234,33,0,0
BRDA:234,33,1,0
BRDA:239,34,0,0
BRDA:239,34,1,0
BRDA:246,35,0,0
BRDA:246,35,1,0
BRDA:256,36,0,0
BRDA:256,36,1,0
BRDA:259,37,0,0
BRDA:259,37,1,0
BRDA:259,38,0,0
BRDA:259,38,1,0
BRDA:271,39,0,0
BRDA:271,39,1,0
BRDA:271,40,0,0
BRDA:271,40,1,0
BRDA:271,40,2,0
BRDA:307,41,0,0
BRDA:307,41,1,0
BRDA:323,42,0,0
BRDA:323,42,1,0
BRDA:323,43,0,0
BRDA:323,43,1,0
BRDA:330,44,0,0
BRDA:330,44,1,0
BRDA:376,45,0,0
BRDA:376,45,1,0
BRDA:376,46,0,0
BRDA:376,46,1,0
BRDA:376,46,2,0
BRDA:381,47,0,0
BRDA:381,47,1,0
BRDA:439,48,0,0
BRDA:439,48,1,0
BRDA:439,48,2,0
BRDA:439,48,3,0
BRDA:439,48,4,0
BRDA:439,48,5,0
BRDA:439,48,6,0
BRDA:458,49,0,0
BRDA:458,49,1,0
BRDA:458,49,2,0
BRDA:458,49,3,0
BRDA:458,49,4,0
BRDA:458,49,5,0
BRDA:458,49,6,0
BRDA:478,50,0,0
BRDA:478,50,1,0
BRDA:482,51,0,0
BRDA:482,51,1,0
BRDA:510,52,0,0
BRDA:510,52,1,0
BRDA:518,53,0,0
BRDA:518,53,1,0
BRDA:522,54,0,0
BRDA:522,54,1,0
BRDA:529,55,0,0
BRDA:529,55,1,0
BRDA:543,56,0,0
BRDA:543,56,1,0
BRDA:567,57,0,0
BRDA:567,57,1,0
BRDA:568,58,0,0
BRDA:568,58,1,0
BRDA:576,59,0,0
BRDA:576,59,1,0
BRDA:580,60,0,0
BRDA:580,60,1,0
BRDA:600,61,0,0
BRDA:600,61,1,0
BRF:138
BRH:0
end_of_record
TN:
SF:app/learning-feedback.tsx
FN:43,LearningFeedbackScreen
FN:60,(anonymous_1)
FN:63,(anonymous_2)
FN:72,(anonymous_3)
FN:84,(anonymous_4)
FN:102,(anonymous_5)
FN:130,(anonymous_6)
FN:145,(anonymous_7)
FN:184,(anonymous_8)
FN:210,(anonymous_9)
FN:219,(anonymous_10)
FN:220,(anonymous_11)
FN:225,(anonymous_12)
FN:242,(anonymous_13)
FN:243,(anonymous_14)
FN:253,(anonymous_15)
FN:267,(anonymous_16)
FN:268,(anonymous_17)
FN:272,(anonymous_18)
FN:312,(anonymous_19)
FN:313,(anonymous_20)
FN:376,(anonymous_21)
FN:384,(anonymous_22)
FN:384,(anonymous_23)
FNF:24
FNH:0
FNDA:0,LearningFeedbackScreen
FNDA:0,(anonymous_1)
FNDA:0,(anonymous_2)
FNDA:0,(anonymous_3)
FNDA:0,(anonymous_4)
FNDA:0,(anonymous_5)
FNDA:0,(anonymous_6)
FNDA:0,(anonymous_7)
FNDA:0,(anonymous_8)
FNDA:0,(anonymous_9)
FNDA:0,(anonymous_10)
FNDA:0,(anonymous_11)
FNDA:0,(anonymous_12)
FNDA:0,(anonymous_13)
FNDA:0,(anonymous_14)
FNDA:0,(anonymous_15)
FNDA:0,(anonymous_16)
FNDA:0,(anonymous_17)
FNDA:0,(anonymous_18)
FNDA:0,(anonymous_19)
FNDA:0,(anonymous_20)
FNDA:0,(anonymous_21)
FNDA:0,(anonymous_22)
FNDA:0,(anonymous_23)
DA:44,0
DA:45,0
DA:47,0
DA:48,0
DA:49,0
DA:50,0
DA:51,0
DA:52,0
DA:53,0
DA:54,0
DA:56,0
DA:57,0
DA:58,0
DA:60,0
DA:62,0
DA:63,0
DA:64,0
DA:70,0
DA:72,0
DA:73,0
DA:74,0
DA:84,0
DA:85,0
DA:86,0
DA:87,0
DA:90,0
DA:92,0
DA:94,0
DA:95,0
DA:97,0
DA:98,0
DA:101,0
DA:102,0
DA:103,0
DA:105,0
DA:107,0
DA:108,0
DA:113,0
DA:119,0
DA:123,0
DA:124,0
DA:126,0
DA:130,0
DA:131,0
DA:132,0
DA:133,0
DA:136,0
DA:137,0
DA:138,0
DA:141,0
DA:143,0
DA:145,0
DA:151,0
DA:158,0
DA:159,0
DA:162,0
DA:173,0
DA:178,0
DA:180,0
DA:184,0
DA:185,0
DA:186,0
DA:187,0
DA:190,0
DA:191,0
DA:192,0
DA:198,0
DA:199,0
DA:200,0
DA:202,0
DA:206,0
DA:210,0
DA:212,0
DA:215,0
DA:219,0
DA:220,0
DA:225,0
DA:226,0
DA:227,0
DA:228,0
DA:230,0
DA:231,0
DA:233,0
DA:236,0
DA:237,0
DA:243,0
DA:253,0
DA:261,0
DA:262,0
DA:268,0
DA:273,0
DA:307,0
DA:313,0
DA:377,0
DA:384,0
DA:415,0
LF:96
LH:0
BRDA:62,0,0,0
BRDA:62,0,1,0
BRDA:66,1,0,0
BRDA:66,1,1,0
BRDA:70,2,0,0
BRDA:70,2,1,0
BRDA:73,3,0,0
BRDA:73,3,1,0
BRDA:85,4,0,0
BRDA:85,4,1,0
BRDA:97,5,0,0
BRDA:97,5,1,0
BRDA:97,6,0,0
BRDA:97,6,1,0
BRDA:107,7,0,0
BRDA:107,7,1,0
BRDA:131,8,0,0
BRDA:131,8,1,0
BRDA:136,9,0,0
BRDA:136,9,1,0
BRDA:147,10,0,0
BRDA:147,10,1,0
BRDA:185,11,0,0
BRDA:185,11,1,0
BRDA:191,12,0,0
BRDA:191,12,1,0
BRDA:198,13,0,0
BRDA:198,13,1,0
BRDA:230,14,0,0
BRDA:230,14,1,0
BRDA:236,15,0,0
BRDA:236,15,1,0
BRDA:261,16,0,0
BRDA:261,16,1,0
BRDA:369,17,0,0
BRDA:369,17,1,0
BRDA:383,18,0,0
BRDA:383,18,1,0
BRDA:536,19,0,0
BRDA:536,19,1,0
BRF:40
BRH:0
end_of_record
TN:
SF:app/modal.tsx
FN:4,ModalScreen
FNF:1
FNH:0
FNDA:0,ModalScreen
DA:5,0
DA:17,0
LF:2
LH:0
BRDA:12,0,0,0
BRDA:12,0,1,0
BRF:2
BRH:0
end_of_record
TN:
SF:app/onboarding.tsx
FN:23,OnboardingScreen
FN:97,(anonymous_1)
FN:109,(anonymous_2)
FN:121,(anonymous_3)
FN:135,(anonymous_4)
FN:154,(anonymous_5)
FN:173,(anonymous_6)
FN:180,(anonymous_7)
FN:198,(anonymous_8)
FN:202,(anonymous_9)
FN:209,(anonymous_10)
FN:219,(anonymous_11)
FN:220,(anonymous_12)
FN:330,(anonymous_13)
FN:351,(anonymous_14)
FN:352,(anonymous_15)
FN:360,(anonymous_16)
FNF:17
FNH:0
FNDA:0,OnboardingScreen
FNDA:0,(anonymous_1)
FNDA:0,(anonymous_2)
FNDA:0,(anonymous_3)
FNDA:0,(anonymous_4)
FNDA:0,(anonymous_5)
FNDA:0,(anonymous_6)
FNDA:0,(anonymous_7)
FNDA:0,(anonymous_8)
FNDA:0,(anonymous_9)
FNDA:0,(anonymous_10)
FNDA:0,(anonymous_11)
FNDA:0,(anonymous_12)
FNDA:0,(anonymous_13)
FNDA:0,(anonymous_14)
FNDA:0,(anonymous_15)
FNDA:0,(anonymous_16)
DA:24,0
DA:25,0
DA:26,0
DA:27,0
DA:28,0
DA:39,0
DA:41,0
DA:97,0
DA:98,0
DA:99,0
DA:103,0
DA:105,0
DA:109,0
DA:110,0
DA:112,0
DA:113,0
DA:115,0
DA:117,0
DA:121,0
DA:122,0
DA:123,0
DA:124,0
DA:126,0
DA:127,0
DA:128,0
DA:131,0
DA:132,0
DA:135,0
DA:136,0
DA:137,0
DA:139,0
DA:140,0
DA:146,0
DA:154,0
DA:155,0
DA:156,0
DA:158,0
DA:159,0
DA:165,0
DA:173,0
DA:174,0
DA:175,0
DA:181,0
DA:182,0
DA:187,0
DA:198,0
DA:199,0
DA:202,0
DA:204,0
DA:205,0
DA:206,0
DA:209,0
DA:210,0
DA:211,0
DA:270,0
DA:271,0
DA:305,0
DA:307,0
DA:308,0
DA:309,0
DA:310,0
DA:311,0
DA:312,0
DA:313,0
DA:314,0
DA:317,0
DA:330,0
DA:331,0
DA:332,0
DA:333,0
DA:334,0
DA:338,0
DA:351,0
DA:352,0
DA:361,0
DA:374,0
LF:76
LH:0
BRDA:81,0,0,0
BRDA:81,0,1,0
BRDA:85,1,0,0
BRDA:85,1,1,0
BRDA:98,2,0,0
BRDA:98,2,1,0
BRDA:110,3,0,0
BRDA:110,3,1,0
BRDA:113,4,0,0
BRDA:113,4,1,0
BRDA:122,5,0,0
BRDA:122,5,1,0
BRDA:126,6,0,0
BRDA:126,6,1,0
BRDA:139,7,0,0
BRDA:139,7,1,0
BRDA:158,8,0,0
BRDA:158,8,1,0
BRDA:174,9,0,0
BRDA:174,9,1,0
BRDA:210,10,0,0
BRDA:210,10,1,0
BRDA:270,11,0,0
BRDA:270,11,1,0
BRDA:307,12,0,0
BRDA:307,12,1,0
BRDA:309,13,0,0
BRDA:309,13,1,0
BRDA:311,14,0,0
BRDA:311,14,1,0
BRDA:313,15,0,0
BRDA:313,15,1,0
BRDA:333,16,0,0
BRDA:333,16,1,0
BRDA:340,17,0,0
BRDA:340,17,1,0
BRDA:365,18,0,0
BRDA:365,18,1,0
BRF:38
BRH:0
end_of_record
TN:
SF:app/task-detail.tsx
FN:33,TaskDetailScreen
FN:44,(anonymous_1)
FN:47,(anonymous_2)
FN:57,(anonymous_3)
FN:65,(anonymous_4)
FN:69,(anonymous_5)
FN:76,(anonymous_6)
FN:87,(anonymous_7)
FN:97,(anonymous_8)
FN:101,(anonymous_9)
FN:102,(anonymous_10)
FN:113,(anonymous_11)
FN:126,(anonymous_12)
FN:143,(anonymous_13)
FN:162,(anonymous_14)
FN:179,(anonymous_15)
FN:190,(anonymous_16)
FN:199,(anonymous_17)
FN:216,(anonymous_18)
FN:238,(anonymous_19)
FN:375,(anonymous_20)
FN:378,(anonymous_21)
FN:388,(anonymous_22)
FN:392,(anonymous_23)
FN:411,(anonymous_24)
FN:418,(anonymous_25)
FN:441,(anonymous_26)
FN:471,(anonymous_27)
FN:547,(anonymous_28)
FNF:29
FNH:0
FNDA:0,TaskDetailScreen
FNDA:0,(anonymous_1)
FNDA:0,(anonymous_2)
FNDA:0,(anonymous_3)
FNDA:0,(anonymous_4)
FNDA:0,(anonymous_5)
FNDA:0,(anonymous_6)
FNDA:0,(anonymous_7)
FNDA:0,(anonymous_8)
FNDA:0,(anonymous_9)
FNDA:0,(anonymous_10)
FNDA:0,(anonymous_11)
FNDA:0,(anonymous_12)
FNDA:0,(anonymous_13)
FNDA:0,(anonymous_14)
FNDA:0,(anonymous_15)
FNDA:0,(anonymous_16)
FNDA:0,(anonymous_17)
FNDA:0,(anonymous_18)
FNDA:0,(anonymous_19)
FNDA:0,(anonymous_20)
FNDA:0,(anonymous_21)
FNDA:0,(anonymous_22)
FNDA:0,(anonymous_23)
FNDA:0,(anonymous_24)
FNDA:0,(anonymous_25)
FNDA:0,(anonymous_26)
FNDA:0,(anonymous_27)
FNDA:0,(anonymous_28)
DA:34,0
DA:35,0
DA:36,0
DA:38,0
DA:39,0
DA:41,0
DA:42,0
DA:44,0
DA:45,0
DA:47,0
DA:49,0
DA:50,0
DA:57,0
DA:58,0
DA:59,0
DA:65,0
DA:66,0
DA:69,0
DA:70,0
DA:76,0
DA:77,0
DA:88,0
DA:89,0
DA:97,0
DA:98,0
DA:101,0
DA:102,0
DA:103,0
DA:104,0
DA:105,0
DA:107,0
DA:109,0
DA:113,0
DA:114,0
DA:116,0
DA:118,0
DA:120,0
DA:122,0
DA:126,0
DA:127,0
DA:129,0
DA:131,0
DA:133,0
DA:135,0
DA:137,0
DA:139,0
DA:143,0
DA:144,0
DA:146,0
DA:148,0
DA:150,0
DA:152,0
DA:154,0
DA:156,0
DA:158,0
DA:162,0
DA:163,0
DA:165,0
DA:167,0
DA:169,0
DA:171,0
DA:173,0
DA:175,0
DA:179,0
DA:180,0
DA:182,0
DA:190,0
DA:191,0
DA:192,0
DA:196,0
DA:199,0
DA:200,0
DA:202,0
DA:204,0
DA:206,0
DA:208,0
DA:210,0
DA:212,0
DA:216,0
DA:217,0
DA:219,0
DA:221,0
DA:223,0
DA:225,0
DA:227,0
DA:229,0
DA:233,0
DA:239,0
DA:375,0
DA:378,0
DA:388,0
DA:393,0
DA:412,0
DA:418,0
DA:441,0
DA:472,0
DA:547,0
DA:575,0
LF:98
LH:0
BRDA:49,0,0,0
BRDA:49,0,1,0
BRDA:104,1,0,0
BRDA:104,1,1,0
BRDA:114,2,0,0
BRDA:114,2,1,0
BRDA:114,2,2,0
BRDA:114,2,3,0
BRDA:127,3,0,0
BRDA:127,3,1,0
BRDA:127,3,2,0
BRDA:127,3,3,0
BRDA:127,3,4,0
BRDA:127,3,5,0
BRDA:144,4,0,0
BRDA:144,4,1,0
BRDA:144,4,2,0
BRDA:144,4,3,0
BRDA:144,4,4,0
BRDA:144,4,5,0
BRDA:144,4,6,0
BRDA:163,5,0,0
BRDA:163,5,1,0
BRDA:163,5,2,0
BRDA:163,5,3,0
BRDA:163,5,4,0
BRDA:163,5,5,0
BRDA:180,6,0,0
BRDA:180,6,1,0
BRDA:191,7,0,0
BRDA:191,7,1,0
BRDA:191,8,0,0
BRDA:191,8,1,0
BRDA:200,9,0,0
BRDA:200,9,1,0
BRDA:200,9,2,0
BRDA:200,9,3,0
BRDA:200,9,4,0
BRDA:200,9,5,0
BRDA:217,10,0,0
BRDA:217,10,1,0
BRDA:217,10,2,0
BRDA:217,10,3,0
BRDA:217,10,4,0
BRDA:217,10,5,0
BRDA:256,11,0,0
BRDA:256,11,1,0
BRDA:266,12,0,0
BRDA:266,12,1,0
BRDA:272,13,0,0
BRDA:272,13,1,0
BRDA:277,14,0,0
BRDA:277,14,1,0
BRDA:280,15,0,0
BRDA:280,15,1,0
BRDA:286,16,0,0
BRDA:286,16,1,0
BRDA:293,17,0,0
BRDA:293,17,1,0
BRDA:300,18,0,0
BRDA:300,18,1,0
BRDA:303,19,0,0
BRDA:303,19,1,0
BRDA:304,20,0,0
BRDA:304,20,1,0
BRDA:305,21,0,0
BRDA:305,21,1,0
BRDA:313,22,0,0
BRDA:313,22,1,0
BRDA:316,23,0,0
BRDA:316,23,1,0
BRDA:317,24,0,0
BRDA:317,24,1,0
BRDA:318,25,0,0
BRDA:318,25,1,0
BRDA:328,26,0,0
BRDA:328,26,1,0
BRDA:336,27,0,0
BRDA:336,27,1,0
BRDA:339,28,0,0
BRDA:339,28,1,0
BRDA:340,29,0,0
BRDA:340,29,1,0
BRDA:341,30,0,0
BRDA:341,30,1,0
BRDA:342,31,0,0
BRDA:342,31,1,0
BRDA:343,32,0,0
BRDA:343,32,1,0
BRDA:351,33,0,0
BRDA:351,33,1,0
BRDA:358,34,0,0
BRDA:358,34,1,0
BRDA:358,34,2,0
BRDA:363,35,0,0
BRDA:363,35,1,0
BRDA:371,36,0,0
BRDA:371,36,1,0
BRDA:371,36,2,0
BRDA:380,37,0,0
BRDA:380,37,1,0
BRDA:388,38,0,0
BRDA:388,38,1,0
BRDA:388,38,2,0
BRDA:393,39,0,0
BRDA:393,39,1,0
BRDA:409,40,0,0
BRDA:409,40,1,0
BRDA:412,41,0,0
BRDA:412,41,1,0
BRDA:416,42,0,0
BRDA:416,42,1,0
BRDA:420,43,0,0
BRDA:420,43,1,0
BRDA:429,44,0,0
BRDA:429,44,1,0
BRDA:432,45,0,0
BRDA:432,45,1,0
BRDA:434,46,0,0
BRDA:434,46,1,0
BRDA:439,47,0,0
BRDA:439,47,1,0
BRDA:439,47,2,0
BRDA:444,48,0,0
BRDA:444,48,1,0
BRDA:453,49,0,0
BRDA:453,49,1,0
BRDA:453,49,2,0
BRDA:457,50,0,0
BRDA:457,50,1,0
BRDA:465,51,0,0
BRDA:465,51,1,0
BRDA:465,51,2,0
BRDA:465,51,3,0
BRDA:481,52,0,0
BRDA:481,52,1,0
BRDA:481,52,2,0
BRDA:485,53,0,0
BRDA:485,53,1,0
BRDA:489,54,0,0
BRDA:489,54,1,0
BRDA:492,55,0,0
BRDA:492,55,1,0
BRDA:493,56,0,0
BRDA:493,56,1,0
BRDA:494,57,0,0
BRDA:494,57,1,0
BRDA:501,58,0,0
BRDA:501,58,1,0
BRDA:511,59,0,0
BRDA:511,59,1,0
BRDA:511,59,2,0
BRDA:515,60,0,0
BRDA:515,60,1,0
BRDA:545,61,0,0
BRDA:545,61,1,0
BRF:156
BRH:0
end_of_record
TN:
SF:app/(tabs)/_layout.tsx
FN:7,TabLayout
FN:30,(anonymous_1)
FN:38,(anonymous_2)
FN:46,(anonymous_3)
FN:54,(anonymous_4)
FNF:5
FNH:0
FNDA:0,TabLayout
FNDA:0,(anonymous_1)
FNDA:0,(anonymous_2)
FNDA:0,(anonymous_3)
FNDA:0,(anonymous_4)
DA:8,0
DA:10,0
DA:30,0
DA:38,0
DA:46,0
DA:54,0
LF:6
LH:0
BRF:0
BRH:0
end_of_record
TN:
SF:app/(tabs)/index.tsx
FN:24,HomeScreen
FN:31,(anonymous_1)
FN:39,(anonymous_2)
FN:40,(anonymous_3)
FN:41,(anonymous_4)
FN:49,(anonymous_5)
FN:52,(anonymous_6)
FN:58,(anonymous_7)
FN:62,(anonymous_8)
FN:69,(anonymous_9)
FN:76,(anonymous_10)
FN:85,(anonymous_11)
FN:105,(anonymous_12)
FN:116,(anonymous_13)
FN:154,(anonymous_14)
FN:158,(anonymous_15)
FN:159,(anonymous_16)
FN:180,(anonymous_17)
FN:184,(anonymous_18)
FN:185,(anonymous_19)
FNF:20
FNH:0
FNDA:0,HomeScreen
FNDA:0,(anonymous_1)
FNDA:0,(anonymous_2)
FNDA:0,(anonymous_3)
FNDA:0,(anonymous_4)
FNDA:0,(anonymous_5)
FNDA:0,(anonymous_6)
FNDA:0,(anonymous_7)
FNDA:0,(anonymous_8)
FNDA:0,(anonymous_9)
FNDA:0,(anonymous_10)
FNDA:0,(anonymous_11)
FNDA:0,(anonymous_12)
FNDA:0,(anonymous_13)
FNDA:0,(anonymous_14)
FNDA:0,(anonymous_15)
FNDA:0,(anonymous_16)
FNDA:0,(anonymous_17)
FNDA:0,(anonymous_18)
FNDA:0,(anonymous_19)
DA:25,0
DA:26,0
DA:27,0
DA:28,0
DA:30,0
DA:31,0
DA:34,0
DA:37,0
DA:38,0
DA:39,0
DA:41,0
DA:42,0
DA:43,0
DA:49,0
DA:52,0
DA:53,0
DA:54,0
DA:58,0
DA:59,0
DA:62,0
DA:63,0
DA:69,0
DA:70,0
DA:76,0
DA:77,0
DA:80,0
DA:86,0
DA:105,0
DA:116,0
DA:155,0
DA:158,0
DA:181,0
DA:184,0
DA:223,0
LF:34
LH:0
BRDA:42,0,0,0
BRDA:42,0,1,0
BRDA:53,1,0,0
BRDA:53,1,1,0
BRDA:111,2,0,0
BRDA:111,2,1,0
BRDA:153,3,0,0
BRDA:153,3,1,0
BRDA:179,4,0,0
BRDA:179,4,1,0
BRF:10
BRH:0
end_of_record
TN:
SF:app/(tabs)/profile.tsx
FN:40,ProfileScreen
FN:73,(anonymous_1)
FN:77,(anonymous_2)
FN:93,(anonymous_3)
FN:109,(anonymous_4)
FN:114,(anonymous_5)
FN:115,(anonymous_6)
FN:116,(anonymous_7)
FN:117,(anonymous_8)
FN:118,(anonymous_9)
FN:124,(anonymous_10)
FN:129,(anonymous_11)
FN:130,(anonymous_12)
FN:131,(anonymous_13)
FN:137,(anonymous_14)
FN:142,(anonymous_15)
FN:143,(anonymous_16)
FN:144,(anonymous_17)
FN:150,(anonymous_18)
FN:155,(anonymous_19)
FN:156,(anonymous_20)
FN:157,(anonymous_21)
FN:158,(anonymous_22)
FN:165,(anonymous_23)
FN:199,(anonymous_24)
FN:237,(anonymous_25)
FN:244,(anonymous_26)
FN:248,(anonymous_27)
FN:255,(anonymous_28)
FN:263,(anonymous_29)
FN:270,(anonymous_30)
FN:272,(anonymous_31)
FN:273,(anonymous_32)
FN:326,(anonymous_33)
FN:504,(anonymous_34)
FNF:35
FNH:0
FNDA:0,ProfileScreen
FNDA:0,(anonymous_1)
FNDA:0,(anonymous_2)
FNDA:0,(anonymous_3)
FNDA:0,(anonymous_4)
FNDA:0,(anonymous_5)
FNDA:0,(anonymous_6)
FNDA:0,(anonymous_7)
FNDA:0,(anonymous_8)
FNDA:0,(anonymous_9)
FNDA:0,(anonymous_10)
FNDA:0,(anonymous_11)
FNDA:0,(anonymous_12)
FNDA:0,(anonymous_13)
FNDA:0,(anonymous_14)
FNDA:0,(anonymous_15)
FNDA:0,(anonymous_16)
FNDA:0,(anonymous_17)
FNDA:0,(anonymous_18)
FNDA:0,(anonymous_19)
FNDA:0,(anonymous_20)
FNDA:0,(anonymous_21)
FNDA:0,(anonymous_22)
FNDA:0,(anonymous_23)
FNDA:0,(anonymous_24)
FNDA:0,(anonymous_25)
FNDA:0,(anonymous_26)
FNDA:0,(anonymous_27)
FNDA:0,(anonymous_28)
FNDA:0,(anonymous_29)
FNDA:0,(anonymous_30)
FNDA:0,(anonymous_31)
FNDA:0,(anonymous_32)
FNDA:0,(anonymous_33)
FNDA:0,(anonymous_34)
DA:41,0
DA:42,0
DA:70,0
DA:73,0
DA:74,0
DA:77,0
DA:78,0
DA:79,0
DA:80,0
DA:82,0
DA:83,0
DA:89,0
DA:93,0
DA:94,0
DA:95,0
DA:96,0
DA:98,0
DA:99,0
DA:105,0
DA:109,0
DA:110,0
DA:114,0
DA:115,0
DA:116,0
DA:117,0
DA:118,0
DA:124,0
DA:125,0
DA:129,0
DA:130,0
DA:131,0
DA:137,0
DA:138,0
DA:142,0
DA:143,0
DA:144,0
DA:150,0
DA:151,0
DA:155,0
DA:156,0
DA:157,0
DA:158,0
DA:165,0
DA:166,0
DA:168,0
DA:171,0
DA:174,0
DA:177,0
DA:180,0
DA:182,0
DA:189,0
DA:190,0
DA:191,0
DA:192,0
DA:200,0
DA:201,0
DA:203,0
DA:204,0
DA:215,0
DA:219,0
DA:228,0
DA:229,0
DA:237,0
DA:238,0
DA:244,0
DA:248,0
DA:255,0
DA:256,0
DA:263,0
DA:270,0
DA:271,0
DA:272,0
DA:273,0
DA:274,0
DA:275,0
DA:276,0
DA:277,0
DA:278,0
DA:281,0
DA:284,0
DA:326,0
DA:504,0
DA:527,0
LF:83
LH:0
BRDA:78,0,0,0
BRDA:78,0,1,0
BRDA:82,1,0,0
BRDA:82,1,1,0
BRDA:94,2,0,0
BRDA:94,2,1,0
BRDA:98,3,0,0
BRDA:98,3,1,0
BRDA:180,4,0,0
BRDA:180,4,1,0
BRDA:191,5,0,0
BRDA:191,5,1,0
BRDA:427,6,0,0
BRDA:427,6,1,0
BRF:14
BRH:0
end_of_record
TN:
SF:app/(tabs)/stats.tsx
FN:21,StatsScreen
FN:33,(anonymous_1)
FN:39,(anonymous_2)
FN:76,(anonymous_3)
FN:78,(anonymous_4)
FN:134,(anonymous_5)
FN:137,(anonymous_6)
FN:163,(anonymous_7)
FN:171,(anonymous_8)
FN:178,(anonymous_9)
FN:192,(anonymous_10)
FN:206,(anonymous_11)
FN:209,(anonymous_12)
FN:235,(anonymous_13)
FN:243,(anonymous_14)
FN:280,(anonymous_15)
FN:291,(anonymous_16)
FN:302,(anonymous_17)
FN:332,(anonymous_18)
FNF:19
FNH:0
FNDA:0,StatsScreen
FNDA:0,(anonymous_1)
FNDA:0,(anonymous_2)
FNDA:0,(anonymous_3)
FNDA:0,(anonymous_4)
FNDA:0,(anonymous_5)
FNDA:0,(anonymous_6)
FNDA:0,(anonymous_7)
FNDA:0,(anonymous_8)
FNDA:0,(anonymous_9)
FNDA:0,(anonymous_10)
FNDA:0,(anonymous_11)
FNDA:0,(anonymous_12)
FNDA:0,(anonymous_13)
FNDA:0,(anonymous_14)
FNDA:0,(anonymous_15)
FNDA:0,(anonymous_16)
FNDA:0,(anonymous_17)
FNDA:0,(anonymous_18)
DA:22,0
DA:23,0
DA:24,0
DA:26,0
DA:27,0
DA:28,0
DA:30,0
DA:31,0
DA:33,0
DA:34,0
DA:36,0
DA:37,0
DA:39,0
DA:45,0
DA:48,0
DA:57,0
DA:58,0
DA:60,0
DA:61,0
DA:64,0
DA:65,0
DA:69,0
DA:70,0
DA:72,0
DA:76,0
DA:77,0
DA:78,0
DA:79,0
DA:82,0
DA:134,0
DA:135,0
DA:136,0
DA:137,0
DA:138,0
DA:139,0
DA:140,0
DA:141,0
DA:142,0
DA:145,0
DA:163,0
DA:171,0
DA:179,0
DA:192,0
DA:206,0
DA:207,0
DA:208,0
DA:209,0
DA:210,0
DA:211,0
DA:212,0
DA:213,0
DA:214,0
DA:217,0
DA:235,0
DA:243,0
DA:273,0
DA:280,0
DA:291,0
DA:302,0
DA:333,0
DA:349,0
LF:61
LH:0
BRDA:57,0,0,0
BRDA:57,0,1,0
BRDA:57,1,0,0
BRDA:57,1,1,0
BRDA:60,2,0,0
BRDA:60,2,1,0
BRDA:79,3,0,0
BRDA:79,3,1,0
BRDA:142,4,0,0
BRDA:142,4,1,0
BRDA:180,5,0,0
BRDA:180,5,1,0
BRDA:186,6,0,0
BRDA:186,6,1,0
BRDA:192,7,0,0
BRDA:192,7,1,0
BRDA:214,8,0,0
BRDA:214,8,1,0
BRDA:279,9,0,0
BRDA:279,9,1,0
BRDA:283,10,0,0
BRDA:283,10,1,0
BRDA:290,11,0,0
BRDA:290,11,1,0
BRDA:294,12,0,0
BRDA:294,12,1,0
BRDA:301,13,0,0
BRDA:301,13,1,0
BRDA:305,14,0,0
BRDA:305,14,1,0
BRDA:313,15,0,0
BRDA:313,15,1,0
BRDA:314,16,0,0
BRDA:314,16,1,0
BRDA:315,17,0,0
BRDA:315,17,1,0
BRDA:326,18,0,0
BRDA:326,18,1,0
BRDA:331,19,0,0
BRDA:331,19,1,0
BRF:40
BRH:0
end_of_record
TN:
SF:app/(tabs)/tasks.tsx
FN:27,TasksScreen
FN:47,(anonymous_1)
FN:48,(anonymous_2)
FN:51,(anonymous_3)
FN:53,(anonymous_4)
FN:54,(anonymous_5)
FN:71,(anonymous_6)
FN:98,(anonymous_7)
FN:102,(anonymous_8)
FN:113,(anonymous_9)
FN:115,(anonymous_10)
FN:215,(anonymous_11)
FN:245,(anonymous_12)
FN:270,(anonymous_13)
FN:293,(anonymous_14)
FN:300,(anonymous_15)
FN:312,(anonymous_16)
FN:321,(anonymous_17)
FN:331,(anonymous_18)
FN:337,(anonymous_19)
FN:339,(anonymous_20)
FN:342,(anonymous_21)
FN:348,(anonymous_22)
FN:366,(anonymous_23)
FN:408,(anonymous_24)
FN:420,(anonymous_25)
FN:422,(anonymous_26)
FN:427,(anonymous_27)
FN:432,(anonymous_28)
FN:438,(anonymous_29)
FN:441,(anonymous_30)
FN:451,(anonymous_31)
FN:465,(anonymous_32)
FN:466,(anonymous_33)
FN:475,(anonymous_34)
FN:479,(anonymous_35)
FN:492,(anonymous_36)
FN:496,(anonymous_37)
FN:513,(anonymous_38)
FN:516,(anonymous_39)
FN:524,(anonymous_40)
FN:543,(anonymous_41)
FNF:42
FNH:0
FNDA:0,TasksScreen
FNDA:0,(anonymous_1)
FNDA:0,(anonymous_2)
FNDA:0,(anonymous_3)
FNDA:0,(anonymous_4)
FNDA:0,(anonymous_5)
FNDA:0,(anonymous_6)
FNDA:0,(anonymous_7)
FNDA:0,(anonymous_8)
FNDA:0,(anonymous_9)
FNDA:0,(anonymous_10)
FNDA:0,(anonymous_11)
FNDA:0,(anonymous_12)
FNDA:0,(anonymous_13)
FNDA:0,(anonymous_14)
FNDA:0,(anonymous_15)
FNDA:0,(anonymous_16)
FNDA:0,(anonymous_17)
FNDA:0,(anonymous_18)
FNDA:0,(anonymous_19)
FNDA:0,(anonymous_20)
FNDA:0,(anonymous_21)
FNDA:0,(anonymous_22)
FNDA:0,(anonymous_23)
FNDA:0,(anonymous_24)
FNDA:0,(anonymous_25)
FNDA:0,(anonymous_26)
FNDA:0,(anonymous_27)
FNDA:0,(anonymous_28)
FNDA:0,(anonymous_29)
FNDA:0,(anonymous_30)
FNDA:0,(anonymous_31)
FNDA:0,(anonymous_32)
FNDA:0,(anonymous_33)
FNDA:0,(anonymous_34)
FNDA:0,(anonymous_35)
FNDA:0,(anonymous_36)
FNDA:0,(anonymous_37)
FNDA:0,(anonymous_38)
FNDA:0,(anonymous_39)
FNDA:0,(anonymous_40)
FNDA:0,(anonymous_41)
DA:25,0
DA:28,0
DA:29,0
DA:30,0
DA:31,0
DA:34,0
DA:47,0
DA:48,0
DA:49,0
DA:50,0
DA:51,0
DA:53,0
DA:54,0
DA:55,0
DA:57,0
DA:58,0
DA:59,0
DA:61,0
DA:62,0
DA:66,0
DA:68,0
DA:69,0
DA:70,0
DA:71,0
DA:74,0
DA:75,0
DA:76,0
DA:77,0
DA:80,0
DA:81,0
DA:94,0
DA:97,0
DA:98,0
DA:102,0
DA:103,0
DA:104,0
DA:105,0
DA:108,0
DA:111,0
DA:112,0
DA:113,0
DA:114,0
DA:115,0
DA:116,0
DA:118,0
DA:119,0
DA:125,0
DA:126,0
DA:127,0
DA:129,0
DA:130,0
DA:140,0
DA:141,0
DA:153,0
DA:154,0
DA:157,0
DA:158,0
DA:161,0
DA:163,0
DA:179,0
DA:181,0
DA:182,0
DA:183,0
DA:187,0
DA:194,0
DA:197,0
DA:206,0
DA:207,0
DA:211,0
DA:216,0
DA:217,0
DA:229,0
DA:238,0
DA:239,0
DA:241,0
DA:246,0
DA:260,0
DA:261,0
DA:262,0
DA:270,0
DA:271,0
DA:274,0
DA:277,0
DA:285,0
DA:293,0
DA:294,0
DA:300,0
DA:301,0
DA:303,0
DA:312,0
DA:313,0
DA:314,0
DA:315,0
DA:316,0
DA:318,0
DA:319,0
DA:321,0
DA:322,0
DA:328,0
DA:331,0
DA:332,0
DA:333,0
DA:334,0
DA:337,0
DA:338,0
DA:339,0
DA:341,0
DA:343,0
DA:345,0
DA:346,0
DA:347,0
DA:348,0
DA:350,0
DA:354,0
DA:355,0
DA:357,0
DA:358,0
DA:359,0
DA:360,0
DA:361,0
DA:363,0
DA:366,0
DA:367,0
DA:369,0
DA:370,0
DA:371,0
DA:372,0
DA:377,0
DA:378,0
DA:381,0
DA:382,0
DA:385,0
DA:408,0
DA:409,0
DA:411,0
DA:420,0
DA:422,0
DA:424,0
DA:427,0
DA:428,0
DA:429,0
DA:432,0
DA:433,0
DA:434,0
DA:435,0
DA:438,0
DA:439,0
DA:441,0
DA:442,0
DA:443,0
DA:445,0
DA:446,0
DA:448,0
DA:451,0
DA:457,0
DA:458,0
DA:460,0
DA:466,0
DA:475,0
DA:479,0
DA:493,0
DA:496,0
DA:514,0
DA:517,0
DA:525,0
DA:543,0
DA:553,0
LF:167
LH:0
BRDA:55,0,0,0
BRDA:55,0,1,0
BRDA:55,1,0,0
BRDA:55,1,1,0
BRDA:61,2,0,0
BRDA:61,2,1,0
BRDA:66,3,0,0
BRDA:66,3,1,0
BRDA:69,4,0,0
BRDA:69,4,1,0
BRDA:71,5,0,0
BRDA:71,5,1,0
BRDA:74,6,0,0
BRDA:74,6,1,0
BRDA:80,7,0,0
BRDA:80,7,1,0
BRDA:80,8,0,0
BRDA:80,8,1,0
BRDA:108,9,0,0
BRDA:108,9,1,0
BRDA:111,10,0,0
BRDA:111,10,1,0
BRDA:112,11,0,0
BRDA:112,11,1,0
BRDA:112,12,0,0
BRDA:112,12,1,0
BRDA:112,12,2,0
BRDA:114,13,0,0
BRDA:114,13,1,0
BRDA:116,14,0,0
BRDA:116,14,1,0
BRDA:118,15,0,0
BRDA:118,15,1,0
BRDA:118,15,2,0
BRDA:125,16,0,0
BRDA:125,16,1,0
BRDA:125,17,0,0
BRDA:125,17,1,0
BRDA:131,18,0,0
BRDA:131,18,1,0
BRDA:132,19,0,0
BRDA:132,19,1,0
BRDA:135,20,0,0
BRDA:135,20,1,0
BRDA:140,21,0,0
BRDA:140,21,1,0
BRDA:179,22,0,0
BRDA:179,22,1,0
BRDA:179,23,0,0
BRDA:179,23,1,0
BRDA:181,24,0,0
BRDA:181,24,1,0
BRDA:207,25,0,0
BRDA:207,25,1,0
BRDA:208,26,0,0
BRDA:208,26,1,0
BRDA:208,27,0,0
BRDA:208,27,1,0
BRDA:212,28,0,0
BRDA:212,28,1,0
BRDA:215,29,0,0
BRDA:215,29,1,0
BRDA:218,30,0,0
BRDA:218,30,1,0
BRDA:220,31,0,0
BRDA:220,31,1,0
BRDA:223,32,0,0
BRDA:223,32,1,0
BRDA:242,33,0,0
BRDA:242,33,1,0
BRDA:243,34,0,0
BRDA:243,34,1,0
BRDA:245,35,0,0
BRDA:245,35,1,0
BRDA:249,36,0,0
BRDA:249,36,1,0
BRDA:254,37,0,0
BRDA:254,37,1,0
BRDA:263,38,0,0
BRDA:263,38,1,0
BRDA:264,39,0,0
BRDA:264,39,1,0
BRDA:296,40,0,0
BRDA:296,40,1,0
BRDA:301,41,0,0
BRDA:301,41,1,0
BRDA:315,42,0,0
BRDA:315,42,1,0
BRDA:333,43,0,0
BRDA:333,43,1,0
BRDA:345,44,0,0
BRDA:345,44,1,0
BRDA:350,45,0,0
BRDA:350,45,1,0
BRDA:350,46,0,0
BRDA:350,46,1,0
BRDA:358,47,0,0
BRDA:358,47,1,0
BRDA:358,48,0,0
BRDA:358,48,1,0
BRDA:367,49,0,0
BRDA:367,49,1,0
BRDA:369,50,0,0
BRDA:369,50,1,0
BRDA:371,51,0,0
BRDA:371,51,1,0
BRDA:371,52,0,0
BRDA:371,52,1,0
BRDA:377,53,0,0
BRDA:377,53,1,0
BRDA:377,53,2,0
BRDA:378,54,0,0
BRDA:378,54,1,0
BRDA:381,55,0,0
BRDA:381,55,1,0
BRDA:381,56,0,0
BRDA:381,56,1,0
BRDA:409,57,0,0
BRDA:409,57,1,0
BRDA:433,58,0,0
BRDA:433,58,1,0
BRDA:434,59,0,0
BRDA:434,59,1,0
BRDA:445,60,0,0
BRDA:445,60,1,0
BRDA:495,61,0,0
BRDA:495,61,1,0
BRDA:500,62,0,0
BRDA:500,62,1,0
BRDA:532,63,0,0
BRDA:532,63,1,0
BRF:131
BRH:0
end_of_record
TN:
SF:components/Button.tsx
FN:31,Button
FN:45,(anonymous_1)
FN:80,(anonymous_2)
FN:111,(anonymous_3)
FN:129,(anonymous_4)
FNF:5
FNH:0
FNDA:0,Button
FNDA:0,(anonymous_1)
FNDA:0,(anonymous_2)
FNDA:0,(anonymous_3)
FNDA:0,(anonymous_4)
DA:45,0
DA:46,0
DA:49,0
DA:51,0
DA:52,0
DA:54,0
DA:55,0
DA:57,0
DA:61,0
DA:63,0
DA:64,0
DA:66,0
DA:67,0
DA:69,0
DA:73,0
DA:74,0
DA:77,0
DA:80,0
DA:81,0
DA:84,0
DA:86,0
DA:87,0
DA:89,0
DA:90,0
DA:92,0
DA:96,0
DA:98,0
DA:99,0
DA:101,0
DA:102,0
DA:104,0
DA:107,0
DA:111,0
DA:112,0
DA:113,0
DA:116,0
DA:117,0
DA:121,0
DA:122,0
DA:125,0
DA:129,0
DA:135,0
DA:143,0
DA:144,0
DA:146,0
DA:149,0
DA:150,0
DA:153,0
DA:156,0
DA:182,0
LF:50
LH:0
BRDA:34,0,0,0
BRDA:35,1,0,0
BRDA:36,2,0,0
BRDA:37,3,0,0
BRDA:49,4,0,0
BRDA:49,4,1,0
BRDA:49,4,2,0
BRDA:61,5,0,0
BRDA:61,5,1,0
BRDA:61,5,2,0
BRDA:73,6,0,0
BRDA:73,6,1,0
BRDA:73,7,0,0
BRDA:73,7,1,0
BRDA:84,8,0,0
BRDA:84,8,1,0
BRDA:84,8,2,0
BRDA:96,9,0,0
BRDA:96,9,1,0
BRDA:96,9,2,0
BRDA:116,10,0,0
BRDA:116,10,1,0
BRDA:121,11,0,0
BRDA:121,11,1,0
BRDA:138,12,0,0
BRDA:138,12,1,0
BRDA:143,13,0,0
BRDA:143,13,1,0
BRDA:149,14,0,0
BRDA:149,14,1,0
BRDA:160,15,0,0
BRDA:160,15,1,0
BRDA:165,16,0,0
BRDA:165,16,1,0
BRDA:168,17,0,0
BRDA:168,17,1,0
BRF:36
BRH:0
end_of_record
TN:
SF:components/CompanionView.tsx
FN:18,CompanionView
FN:24,(anonymous_1)
FN:50,(anonymous_2)
FNF:3
FNH:0
FNDA:0,CompanionView
FNDA:0,(anonymous_1)
FNDA:0,(anonymous_2)
DA:24,0
DA:25,0
DA:26,0
DA:29,0
DA:30,0
DA:33,0
DA:34,0
DA:35,0
DA:36,0
DA:37,0
DA:38,0
DA:39,0
DA:40,0
DA:41,0
DA:43,0
DA:47,0
DA:50,0
DA:51,0
DA:52,0
DA:55,0
DA:56,0
DA:59,0
DA:60,0
DA:63,0
DA:66,0
DA:103,0
LF:26
LH:0
BRDA:25,0,0,0
BRDA:25,0,1,0
BRDA:25,1,0,0
BRDA:25,1,1,0
BRDA:29,2,0,0
BRDA:29,2,1,0
BRDA:33,3,0,0
BRDA:33,3,1,0
BRDA:34,4,0,0
BRDA:34,4,1,0
BRDA:36,5,0,0
BRDA:36,5,1,0
BRDA:38,6,0,0
BRDA:38,6,1,0
BRDA:40,7,0,0
BRDA:40,7,1,0
BRDA:51,8,0,0
BRDA:51,8,1,0
BRDA:51,9,0,0
BRDA:51,9,1,0
BRDA:55,10,0,0
BRDA:55,10,1,0
BRDA:59,11,0,0
BRDA:59,11,1,0
BRDA:77,12,0,0
BRDA:77,12,1,0
BRDA:84,13,0,0
BRDA:84,13,1,0
BRF:28
BRH:0
end_of_record
TN:
SF:components/DatePicker.tsx
FN:15,DatePicker
FN:25,(anonymous_1)
FN:35,(anonymous_2)
FN:58,(anonymous_3)
FN:64,(anonymous_4)
FN:74,(anonymous_5)
FN:83,(anonymous_6)
FN:89,(anonymous_7)
FN:90,(anonymous_8)
FN:101,(anonymous_9)
FN:114,(anonymous_10)
FN:121,(anonymous_11)
FN:136,(anonymous_12)
FN:141,(anonymous_13)
FN:149,(anonymous_14)
FN:158,(anonymous_15)
FN:166,(anonymous_16)
FN:174,(anonymous_17)
FN:184,(anonymous_18)
FN:207,(anonymous_19)
FN:214,(anonymous_20)
FN:225,(anonymous_21)
FNF:22
FNH:0
FNDA:0,DatePicker
FNDA:0,(anonymous_1)
FNDA:0,(anonymous_2)
FNDA:0,(anonymous_3)
FNDA:0,(anonymous_4)
FNDA:0,(anonymous_5)
FNDA:0,(anonymous_6)
FNDA:0,(anonymous_7)
FNDA:0,(anonymous_8)
FNDA:0,(anonymous_9)
FNDA:0,(anonymous_10)
FNDA:0,(anonymous_11)
FNDA:0,(anonymous_12)
FNDA:0,(anonymous_13)
FNDA:0,(anonymous_14)
FNDA:0,(anonymous_15)
FNDA:0,(anonymous_16)
FNDA:0,(anonymous_17)
FNDA:0,(anonymous_18)
FNDA:0,(anonymous_19)
FNDA:0,(anonymous_20)
FNDA:0,(anonymous_21)
DA:22,0
DA:23,0
DA:25,0
DA:26,0
DA:27,0
DA:35,0
DA:36,0
DA:37,0
DA:38,0
DA:39,0
DA:40,0
DA:41,0
DA:43,0
DA:46,0
DA:47,0
DA:51,0
DA:52,0
DA:55,0
DA:58,0
DA:59,0
DA:60,0
DA:61,0
DA:64,0
DA:65,0
DA:66,0
DA:67,0
DA:74,0
DA:75,0
DA:76,0
DA:83,0
DA:84,0
DA:85,0
DA:86,0
DA:89,0
DA:90,0
DA:91,0
DA:92,0
DA:93,0
DA:95,0
DA:97,0
DA:101,0
DA:102,0
DA:103,0
DA:106,0
DA:107,0
DA:112,0
DA:114,0
DA:122,0
DA:123,0
DA:136,0
DA:141,0
DA:149,0
DA:158,0
DA:167,0
DA:175,0
DA:184,0
DA:207,0
DA:215,0
DA:216,0
DA:217,0
DA:226,0
DA:227,0
DA:228,0
DA:240,0
LF:64
LH:0
BRDA:18,0,0,0
BRDA:59,1,0,0
BRDA:59,1,1,0
BRDA:59,2,0,0
BRDA:59,2,1,0
BRDA:60,3,0,0
BRDA:60,3,1,0
BRDA:60,4,0,0
BRDA:60,4,1,0
BRDA:65,5,0,0
BRDA:65,5,1,0
BRDA:68,6,0,0
BRDA:68,6,1,0
BRDA:68,6,2,0
BRDA:77,7,0,0
BRDA:77,7,1,0
BRDA:77,7,2,0
BRDA:92,8,0,0
BRDA:92,8,1,0
BRDA:116,9,0,0
BRDA:116,9,1,0
BRDA:117,10,0,0
BRDA:117,10,1,0
BRDA:119,11,0,0
BRDA:119,11,1,0
BRDA:176,12,0,0
BRDA:176,12,1,0
BRDA:180,13,0,0
BRDA:180,13,1,0
BRDA:181,14,0,0
BRDA:181,14,1,0
BRDA:181,14,2,0
BRDA:182,15,0,0
BRDA:182,15,1,0
BRDA:190,16,0,0
BRDA:190,16,1,0
BRDA:191,17,0,0
BRDA:191,17,1,0
BRDA:191,17,2,0
BRDA:192,18,0,0
BRDA:192,18,1,0
BRF:41
BRH:0
end_of_record
TN:
SF:components/ErrorBoundary.tsx
FN:19,(anonymous_0)
FN:28,(anonymous_1)
FN:35,(anonymous_2)
FN:45,(anonymous_3)
FN:53,(anonymous_4)
FN:73,(anonymous_5)
FNF:6
FNH:0
FNDA:0,(anonymous_0)
FNDA:0,(anonymous_1)
FNDA:0,(anonymous_2)
FNDA:0,(anonymous_3)
FNDA:0,(anonymous_4)
FNDA:0,(anonymous_5)
DA:20,0
DA:21,0
DA:29,0
DA:36,0
DA:42,0
DA:45,0
DA:46,0
DA:54,0
DA:55,0
DA:56,0
DA:57,0
DA:65,0
DA:68,0
DA:73,0
DA:74,0
DA:76,0
DA:101,0
LF:17
LH:0
BRDA:54,0,0,0
BRDA:54,0,1,0
BRDA:55,1,0,0
BRDA:55,1,1,0
BRF:4
BRH:0
end_of_record
TN:
SF:components/FocusTimer.tsx
FN:13,FocusTimer
FN:21,(anonymous_1)
FNF:2
FNH:0
FNDA:0,FocusTimer
FNDA:0,(anonymous_1)
DA:19,0
DA:21,0
DA:22,0
DA:23,0
DA:30,0
DA:35,0
DA:66,0
LF:7
LH:0
BRDA:22,0,0,0
BRDA:22,0,1,0
BRDA:49,1,0,0
BRDA:49,1,1,0
BRDA:49,2,0,0
BRDA:49,2,1,0
BRDA:51,3,0,0
BRDA:51,3,1,0
BRDA:57,4,0,0
BRDA:57,4,1,0
BRDA:57,5,0,0
BRDA:57,5,1,0
BRDA:57,6,0,0
BRDA:57,6,1,0
BRF:14
BRH:0
end_of_record
TN:
SF:components/LoadingScreen.tsx
FN:14,(anonymous_0)
FN:43,(anonymous_1)
FN:52,(anonymous_2)
FNF:3
FNH:0
FNDA:0,(anonymous_0)
FNDA:0,(anonymous_1)
FNDA:0,(anonymous_2)
DA:14,0
DA:20,0
DA:22,0
DA:24,0
DA:43,0
DA:44,0
DA:52,0
DA:58,0
DA:59,0
DA:61,0
DA:77,0
LF:11
LH:0
BRDA:16,0,0,0
BRDA:17,1,0,0
BRDA:18,2,0,0
BRDA:22,3,0,0
BRDA:22,3,1,0
BRDA:32,4,0,0
BRDA:32,4,1,0
BRDA:54,5,0,0
BRDA:55,6,0,0
BRDA:56,7,0,0
BRDA:59,8,0,0
BRDA:59,8,1,0
BRDA:68,9,0,0
BRDA:68,9,1,0
BRF:14
BRH:0
end_of_record
TN:
SF:components/OnboardingStep.tsx
FN:25,OnboardingStep
FNF:1
FNH:0
FNDA:0,OnboardingStep
DA:36,0
DA:38,0
DA:82,0
LF:3
LH:0
BRDA:33,0,0,0
BRDA:34,1,0,0
BRDA:40,2,0,0
BRDA:40,2,1,0
BRDA:57,3,0,0
BRDA:57,3,1,0
BRDA:67,4,0,0
BRDA:67,4,1,0
BRF:8
BRH:0
end_of_record
TN:
SF:components/ProgressChart.tsx
FN:15,ProgressChart
FN:16,(anonymous_1)
FN:23,(anonymous_2)
FNF:3
FNH:0
FNDA:0,ProgressChart
FNDA:0,(anonymous_1)
FNDA:0,(anonymous_2)
DA:16,0
DA:18,0
DA:24,0
DA:64,0
LF:4
LH:0
BRDA:20,0,0,0
BRDA:20,0,1,0
BRDA:38,1,0,0
BRDA:38,1,1,0
BRF:4
BRH:0
end_of_record
TN:
SF:components/ReflectionModal.tsx
FN:34,ReflectionModal
FN:71,(anonymous_1)
FN:81,(anonymous_2)
FN:138,(anonymous_3)
FN:145,(anonymous_4)
FNF:5
FNH:0
FNDA:0,ReflectionModal
FNDA:0,(anonymous_1)
FNDA:0,(anonymous_2)
FNDA:0,(anonymous_3)
FNDA:0,(anonymous_4)
DA:42,0
DA:43,0
DA:44,0
DA:45,0
DA:46,0
DA:48,0
DA:71,0
DA:72,0
DA:73,0
DA:74,0
DA:76,0
DA:77,0
DA:81,0
DA:82,0
DA:83,0
DA:88,0
DA:89,0
DA:90,0
DA:94,0
DA:139,0
DA:145,0
DA:198,0
LF:22
LH:0
BRDA:51,0,0,0
BRDA:51,0,1,0
BRDA:56,1,0,0
BRDA:56,1,1,0
BRDA:61,2,0,0
BRDA:61,2,1,0
BRDA:66,3,0,0
BRDA:66,3,1,0
BRDA:73,4,0,0
BRDA:73,4,1,0
BRDA:82,5,0,0
BRDA:82,5,1,0
BRDA:85,6,0,0
BRDA:85,6,1,0
BRDA:115,7,0,0
BRDA:115,7,1,0
BRDA:121,8,0,0
BRDA:121,8,1,0
BRDA:131,9,0,0
BRDA:131,9,1,0
BRDA:143,10,0,0
BRDA:143,10,1,0
BRDA:150,11,0,0
BRDA:150,11,1,0
BRDA:158,12,0,0
BRDA:158,12,1,0
BRDA:162,13,0,0
BRDA:162,13,1,0
BRDA:177,14,0,0
BRDA:177,14,1,0
BRDA:184,15,0,0
BRDA:184,15,1,0
BRDA:189,16,0,0
BRDA:189,16,1,0
BRDA:189,16,2,0
BRF:35
BRH:0
end_of_record
TN:
SF:components/ScheduleItem.tsx
FN:35,ScheduleItem
FN:53,(anonymous_1)
FN:83,(anonymous_2)
FN:95,(anonymous_3)
FN:108,(anonymous_4)
FN:122,(anonymous_5)
FN:133,(anonymous_6)
FN:144,(anonymous_7)
FN:182,(anonymous_8)
FN:200,(anonymous_9)
FN:219,(anonymous_10)
FN:238,(anonymous_11)
FN:252,(anonymous_12)
FN:265,(anonymous_13)
FN:333,(anonymous_14)
FNF:15
FNH:0
FNDA:0,ScheduleItem
FNDA:0,(anonymous_1)
FNDA:0,(anonymous_2)
FNDA:0,(anonymous_3)
FNDA:0,(anonymous_4)
FNDA:0,(anonymous_5)
FNDA:0,(anonymous_6)
FNDA:0,(anonymous_7)
FNDA:0,(anonymous_8)
FNDA:0,(anonymous_9)
FNDA:0,(anonymous_10)
FNDA:0,(anonymous_11)
FNDA:0,(anonymous_12)
FNDA:0,(anonymous_13)
FNDA:0,(anonymous_14)
DA:44,0
DA:45,0
DA:46,0
DA:47,0
DA:49,0
DA:50,0
DA:53,0
DA:54,0
DA:55,0
DA:56,0
DA:57,0
DA:58,0
DA:61,0
DA:62,0
DA:66,0
DA:67,0
DA:68,0
DA:73,0
DA:74,0
DA:75,0
DA:76,0
DA:77,0
DA:78,0
DA:83,0
DA:84,0
DA:91,0
DA:95,0
DA:96,0
DA:97,0
DA:99,0
DA:110,0
DA:111,0
DA:118,0
DA:122,0
DA:123,0
DA:134,0
DA:135,0
DA:141,0
DA:144,0
DA:146,0
DA:147,0
DA:150,0
DA:152,0
DA:154,0
DA:156,0
DA:158,0
DA:160,0
DA:162,0
DA:164,0
DA:166,0
DA:170,0
DA:172,0
DA:174,0
DA:176,0
DA:178,0
DA:182,0
DA:183,0
DA:185,0
DA:188,0
DA:190,0
DA:192,0
DA:194,0
DA:196,0
DA:200,0
DA:201,0
DA:203,0
DA:205,0
DA:207,0
DA:209,0
DA:211,0
DA:213,0
DA:215,0
DA:219,0
DA:220,0
DA:221,0
DA:225,0
DA:226,0
DA:230,0
DA:231,0
DA:232,0
DA:233,0
DA:235,0
DA:236,0
DA:238,0
DA:239,0
DA:246,0
DA:249,0
DA:252,0
DA:253,0
DA:255,0
DA:260,0
DA:265,0
DA:266,0
DA:267,0
DA:269,0
DA:272,0
DA:274,0
DA:275,0
DA:277,0
DA:286,0
DA:290,0
DA:333,0
DA:420,0
LF:103
LH:0
BRDA:39,0,0,0
BRDA:54,1,0,0
BRDA:54,1,1,0
BRDA:54,2,0,0
BRDA:54,2,1,0
BRDA:54,2,2,0
BRDA:61,3,0,0
BRDA:61,3,1,0
BRDA:66,4,0,0
BRDA:66,4,1,0
BRDA:73,5,0,0
BRDA:73,5,1,0
BRDA:87,6,0,0
BRDA:87,6,1,0
BRDA:96,7,0,0
BRDA:96,7,1,0
BRDA:100,8,0,0
BRDA:100,8,1,0
BRDA:101,9,0,0
BRDA:101,9,1,0
BRDA:105,10,0,0
BRDA:105,10,1,0
BRDA:107,11,0,0
BRDA:107,11,1,0
BRDA:110,12,0,0
BRDA:110,12,1,0
BRDA:110,13,0,0
BRDA:110,13,1,0
BRDA:124,14,0,0
BRDA:124,14,1,0
BRDA:125,15,0,0
BRDA:125,15,1,0
BRDA:129,16,0,0
BRDA:129,16,1,0
BRDA:131,17,0,0
BRDA:131,17,1,0
BRDA:134,18,0,0
BRDA:134,18,1,0
BRDA:134,19,0,0
BRDA:134,19,1,0
BRDA:146,20,0,0
BRDA:146,20,1,0
BRDA:150,21,0,0
BRDA:150,21,1,0
BRDA:152,22,0,0
BRDA:152,22,1,0
BRDA:152,22,2,0
BRDA:152,22,3,0
BRDA:152,22,4,0
BRDA:152,22,5,0
BRDA:152,22,6,0
BRDA:170,23,0,0
BRDA:170,23,1,0
BRDA:170,23,2,0
BRDA:170,23,3,0
BRDA:183,24,0,0
BRDA:183,24,1,0
BRDA:183,25,0,0
BRDA:183,25,1,0
BRDA:188,26,0,0
BRDA:188,26,1,0
BRDA:188,26,2,0
BRDA:188,26,3,0
BRDA:201,27,0,0
BRDA:201,27,1,0
BRDA:201,27,2,0
BRDA:201,27,3,0
BRDA:201,27,4,0
BRDA:201,27,5,0
BRDA:201,27,6,0
BRDA:220,28,0,0
BRDA:220,28,1,0
BRDA:225,29,0,0
BRDA:225,29,1,0
BRDA:230,30,0,0
BRDA:230,30,1,0
BRDA:253,31,0,0
BRDA:253,31,1,0
BRDA:253,32,0,0
BRDA:253,32,1,0
BRDA:267,33,0,0
BRDA:267,33,1,0
BRDA:272,34,0,0
BRDA:272,34,1,0
BRDA:274,35,0,0
BRDA:274,35,1,0
BRDA:275,36,0,0
BRDA:275,36,1,0
BRDA:296,37,0,0
BRDA:296,37,1,0
BRDA:303,38,0,0
BRDA:303,38,1,0
BRDA:305,39,0,0
BRDA:305,39,1,0
BRDA:308,40,0,0
BRDA:308,40,1,0
BRDA:321,41,0,0
BRDA:321,41,1,0
BRDA:324,42,0,0
BRDA:324,42,1,0
BRDA:330,43,0,0
BRDA:330,43,1,0
BRDA:330,43,2,0
BRDA:340,44,0,0
BRDA:340,44,1,0
BRDA:340,45,0,0
BRDA:340,45,1,0
BRDA:344,46,0,0
BRDA:344,46,1,0
BRDA:344,46,2,0
BRDA:352,47,0,0
BRDA:352,47,1,0
BRDA:355,48,0,0
BRDA:355,48,1,0
BRDA:358,49,0,0
BRDA:358,49,1,0
BRDA:358,49,2,0
BRDA:363,50,0,0
BRDA:363,50,1,0
BRDA:376,51,0,0
BRDA:376,51,1,0
BRDA:376,51,2,0
BRDA:381,52,0,0
BRDA:381,52,1,0
BRDA:386,53,0,0
BRDA:386,53,1,0
BRDA:396,54,0,0
BRDA:396,54,1,0
BRDA:403,55,0,0
BRDA:403,55,1,0
BRDA:410,56,0,0
BRDA:410,56,1,0
BRF:132
BRH:0
end_of_record
TN:
SF:components/TaskItem.tsx
FN:15,TaskItem
FN:21,(anonymous_1)
FN:34,(anonymous_2)
FN:47,(anonymous_3)
FN:59,(anonymous_4)
FN:64,(anonymous_5)
FNF:6
FNH:0
FNDA:0,TaskItem
FNDA:0,(anonymous_1)
FNDA:0,(anonymous_2)
FNDA:0,(anonymous_3)
FNDA:0,(anonymous_4)
FNDA:0,(anonymous_5)
DA:21,0
DA:22,0
DA:24,0
DA:26,0
DA:28,0
DA:30,0
DA:34,0
DA:35,0
DA:37,0
DA:39,0
DA:41,0
DA:43,0
DA:47,0
DA:48,0
DA:49,0
DA:50,0
DA:51,0
DA:52,0
DA:53,0
DA:56,0
DA:59,0
DA:64,0
DA:151,0
LF:23
LH:0
BRDA:19,0,0,0
BRDA:22,1,0,0
BRDA:22,1,1,0
BRDA:22,1,2,0
BRDA:22,1,3,0
BRDA:35,2,0,0
BRDA:35,2,1,0
BRDA:35,2,2,0
BRDA:35,2,3,0
BRDA:48,3,0,0
BRDA:48,3,1,0
BRDA:51,4,0,0
BRDA:51,4,1,0
BRDA:52,5,0,0
BRDA:52,5,1,0
BRDA:58,6,0,0
BRDA:58,6,1,0
BRDA:66,7,0,0
BRDA:66,7,1,0
BRDA:78,8,0,0
BRDA:78,8,1,0
BRDA:85,9,0,0
BRDA:85,9,1,0
BRDA:85,9,2,0
BRDA:90,10,0,0
BRDA:90,10,1,0
BRDA:96,11,0,0
BRDA:96,11,1,0
BRDA:100,12,0,0
BRDA:100,12,1,0
BRDA:110,13,0,0
BRDA:110,13,1,0
BRDA:117,14,0,0
BRDA:117,14,1,0
BRDA:125,15,0,0
BRDA:125,15,1,0
BRDA:134,16,0,0
BRDA:134,16,1,0
BRF:38
BRH:0
end_of_record
TN:
SF:components/TimeSlotPicker.tsx
FN:31,TimeSlotPicker
FN:36,(anonymous_1)
FN:41,(anonymous_2)
FN:46,(anonymous_3)
FN:67,(anonymous_4)
FN:84,(anonymous_5)
FN:94,(anonymous_6)
FN:97,(anonymous_7)
FN:102,(anonymous_8)
FN:106,(anonymous_9)
FN:114,(anonymous_10)
FN:116,(anonymous_11)
FN:117,(anonymous_12)
FN:136,(anonymous_13)
FN:143,(anonymous_14)
FN:169,(anonymous_15)
FN:178,(anonymous_16)
FN:190,(anonymous_17)
FN:201,(anonymous_18)
FNF:19
FNH:0
FNDA:0,TimeSlotPicker
FNDA:0,(anonymous_1)
FNDA:0,(anonymous_2)
FNDA:0,(anonymous_3)
FNDA:0,(anonymous_4)
FNDA:0,(anonymous_5)
FNDA:0,(anonymous_6)
FNDA:0,(anonymous_7)
FNDA:0,(anonymous_8)
FNDA:0,(anonymous_9)
FNDA:0,(anonymous_10)
FNDA:0,(anonymous_11)
FNDA:0,(anonymous_12)
FNDA:0,(anonymous_13)
FNDA:0,(anonymous_14)
FNDA:0,(anonymous_15)
FNDA:0,(anonymous_16)
FNDA:0,(anonymous_17)
FNDA:0,(anonymous_18)
DA:21,0
DA:32,0
DA:33,0
DA:34,0
DA:36,0
DA:37,0
DA:38,0
DA:41,0
DA:42,0
DA:43,0
DA:46,0
DA:47,0
DA:48,0
DA:49,0
DA:52,0
DA:53,0
DA:55,0
DA:56,0
DA:57,0
DA:60,0
DA:66,0
DA:67,0
DA:68,0
DA:69,0
DA:70,0
DA:77,0
DA:78,0
DA:79,0
DA:82,0
DA:85,0
DA:89,0
DA:90,0
DA:91,0
DA:94,0
DA:95,0
DA:97,0
DA:99,0
DA:102,0
DA:103,0
DA:104,0
DA:106,0
DA:107,0
DA:110,0
DA:111,0
DA:114,0
DA:115,0
DA:116,0
DA:117,0
DA:118,0
DA:119,0
DA:120,0
DA:123,0
DA:126,0
DA:137,0
DA:143,0
DA:169,0
DA:179,0
DA:190,0
DA:201,0
DA:238,0
LF:60
LH:0
BRDA:47,0,0,0
BRDA:47,0,1,0
BRDA:47,1,0,0
BRDA:47,1,1,0
BRDA:55,2,0,0
BRDA:55,2,1,0
BRDA:71,3,0,0
BRDA:71,3,1,0
BRDA:71,3,2,0
BRDA:71,3,3,0
BRDA:71,3,4,0
BRDA:71,3,5,0
BRDA:77,4,0,0
BRDA:77,4,1,0
BRDA:141,5,0,0
BRDA:141,5,1,0
BRDA:148,6,0,0
BRDA:148,6,1,0
BRDA:156,7,0,0
BRDA:156,7,1,0
BRDA:198,8,0,0
BRDA:198,8,1,0
BRF:22
BRH:0
end_of_record
TN:
SF:components/WebCompatibleIcons.tsx
FN:12,(anonymous_0)
FN:13,(anonymous_1)
FN:14,(anonymous_2)
FN:15,(anonymous_3)
FN:16,(anonymous_4)
FN:17,(anonymous_5)
FN:18,(anonymous_6)
FN:19,(anonymous_7)
FN:20,(anonymous_8)
FN:21,(anonymous_9)
FN:22,(anonymous_10)
FN:23,(anonymous_11)
FN:24,(anonymous_12)
FN:25,(anonymous_13)
FN:26,(anonymous_14)
FN:27,(anonymous_15)
FN:28,(anonymous_16)
FN:29,(anonymous_17)
FN:30,(anonymous_18)
FN:31,(anonymous_19)
FN:32,(anonymous_20)
FN:33,(anonymous_21)
FN:34,(anonymous_22)
FN:35,(anonymous_23)
FN:36,(anonymous_24)
FN:37,(anonymous_25)
FN:38,(anonymous_26)
FN:39,(anonymous_27)
FN:40,(anonymous_28)
FN:41,(anonymous_29)
FN:42,(anonymous_30)
FN:43,(anonymous_31)
FN:48,(anonymous_32)
FN:61,(anonymous_33)
FN:62,(anonymous_34)
FN:63,(anonymous_35)
FN:64,(anonymous_36)
FN:65,(anonymous_37)
FN:66,(anonymous_38)
FN:67,(anonymous_39)
FN:68,(anonymous_40)
FN:69,(anonymous_41)
FN:70,(anonymous_42)
FN:71,(anonymous_43)
FN:72,(anonymous_44)
FN:73,(anonymous_45)
FN:74,(anonymous_46)
FN:75,(anonymous_47)
FN:76,(anonymous_48)
FN:77,(anonymous_49)
FN:78,(anonymous_50)
FN:79,(anonymous_51)
FN:80,(anonymous_52)
FN:81,(anonymous_53)
FN:82,(anonymous_54)
FN:83,(anonymous_55)
FN:84,(anonymous_56)
FN:85,(anonymous_57)
FN:86,(anonymous_58)
FN:87,(anonymous_59)
FN:88,(anonymous_60)
FN:89,(anonymous_61)
FN:90,(anonymous_62)
FN:91,(anonymous_63)
FN:92,(anonymous_64)
FNF:65
FNH:0
FNDA:0,(anonymous_0)
FNDA:0,(anonymous_1)
FNDA:0,(anonymous_2)
FNDA:0,(anonymous_3)
FNDA:0,(anonymous_4)
FNDA:0,(anonymous_5)
FNDA:0,(anonymous_6)
FNDA:0,(anonymous_7)
FNDA:0,(anonymous_8)
FNDA:0,(anonymous_9)
FNDA:0,(anonymous_10)
FNDA:0,(anonymous_11)
FNDA:0,(anonymous_12)
FNDA:0,(anonymous_13)
FNDA:0,(anonymous_14)
FNDA:0,(anonymous_15)
FNDA:0,(anonymous_16)
FNDA:0,(anonymous_17)
FNDA:0,(anonymous_18)
FNDA:0,(anonymous_19)
FNDA:0,(anonymous_20)
FNDA:0,(anonymous_21)
FNDA:0,(anonymous_22)
FNDA:0,(anonymous_23)
FNDA:0,(anonymous_24)
FNDA:0,(anonymous_25)
FNDA:0,(anonymous_26)
FNDA:0,(anonymous_27)
FNDA:0,(anonymous_28)
FNDA:0,(anonymous_29)
FNDA:0,(anonymous_30)
FNDA:0,(anonymous_31)
FNDA:0,(anonymous_32)
FNDA:0,(anonymous_33)
FNDA:0,(anonymous_34)
FNDA:0,(anonymous_35)
FNDA:0,(anonymous_36)
FNDA:0,(anonymous_37)
FNDA:0,(anonymous_38)
FNDA:0,(anonymous_39)
FNDA:0,(anonymous_40)
FNDA:0,(anonymous_41)
FNDA:0,(anonymous_42)
FNDA:0,(anonymous_43)
FNDA:0,(anonymous_44)
FNDA:0,(anonymous_45)
FNDA:0,(anonymous_46)
FNDA:0,(anonymous_47)
FNDA:0,(anonymous_48)
FNDA:0,(anonymous_49)
FNDA:0,(anonymous_50)
FNDA:0,(anonymous_51)
FNDA:0,(anonymous_52)
FNDA:0,(anonymous_53)
FNDA:0,(anonymous_54)
FNDA:0,(anonymous_55)
FNDA:0,(anonymous_56)
FNDA:0,(anonymous_57)
FNDA:0,(anonymous_58)
FNDA:0,(anonymous_59)
FNDA:0,(anonymous_60)
FNDA:0,(anonymous_61)
FNDA:0,(anonymous_62)
FNDA:0,(anonymous_63)
FNDA:0,(anonymous_64)
DA:7,0
DA:8,0
DA:11,0
DA:12,0
DA:13,0
DA:14,0
DA:15,0
DA:16,0
DA:17,0
DA:18,0
DA:19,0
DA:20,0
DA:21,0
DA:22,0
DA:23,0
DA:24,0
DA:25,0
DA:26,0
DA:27,0
DA:28,0
DA:29,0
DA:30,0
DA:31,0
DA:32,0
DA:33,0
DA:34,0
DA:35,0
DA:36,0
DA:37,0
DA:38,0
DA:39,0
DA:40,0
DA:41,0
DA:42,0
DA:43,0
DA:48,0
DA:49,0
DA:50,0
DA:52,0
DA:61,0
DA:62,0
DA:63,0
DA:64,0
DA:65,0
DA:66,0
DA:67,0
DA:68,0
DA:69,0
DA:70,0
DA:71,0
DA:72,0
DA:73,0
DA:74,0
DA:75,0
DA:76,0
DA:77,0
DA:78,0
DA:79,0
DA:80,0
DA:81,0
DA:82,0
DA:83,0
DA:84,0
DA:85,0
DA:86,0
DA:87,0
DA:88,0
DA:89,0
DA:90,0
DA:91,0
DA:92,0
DA:94,0
LF:72
LH:0
BRDA:7,0,0,0
BRDA:7,0,1,0
BRDA:48,1,0,0
BRDA:48,2,0,0
BRDA:49,3,0,0
BRDA:49,3,1,0
BRF:6
BRH:0
end_of_record
TN:
SF:components/WeekCalendar.tsx
FN:13,WeekCalendar
FN:14,(anonymous_1)
FN:33,(anonymous_2)
FN:37,(anonymous_3)
FN:42,(anonymous_4)
FN:44,(anonymous_5)
FN:48,(anonymous_6)
FN:50,(anonymous_7)
FN:60,(anonymous_8)
FN:68,(anonymous_9)
FNF:10
FNH:0
FNDA:0,WeekCalendar
FNDA:0,(anonymous_1)
FNDA:0,(anonymous_2)
FNDA:0,(anonymous_3)
FNDA:0,(anonymous_4)
FNDA:0,(anonymous_5)
FNDA:0,(anonymous_6)
FNDA:0,(anonymous_7)
FNDA:0,(anonymous_8)
FNDA:0,(anonymous_9)
DA:14,0
DA:15,0
DA:16,0
DA:17,0
DA:18,0
DA:20,0
DA:21,0
DA:22,0
DA:23,0
DA:24,0
DA:27,0
DA:30,0
DA:31,0
DA:33,0
DA:34,0
DA:37,0
DA:38,0
DA:42,0
DA:43,0
DA:44,0
DA:48,0
DA:49,0
DA:50,0
DA:53,0
DA:61,0
DA:68,0
DA:103,0
LF:27
LH:0
BRDA:13,0,0,0
BRDA:17,1,0,0
BRDA:17,1,1,0
BRDA:65,2,0,0
BRDA:65,2,1,0
BRDA:66,3,0,0
BRDA:66,3,1,0
BRDA:66,3,2,0
BRDA:73,4,0,0
BRDA:73,4,1,0
BRDA:81,5,0,0
BRDA:81,5,1,0
BRDA:82,6,0,0
BRDA:82,6,1,0
BRDA:82,6,2,0
BRDA:89,7,0,0
BRDA:89,7,1,0
BRF:17
BRH:0
end_of_record
TN:
SF:components/WheelTimePicker.tsx
FN:28,WheelTimePicker
FN:42,(anonymous_1)
FN:43,(anonymous_2)
FN:45,(anonymous_3)
FN:52,(anonymous_4)
FN:65,(anonymous_5)
FN:71,(anonymous_6)
FN:77,(anonymous_7)
FN:82,(anonymous_8)
FN:132,(anonymous_9)
FN:156,(anonymous_10)
FNF:11
FNH:0
FNDA:0,WheelTimePicker
FNDA:0,(anonymous_1)
FNDA:0,(anonymous_2)
FNDA:0,(anonymous_3)
FNDA:0,(anonymous_4)
FNDA:0,(anonymous_5)
FNDA:0,(anonymous_6)
FNDA:0,(anonymous_7)
FNDA:0,(anonymous_8)
FNDA:0,(anonymous_9)
FNDA:0,(anonymous_10)
DA:23,0
DA:24,0
DA:25,0
DA:26,0
DA:35,0
DA:36,0
DA:38,0
DA:39,0
DA:42,0
DA:43,0
DA:45,0
DA:46,0
DA:47,0
DA:48,0
DA:49,0
DA:52,0
DA:53,0
DA:57,0
DA:65,0
DA:66,0
DA:67,0
DA:68,0
DA:71,0
DA:72,0
DA:73,0
DA:74,0
DA:77,0
DA:78,0
DA:79,0
DA:82,0
DA:83,0
DA:87,0
DA:96,0
DA:132,0
DA:156,0
DA:175,0
LF:36
LH:0
BRDA:30,0,0,0
BRDA:33,1,0,0
BRDA:46,2,0,0
BRDA:46,2,1,0
BRDA:46,3,0,0
BRDA:46,3,1,0
BRDA:83,4,0,0
BRDA:83,4,1,0
BRDA:88,5,0,0
BRDA:88,5,1,0
BRDA:89,6,0,0
BRDA:89,6,1,0
BRF:12
BRH:0
end_of_record
TN:
SF:lib/errors/errorHandler.ts
FN:111,(anonymous_0)
FN:133,(anonymous_1)
FN:142,(anonymous_2)
FN:149,(anonymous_3)
FN:156,(anonymous_4)
FN:176,(anonymous_5)
FN:202,(anonymous_6)
FN:224,(anonymous_7)
FN:257,(anonymous_8)
FN:258,(anonymous_9)
FN:266,(anonymous_10)
FN:306,(anonymous_11)
FN:341,(anonymous_12)
FN:397,(anonymous_13)
FN:400,(anonymous_14)
FN:401,(anonymous_15)
FN:411,(anonymous_16)
FN:426,(anonymous_17)
FN:506,(anonymous_18)
FN:539,(anonymous_19)
FN:554,(anonymous_20)
FN:555,(anonymous_21)
FN:561,(anonymous_22)
FN:587,(anonymous_23)
FN:596,(anonymous_24)
FN:603,(anonymous_25)
FN:619,createError
FN:640,(anonymous_27)
FN:662,(anonymous_28)
FNF:29
FNH:28
FNDA:21,(anonymous_0)
FNDA:21,(anonymous_1)
FNDA:2,(anonymous_2)
FNDA:20,(anonymous_3)
FNDA:19,(anonymous_4)
FNDA:2,(anonymous_5)
FNDA:5,(anonymous_6)
FNDA:5,(anonymous_7)
FNDA:1,(anonymous_8)
FNDA:1,(anonymous_9)
FNDA:1,(anonymous_10)
FNDA:11,(anonymous_11)
FNDA:11,(anonymous_12)
FNDA:11,(anonymous_13)
FNDA:11,(anonymous_14)
FNDA:1,(anonymous_15)
FNDA:11,(anonymous_16)
FNDA:10,(anonymous_17)
FNDA:10,(anonymous_18)
FNDA:1,(anonymous_19)
FNDA:1,(anonymous_20)
FNDA:1,(anonymous_21)
FNDA:7,(anonymous_22)
FNDA:2,(anonymous_23)
FNDA:11,(anonymous_24)
FNDA:11,(anonymous_25)
FNDA:2,createError
FNDA:2,(anonymous_27)
FNDA:0,(anonymous_28)
DA:118,21
DA:119,21
DA:120,21
DA:121,21
DA:122,21
DA:125,21
DA:126,21
DA:134,21
DA:135,21
DA:136,21
DA:143,2
DA:150,20
DA:157,19
DA:170,19
DA:177,2
DA:203,5
DA:205,5
DA:207,5
DA:210,4
DA:211,1
DA:214,3
DA:217,1
DA:225,5
DA:251,5
DA:258,1
DA:259,1
DA:267,1
DA:293,1
DA:301,1
DA:317,11
DA:326,11
DA:335,11
DA:348,11
DA:350,11
DA:351,11
DA:353,11
DA:357,11
DA:359,7
DA:361,7
DA:364,7
DA:367,7
DA:368,6
DA:369,1
DA:370,1
DA:372,5
DA:376,1
DA:377,1
DA:380,1
DA:381,0
DA:386,0
DA:387,0
DA:388,0
DA:391,0
DA:398,11
DA:401,11
DA:402,1
DA:413,11
DA:414,1
DA:417,10
DA:418,10
DA:420,10
DA:427,10
DA:428,10
DA:431,10
DA:432,1
DA:435,9
DA:436,1
DA:439,8
DA:440,0
DA:443,8
DA:444,0
DA:448,8
DA:449,1
DA:453,7
DA:454,0
DA:457,7
DA:458,0
DA:462,7
DA:463,0
DA:466,7
DA:467,0
DA:471,7
DA:472,1
DA:475,6
DA:476,1
DA:479,5
DA:480,0
DA:483,5
DA:484,0
DA:487,5
DA:488,1
DA:491,4
DA:492,0
DA:495,4
DA:496,0
DA:500,4
DA:507,10
DA:533,10
DA:540,1
DA:541,1
DA:544,1
DA:545,1
DA:548,1
DA:555,1
DA:562,7
DA:566,7
DA:576,7
DA:579,7
DA:580,2
DA:588,2
DA:589,2
DA:597,11
DA:604,11
DA:605,0
DA:607,11
DA:614,1
DA:625,2
DA:632,2
DA:646,2
DA:651,2
DA:658,2
DA:659,2
DA:663,0
LF:123
LH:106
BRDA:116,0,0,8
BRDA:125,1,0,21
BRDA:125,1,1,0
BRDA:150,2,0,20
BRDA:150,2,1,19
BRDA:186,3,0,2
BRDA:186,3,1,0
BRDA:210,4,0,1
BRDA:210,4,1,3
BRDA:251,5,0,5
BRDA:251,5,1,0
BRDA:259,6,0,1
BRDA:259,6,1,0
BRDA:259,6,2,0
BRDA:293,7,0,1
BRDA:293,7,1,0
BRDA:309,8,0,4
BRDA:318,9,0,11
BRDA:318,9,1,6
BRDA:353,10,0,11
BRDA:353,10,1,0
BRDA:367,11,0,6
BRDA:367,11,1,1
BRDA:367,12,0,7
BRDA:367,12,1,1
BRDA:368,13,0,1
BRDA:368,13,1,5
BRDA:386,14,0,0
BRDA:386,14,1,0
BRDA:413,15,0,1
BRDA:413,15,1,10
BRDA:431,16,0,1
BRDA:431,16,1,9
BRDA:431,17,0,10
BRDA:431,17,1,1
BRDA:431,17,2,0
BRDA:435,18,0,1
BRDA:435,18,1,8
BRDA:435,19,0,9
BRDA:435,19,1,8
BRDA:439,20,0,0
BRDA:439,20,1,8
BRDA:439,21,0,8
BRDA:439,21,1,8
BRDA:443,22,0,0
BRDA:443,22,1,8
BRDA:443,23,0,8
BRDA:443,23,1,8
BRDA:448,24,0,1
BRDA:448,24,1,7
BRDA:448,25,0,8
BRDA:448,25,1,7
BRDA:448,25,2,7
BRDA:453,26,0,0
BRDA:453,26,1,7
BRDA:453,27,0,7
BRDA:453,27,1,7
BRDA:457,28,0,0
BRDA:457,28,1,7
BRDA:457,29,0,7
BRDA:457,29,1,7
BRDA:462,30,0,0
BRDA:462,30,1,7
BRDA:462,31,0,7
BRDA:462,31,1,7
BRDA:466,32,0,0
BRDA:466,32,1,7
BRDA:471,33,0,1
BRDA:471,33,1,6
BRDA:471,34,0,7
BRDA:471,34,1,6
BRDA:475,35,0,1
BRDA:475,35,1,5
BRDA:475,36,0,6
BRDA:475,36,1,5
BRDA:479,37,0,0
BRDA:479,37,1,5
BRDA:479,38,0,5
BRDA:479,38,1,5
BRDA:483,39,0,0
BRDA:483,39,1,5
BRDA:483,40,0,5
BRDA:483,40,1,5
BRDA:487,41,0,1
BRDA:487,41,1,4
BRDA:487,42,0,5
BRDA:487,42,1,4
BRDA:491,43,0,0
BRDA:491,43,1,4
BRDA:491,44,0,4
BRDA:491,44,1,4
BRDA:495,45,0,0
BRDA:495,45,1,4
BRDA:495,46,0,4
BRDA:495,46,1,4
BRDA:533,47,0,10
BRDA:533,47,1,0
BRDA:544,48,0,1
BRDA:544,48,1,0
BRDA:562,49,0,2
BRDA:562,49,1,5
BRDA:563,50,0,0
BRDA:563,50,1,5
BRDA:564,51,0,5
BRDA:564,51,1,0
BRDA:579,52,0,2
BRDA:579,52,1,5
BRDA:579,53,0,7
BRDA:579,53,1,7
BRDA:588,54,0,2
BRDA:588,54,1,0
BRDA:588,55,0,2
BRDA:588,55,1,2
BRDA:604,56,0,0
BRDA:604,56,1,11
BRDA:646,57,0,2
BRDA:646,57,1,0
BRDA:647,58,0,1
BRDA:647,58,1,1
BRF:119
BRH:92
end_of_record
TN:
SF:store/settingsStore.ts
FN:82,(anonymous_0)
FN:99,(anonymous_1)
FN:100,(anonymous_2)
FN:101,(anonymous_3)
FN:102,(anonymous_4)
FN:103,(anonymous_5)
FN:104,(anonymous_6)
FN:105,(anonymous_7)
FN:106,(anonymous_8)
FN:107,(anonymous_9)
FN:108,(anonymous_10)
FN:109,(anonymous_11)
FN:110,(anonymous_12)
FN:111,(anonymous_13)
FN:112,(anonymous_14)
FN:113,(anonymous_15)
FN:117,(anonymous_16)
FNF:17
FNH:0
FNDA:0,(anonymous_0)
FNDA:0,(anonymous_1)
FNDA:0,(anonymous_2)
FNDA:0,(anonymous_3)
FNDA:0,(anonymous_4)
FNDA:0,(anonymous_5)
FNDA:0,(anonymous_6)
FNDA:0,(anonymous_7)
FNDA:0,(anonymous_8)
FNDA:0,(anonymous_9)
FNDA:0,(anonymous_10)
FNDA:0,(anonymous_11)
FNDA:0,(anonymous_12)
FNDA:0,(anonymous_13)
FNDA:0,(anonymous_14)
FNDA:0,(anonymous_15)
FNDA:0,(anonymous_16)
DA:44,0
DA:80,0
DA:82,0
DA:99,0
DA:100,0
DA:101,0
DA:102,0
DA:103,0
DA:104,0
DA:105,0
DA:106,0
DA:107,0
DA:108,0
DA:109,0
DA:110,0
DA:111,0
DA:112,0
DA:113,0
DA:117,0
LF:19
LH:0
BRF:0
BRH:0
end_of_record
TN:
SF:store/statsStore.ts
FN:58,(anonymous_0)
FN:62,(anonymous_1)
FN:67,(anonymous_2)
FN:68,(anonymous_3)
FN:75,(anonymous_4)
FN:108,(anonymous_5)
FN:109,(anonymous_6)
FN:112,(anonymous_7)
FN:140,(anonymous_8)
FN:144,(anonymous_9)
FN:160,(anonymous_10)
FN:170,(anonymous_11)
FN:180,(anonymous_12)
FN:190,(anonymous_13)
FN:191,(anonymous_14)
FN:199,(anonymous_15)
FN:200,(anonymous_16)
FN:205,(anonymous_17)
FN:206,(anonymous_18)
FN:209,(anonymous_19)
FN:215,(anonymous_20)
FN:219,(anonymous_21)
FN:225,(anonymous_22)
FN:229,(anonymous_23)
FN:232,(anonymous_24)
FN:243,(anonymous_25)
FN:248,(anonymous_26)
FN:254,(anonymous_27)
FN:259,(anonymous_28)
FN:265,(anonymous_29)
FN:275,(anonymous_30)
FNF:31
FNH:0
FNDA:0,(anonymous_0)
FNDA:0,(anonymous_1)
FNDA:0,(anonymous_2)
FNDA:0,(anonymous_3)
FNDA:0,(anonymous_4)
FNDA:0,(anonymous_5)
FNDA:0,(anonymous_6)
FNDA:0,(anonymous_7)
FNDA:0,(anonymous_8)
FNDA:0,(anonymous_9)
FNDA:0,(anonymous_10)
FNDA:0,(anonymous_11)
FNDA:0,(anonymous_12)
FNDA:0,(anonymous_13)
FNDA:0,(anonymous_14)
FNDA:0,(anonymous_15)
FNDA:0,(anonymous_16)
FNDA:0,(anonymous_17)
FNDA:0,(anonymous_18)
FNDA:0,(anonymous_19)
FNDA:0,(anonymous_20)
FNDA:0,(anonymous_21)
FNDA:0,(anonymous_22)
FNDA:0,(anonymous_23)
FNDA:0,(anonymous_24)
FNDA:0,(anonymous_25)
FNDA:0,(anonymous_26)
FNDA:0,(anonymous_27)
FNDA:0,(anonymous_28)
FNDA:0,(anonymous_29)
FNDA:0,(anonymous_30)
DA:46,0
DA:58,0
DA:60,0
DA:62,0
DA:68,0
DA:69,0
DA:70,0
DA:71,0
DA:74,0
DA:75,0
DA:77,0
DA:78,0
DA:79,0
DA:85,0
DA:94,0
DA:105,0
DA:109,0
DA:111,0
DA:112,0
DA:114,0
DA:115,0
DA:116,0
DA:121,0
DA:130,0
DA:141,0
DA:145,0
DA:146,0
DA:147,0
DA:149,0
DA:151,0
DA:154,0
DA:155,0
DA:156,0
DA:158,0
DA:160,0
DA:168,0
DA:170,0
DA:180,0
DA:191,0
DA:200,0
DA:206,0
DA:210,0
DA:211,0
DA:212,0
DA:214,0
DA:215,0
DA:220,0
DA:221,0
DA:222,0
DA:224,0
DA:225,0
DA:230,0
DA:231,0
DA:232,0
DA:234,0
DA:244,0
DA:246,0
DA:247,0
DA:248,0
DA:249,0
DA:252,0
DA:253,0
DA:254,0
DA:257,0
DA:258,0
DA:259,0
DA:262,0
DA:266,0
DA:275,0
LF:69
LH:0
BRDA:78,0,0,0
BRDA:78,0,1,0
BRDA:115,1,0,0
BRDA:115,1,1,0
BRDA:149,2,0,0
BRDA:149,2,1,0
BRDA:158,3,0,0
BRDA:158,3,1,0
BRDA:168,4,0,0
BRDA:168,4,1,0
BRDA:234,5,0,0
BRDA:234,5,1,0
BRDA:246,6,0,0
BRDA:246,6,1,0
BRDA:249,7,0,0
BRDA:249,7,1,0
BRDA:252,8,0,0
BRDA:252,8,1,0
BRDA:257,9,0,0
BRDA:257,9,1,0
BRF:20
BRH:0
end_of_record
TN:
SF:store/taskStore.ts
FN:84,(anonymous_0)
FN:417,(anonymous_1)
FN:431,(anonymous_2)
FN:446,(anonymous_3)
FN:460,(anonymous_4)
FN:462,(anonymous_5)
FN:463,(anonymous_6)
FN:479,(anonymous_7)
FN:481,(anonymous_8)
FN:482,(anonymous_9)
FN:496,(anonymous_10)
FN:498,(anonymous_11)
FN:499,(anonymous_12)
FN:510,(anonymous_13)
FN:528,(anonymous_14)
FN:530,(anonymous_15)
FN:531,(anonymous_16)
FN:535,(anonymous_17)
FN:565,(anonymous_18)
FN:567,(anonymous_19)
FN:568,(anonymous_20)
FN:572,(anonymous_21)
FN:589,(anonymous_22)
FN:591,(anonymous_23)
FN:592,(anonymous_24)
FN:596,(anonymous_25)
FN:621,(anonymous_26)
FN:624,(anonymous_27)
FN:627,(anonymous_28)
FN:639,(anonymous_29)
FN:650,(anonymous_30)
FN:655,(anonymous_31)
FN:669,(anonymous_32)
FN:674,(anonymous_33)
FN:688,(anonymous_34)
FN:690,(anonymous_35)
FN:697,(anonymous_36)
FN:702,(anonymous_37)
FN:716,(anonymous_38)
FN:718,(anonymous_39)
FN:727,(anonymous_40)
FN:729,(anonymous_41)
FN:731,(anonymous_42)
FN:755,(anonymous_43)
FN:764,(anonymous_44)
FN:766,(anonymous_45)
FN:773,(anonymous_46)
FN:783,(anonymous_47)
FN:792,(anonymous_48)
FN:794,(anonymous_49)
FN:795,(anonymous_50)
FN:807,(anonymous_51)
FN:809,(anonymous_52)
FN:816,(anonymous_53)
FN:818,(anonymous_54)
FN:819,(anonymous_55)
FN:828,(anonymous_56)
FN:831,(anonymous_57)
FN:833,(anonymous_58)
FN:835,(anonymous_59)
FN:840,(anonymous_60)
FN:850,(anonymous_61)
FN:852,(anonymous_62)
FN:853,(anonymous_63)
FN:857,(anonymous_64)
FN:864,(anonymous_65)
FN:866,(anonymous_66)
FN:885,(anonymous_67)
FN:888,(anonymous_68)
FN:897,(anonymous_69)
FN:899,(anonymous_70)
FN:909,(anonymous_71)
FN:911,(anonymous_72)
FN:912,(anonymous_73)
FN:916,(anonymous_74)
FN:932,(anonymous_75)
FN:934,(anonymous_76)
FN:944,(anonymous_77)
FN:947,(anonymous_78)
FN:952,(anonymous_79)
FN:961,(anonymous_80)
FN:968,(anonymous_81)
FN:969,(anonymous_82)
FN:976,(anonymous_83)
FN:992,(anonymous_84)
FN:998,(anonymous_85)
FN:999,(anonymous_86)
FN:1002,(anonymous_87)
FN:1007,(anonymous_88)
FN:1020,(anonymous_89)
FN:1036,(anonymous_90)
FN:1062,(anonymous_91)
FN:1071,(anonymous_92)
FN:1078,(anonymous_93)
FN:1080,(anonymous_94)
FN:1084,(anonymous_95)
FN:1086,(anonymous_96)
FN:1102,(anonymous_97)
FN:1111,(anonymous_98)
FN:1121,(anonymous_99)
FNF:100
FNH:0
FNDA:0,(anonymous_0)
FNDA:0,(anonymous_1)
FNDA:0,(anonymous_2)
FNDA:0,(anonymous_3)
FNDA:0,(anonymous_4)
FNDA:0,(anonymous_5)
FNDA:0,(anonymous_6)
FNDA:0,(anonymous_7)
FNDA:0,(anonymous_8)
FNDA:0,(anonymous_9)
FNDA:0,(anonymous_10)
FNDA:0,(anonymous_11)
FNDA:0,(anonymous_12)
FNDA:0,(anonymous_13)
FNDA:0,(anonymous_14)
FNDA:0,(anonymous_15)
FNDA:0,(anonymous_16)
FNDA:0,(anonymous_17)
FNDA:0,(anonymous_18)
FNDA:0,(anonymous_19)
FNDA:0,(anonymous_20)
FNDA:0,(anonymous_21)
FNDA:0,(anonymous_22)
FNDA:0,(anonymous_23)
FNDA:0,(anonymous_24)
FNDA:0,(anonymous_25)
FNDA:0,(anonymous_26)
FNDA:0,(anonymous_27)
FNDA:0,(anonymous_28)
FNDA:0,(anonymous_29)
FNDA:0,(anonymous_30)
FNDA:0,(anonymous_31)
FNDA:0,(anonymous_32)
FNDA:0,(anonymous_33)
FNDA:0,(anonymous_34)
FNDA:0,(anonymous_35)
FNDA:0,(anonymous_36)
FNDA:0,(anonymous_37)
FNDA:0,(anonymous_38)
FNDA:0,(anonymous_39)
FNDA:0,(anonymous_40)
FNDA:0,(anonymous_41)
FNDA:0,(anonymous_42)
FNDA:0,(anonymous_43)
FNDA:0,(anonymous_44)
FNDA:0,(anonymous_45)
FNDA:0,(anonymous_46)
FNDA:0,(anonymous_47)
FNDA:0,(anonymous_48)
FNDA:0,(anonymous_49)
FNDA:0,(anonymous_50)
FNDA:0,(anonymous_51)
FNDA:0,(anonymous_52)
FNDA:0,(anonymous_53)
FNDA:0,(anonymous_54)
FNDA:0,(anonymous_55)
FNDA:0,(anonymous_56)
FNDA:0,(anonymous_57)
FNDA:0,(anonymous_58)
FNDA:0,(anonymous_59)
FNDA:0,(anonymous_60)
FNDA:0,(anonymous_61)
FNDA:0,(anonymous_62)
FNDA:0,(anonymous_63)
FNDA:0,(anonymous_64)
FNDA:0,(anonymous_65)
FNDA:0,(anonymous_66)
FNDA:0,(anonymous_67)
FNDA:0,(anonymous_68)
FNDA:0,(anonymous_69)
FNDA:0,(anonymous_70)
FNDA:0,(anonymous_71)
FNDA:0,(anonymous_72)
FNDA:0,(anonymous_73)
FNDA:0,(anonymous_74)
FNDA:0,(anonymous_75)
FNDA:0,(anonymous_76)
FNDA:0,(anonymous_77)
FNDA:0,(anonymous_78)
FNDA:0,(anonymous_79)
FNDA:0,(anonymous_80)
FNDA:0,(anonymous_81)
FNDA:0,(anonymous_82)
FNDA:0,(anonymous_83)
FNDA:0,(anonymous_84)
FNDA:0,(anonymous_85)
FNDA:0,(anonymous_86)
FNDA:0,(anonymous_87)
FNDA:0,(anonymous_88)
FNDA:0,(anonymous_89)
FNDA:0,(anonymous_90)
FNDA:0,(anonymous_91)
FNDA:0,(anonymous_92)
FNDA:0,(anonymous_93)
FNDA:0,(anonymous_94)
FNDA:0,(anonymous_95)
FNDA:0,(anonymous_96)
FNDA:0,(anonymous_97)
FNDA:0,(anonymous_98)
FNDA:0,(anonymous_99)
DA:82,0
DA:84,0
DA:418,0
DA:419,0
DA:420,0
DA:428,0
DA:431,0
DA:432,0
DA:433,0
DA:434,0
DA:438,0
DA:439,0
DA:441,0
DA:445,0
DA:446,0
DA:447,0
DA:448,0
DA:449,0
DA:452,0
DA:453,0
DA:455,0
DA:456,0
DA:461,0
DA:462,0
DA:464,0
DA:474,0
DA:475,0
DA:480,0
DA:481,0
DA:482,0
DA:485,0
DA:487,0
DA:488,0
DA:491,0
DA:492,0
DA:497,0
DA:498,0
DA:499,0
DA:500,0
DA:501,0
DA:508,0
DA:510,0
DA:511,0
DA:515,0
DA:517,0
DA:520,0
DA:523,0
DA:524,0
DA:529,0
DA:530,0
DA:532,0
DA:536,0
DA:537,0
DA:545,0
DA:546,0
DA:547,0
DA:550,0
DA:552,0
DA:560,0
DA:561,0
DA:566,0
DA:567,0
DA:569,0
DA:573,0
DA:583,0
DA:584,0
DA:590,0
DA:591,0
DA:593,0
DA:597,0
DA:599,0
DA:600,0
DA:602,0
DA:608,0
DA:616,0
DA:617,0
DA:622,0
DA:623,0
DA:624,0
DA:625,0
DA:627,0
DA:628,0
DA:631,0
DA:632,0
DA:634,0
DA:635,0
DA:640,0
DA:642,0
DA:643,0
DA:645,0
DA:646,0
DA:651,0
DA:652,0
DA:653,0
DA:655,0
DA:656,0
DA:658,0
DA:659,0
DA:661,0
DA:664,0
DA:665,0
DA:670,0
DA:671,0
DA:672,0
DA:674,0
DA:675,0
DA:677,0
DA:678,0
DA:680,0
DA:683,0
DA:684,0
DA:689,0
DA:690,0
DA:692,0
DA:693,0
DA:698,0
DA:699,0
DA:700,0
DA:702,0
DA:703,0
DA:705,0
DA:706,0
DA:708,0
DA:711,0
DA:712,0
DA:717,0
DA:718,0
DA:722,0
DA:723,0
DA:728,0
DA:729,0
DA:733,0
DA:736,0
DA:739,0
DA:741,0
DA:742,0
DA:746,0
DA:750,0
DA:751,0
DA:756,0
DA:757,0
DA:759,0
DA:760,0
DA:765,0
DA:766,0
DA:768,0
DA:769,0
DA:774,0
DA:775,0
DA:776,0
DA:783,0
DA:787,0
DA:788,0
DA:793,0
DA:794,0
DA:796,0
DA:802,0
DA:803,0
DA:808,0
DA:809,0
DA:811,0
DA:812,0
DA:817,0
DA:818,0
DA:819,0
DA:822,0
DA:823,0
DA:829,0
DA:830,0
DA:831,0
DA:833,0
DA:834,0
DA:835,0
DA:836,0
DA:838,0
DA:840,0
DA:846,0
DA:851,0
DA:852,0
DA:853,0
DA:854,0
DA:857,0
DA:858,0
DA:864,0
DA:867,0
DA:868,0
DA:870,0
DA:875,0
DA:881,0
DA:886,0
DA:887,0
DA:888,0
DA:889,0
DA:892,0
DA:893,0
DA:898,0
DA:899,0
DA:900,0
DA:902,0
DA:904,0
DA:905,0
DA:910,0
DA:911,0
DA:913,0
DA:917,0
DA:918,0
DA:920,0
DA:928,0
DA:933,0
DA:934,0
DA:935,0
DA:937,0
DA:939,0
DA:940,0
DA:945,0
DA:946,0
DA:947,0
DA:948,0
DA:952,0
DA:953,0
DA:956,0
DA:962,0
DA:963,0
DA:964,0
DA:967,0
DA:968,0
DA:969,0
DA:976,0
DA:978,0
DA:979,0
DA:982,0
DA:983,0
DA:984,0
DA:985,0
DA:988,0
DA:993,0
DA:994,0
DA:995,0
DA:997,0
DA:998,0
DA:999,0
DA:1002,0
DA:1003,0
DA:1004,0
DA:1007,0
DA:1008,0
DA:1009,0
DA:1012,0
DA:1014,0
DA:1015,0
DA:1021,0
DA:1022,0
DA:1023,0
DA:1025,0
DA:1029,0
DA:1031,0
DA:1032,0
DA:1037,0
DA:1039,0
DA:1041,0
DA:1042,0
DA:1044,0
DA:1045,0
DA:1046,0
DA:1056,0
DA:1062,0
DA:1069,0
DA:1072,0
DA:1073,0
DA:1075,0
DA:1079,0
DA:1080,0
DA:1085,0
DA:1086,0
DA:1087,0
DA:1088,0
DA:1090,0
DA:1098,0
DA:1101,0
DA:1103,0
DA:1108,0
DA:1111,0
DA:1112,0
DA:1113,0
DA:1114,0
DA:1116,0
DA:1121,0
DA:1122,0
DA:1123,0
DA:1124,0
DA:1126,0
DA:1127,0
DA:1128,0
DA:1129,0
DA:1131,0
DA:1134,0
LF:296
LH:0
BRDA:447,0,0,0
BRDA:447,0,1,0
BRDA:464,1,0,0
BRDA:464,1,1,0
BRDA:487,2,0,0
BRDA:487,2,1,0
BRDA:500,3,0,0
BRDA:500,3,1,0
BRDA:508,4,0,0
BRDA:508,4,1,0
BRDA:508,5,0,0
BRDA:508,5,1,0
BRDA:508,5,2,0
BRDA:532,6,0,0
BRDA:532,6,1,0
BRDA:536,7,0,0
BRDA:536,7,1,0
BRDA:540,8,0,0
BRDA:540,8,1,0
BRDA:541,9,0,0
BRDA:541,9,1,0
BRDA:545,10,0,0
BRDA:545,10,1,0
BRDA:545,11,0,0
BRDA:545,11,1,0
BRDA:545,11,2,0
BRDA:569,12,0,0
BRDA:569,12,1,0
BRDA:573,13,0,0
BRDA:573,13,1,0
BRDA:593,14,0,0
BRDA:593,14,1,0
BRDA:597,15,0,0
BRDA:597,15,1,0
BRDA:605,16,0,0
BRDA:605,16,1,0
BRDA:605,17,0,0
BRDA:605,17,1,0
BRDA:625,18,0,0
BRDA:625,18,1,0
BRDA:625,19,0,0
BRDA:625,19,1,0
BRDA:628,20,0,0
BRDA:628,20,1,0
BRDA:656,21,0,0
BRDA:656,21,1,0
BRDA:661,22,0,0
BRDA:661,22,1,0
BRDA:675,23,0,0
BRDA:675,23,1,0
BRDA:680,24,0,0
BRDA:680,24,1,0
BRDA:703,25,0,0
BRDA:703,25,1,0
BRDA:733,26,0,0
BRDA:733,26,1,0
BRDA:736,27,0,0
BRDA:736,27,1,0
BRDA:736,28,0,0
BRDA:736,28,1,0
BRDA:739,29,0,0
BRDA:739,29,1,0
BRDA:739,30,0,0
BRDA:739,30,1,0
BRDA:741,31,0,0
BRDA:741,31,1,0
BRDA:741,32,0,0
BRDA:741,32,1,0
BRDA:796,33,0,0
BRDA:796,33,1,0
BRDA:831,34,0,0
BRDA:831,34,1,0
BRDA:834,35,0,0
BRDA:834,35,1,0
BRDA:834,36,0,0
BRDA:834,36,1,0
BRDA:834,36,2,0
BRDA:835,37,0,0
BRDA:835,37,1,0
BRDA:836,38,0,0
BRDA:836,38,1,0
BRDA:854,39,0,0
BRDA:854,39,1,0
BRDA:858,40,0,0
BRDA:858,40,1,0
BRDA:867,41,0,0
BRDA:867,41,1,0
BRDA:889,42,0,0
BRDA:889,42,1,0
BRDA:900,43,0,0
BRDA:900,43,1,0
BRDA:900,44,0,0
BRDA:900,44,1,0
BRDA:913,45,0,0
BRDA:913,45,1,0
BRDA:917,46,0,0
BRDA:917,46,1,0
BRDA:935,47,0,0
BRDA:935,47,1,0
BRDA:935,48,0,0
BRDA:935,48,1,0
BRDA:948,49,0,0
BRDA:948,49,1,0
BRDA:948,49,2,0
BRDA:968,50,0,0
BRDA:968,50,1,0
BRDA:968,50,2,0
BRDA:978,51,0,0
BRDA:978,51,1,0
BRDA:982,52,0,0
BRDA:982,52,1,0
BRDA:998,53,0,0
BRDA:998,53,1,0
BRDA:998,53,2,0
BRDA:1003,54,0,0
BRDA:1003,54,1,0
BRDA:1008,55,0,0
BRDA:1008,55,1,0
BRDA:1046,56,0,0
BRDA:1046,56,1,0
BRDA:1046,57,0,0
BRDA:1046,57,1,0
BRDA:1072,58,0,0
BRDA:1072,58,1,0
BRDA:1079,59,0,0
BRDA:1079,59,1,0
BRDA:1085,60,0,0
BRDA:1085,60,1,0
BRDA:1126,61,0,0
BRDA:1126,61,1,0
BRF:130
BRH:0
end_of_record
TN:
SF:store/timerStore.ts
FN:53,(anonymous_0)
FN:66,(anonymous_1)
FN:122,(anonymous_2)
FN:143,(anonymous_3)
FN:153,(anonymous_4)
FN:163,(anonymous_5)
FN:254,(anonymous_6)
FN:272,(anonymous_7)
FN:292,(anonymous_8)
FN:348,(anonymous_9)
FN:357,(anonymous_10)
FN:364,(anonymous_11)
FN:366,(anonymous_12)
FN:373,(anonymous_13)
FN:375,(anonymous_14)
FN:382,(anonymous_15)
FN:384,(anonymous_16)
FN:387,(anonymous_17)
FN:394,(anonymous_18)
FN:399,(anonymous_19)
FN:407,(anonymous_20)
FN:413,(anonymous_21)
FN:421,(anonymous_22)
FN:454,(anonymous_23)
FN:455,(anonymous_24)
FNF:25
FNH:0
FNDA:0,(anonymous_0)
FNDA:0,(anonymous_1)
FNDA:0,(anonymous_2)
FNDA:0,(anonymous_3)
FNDA:0,(anonymous_4)
FNDA:0,(anonymous_5)
FNDA:0,(anonymous_6)
FNDA:0,(anonymous_7)
FNDA:0,(anonymous_8)
FNDA:0,(anonymous_9)
FNDA:0,(anonymous_10)
FNDA:0,(anonymous_11)
FNDA:0,(anonymous_12)
FNDA:0,(anonymous_13)
FNDA:0,(anonymous_14)
FNDA:0,(anonymous_15)
FNDA:0,(anonymous_16)
FNDA:0,(anonymous_17)
FNDA:0,(anonymous_18)
FNDA:0,(anonymous_19)
FNDA:0,(anonymous_20)
FNDA:0,(anonymous_21)
FNDA:0,(anonymous_22)
FNDA:0,(anonymous_23)
FNDA:0,(anonymous_24)
DA:51,0
DA:53,0
DA:67,0
DA:69,0
DA:70,0
DA:74,0
DA:76,0
DA:77,0
DA:78,0
DA:79,0
DA:80,0
DA:81,0
DA:85,0
DA:88,0
DA:92,0
DA:93,0
DA:94,0
DA:95,0
DA:96,0
DA:97,0
DA:98,0
DA:100,0
DA:101,0
DA:104,0
DA:107,0
DA:117,0
DA:118,0
DA:123,0
DA:124,0
DA:125,0
DA:128,0
DA:130,0
DA:138,0
DA:139,0
DA:144,0
DA:145,0
DA:146,0
DA:148,0
DA:149,0
DA:154,0
DA:155,0
DA:156,0
DA:158,0
DA:159,0
DA:164,0
DA:165,0
DA:166,0
DA:168,0
DA:170,0
DA:172,0
DA:174,0
DA:178,0
DA:179,0
DA:180,0
DA:181,0
DA:182,0
DA:183,0
DA:185,0
DA:186,0
DA:191,0
DA:205,0
DA:207,0
DA:219,0
DA:220,0
DA:230,0
DA:240,0
DA:242,0
DA:250,0
DA:255,0
DA:256,0
DA:257,0
DA:258,0
DA:267,0
DA:268,0
DA:273,0
DA:274,0
DA:275,0
DA:276,0
DA:278,0
DA:280,0
DA:281,0
DA:283,0
DA:287,0
DA:288,0
DA:293,0
DA:294,0
DA:295,0
DA:297,0
DA:299,0
DA:303,0
DA:304,0
DA:305,0
DA:306,0
DA:307,0
DA:308,0
DA:310,0
DA:311,0
DA:315,0
DA:329,0
DA:331,0
DA:343,0
DA:344,0
DA:349,0
DA:350,0
DA:352,0
DA:353,0
DA:358,0
DA:359,0
DA:361,0
DA:362,0
DA:363,0
DA:364,0
DA:366,0
DA:369,0
DA:370,0
DA:371,0
DA:372,0
DA:373,0
DA:375,0
DA:378,0
DA:379,0
DA:380,0
DA:381,0
DA:382,0
DA:384,0
DA:387,0
DA:389,0
DA:390,0
DA:395,0
DA:396,0
DA:397,0
DA:399,0
DA:400,0
DA:402,0
DA:403,0
DA:408,0
DA:409,0
DA:410,0
DA:411,0
DA:413,0
DA:415,0
DA:416,0
DA:422,0
DA:423,0
DA:424,0
DA:428,0
DA:429,0
DA:430,0
DA:433,0
DA:435,0
DA:437,0
DA:447,0
DA:448,0
DA:454,0
DA:455,0
LF:155
LH:0
BRDA:69,0,0,0
BRDA:69,0,1,0
BRDA:69,1,0,0
BRDA:69,1,1,0
BRDA:76,2,0,0
BRDA:76,2,1,0
BRDA:76,3,0,0
BRDA:76,3,1,0
BRDA:78,4,0,0
BRDA:78,4,1,0
BRDA:80,5,0,0
BRDA:80,5,1,0
BRDA:80,6,0,0
BRDA:80,6,1,0
BRDA:92,7,0,0
BRDA:92,7,1,0
BRDA:95,8,0,0
BRDA:95,8,1,0
BRDA:113,9,0,0
BRDA:113,9,1,0
BRDA:124,10,0,0
BRDA:124,10,1,0
BRDA:124,11,0,0
BRDA:124,11,1,0
BRDA:168,12,0,0
BRDA:168,12,1,0
BRDA:168,13,0,0
BRDA:168,13,1,0
BRDA:172,14,0,0
BRDA:172,14,1,0
BRDA:178,15,0,0
BRDA:178,15,1,0
BRDA:180,16,0,0
BRDA:180,16,1,0
BRDA:200,17,0,0
BRDA:200,17,1,0
BRDA:275,18,0,0
BRDA:275,18,1,0
BRDA:275,19,0,0
BRDA:275,19,1,0
BRDA:275,19,2,0
BRDA:278,20,0,0
BRDA:278,20,1,0
BRDA:297,21,0,0
BRDA:297,21,1,0
BRDA:303,22,0,0
BRDA:303,22,1,0
BRDA:305,23,0,0
BRDA:305,23,1,0
BRDA:324,24,0,0
BRDA:324,24,1,0
BRDA:361,25,0,0
BRDA:361,25,1,0
BRDA:366,26,0,0
BRDA:366,26,1,0
BRDA:369,27,0,0
BRDA:369,27,1,0
BRDA:375,28,0,0
BRDA:375,28,1,0
BRDA:378,29,0,0
BRDA:378,29,1,0
BRDA:384,30,0,0
BRDA:384,30,1,0
BRDA:387,31,0,0
BRDA:387,31,1,0
BRDA:397,32,0,0
BRDA:397,32,1,0
BRDA:399,33,0,0
BRDA:399,33,1,0
BRDA:410,34,0,0
BRDA:410,34,1,0
BRDA:410,35,0,0
BRDA:410,35,1,0
BRDA:423,36,0,0
BRDA:423,36,1,0
BRDA:423,37,0,0
BRDA:423,37,1,0
BRDA:429,38,0,0
BRDA:429,38,1,0
BRDA:429,39,0,0
BRDA:429,39,1,0
BRDA:433,40,0,0
BRDA:433,40,1,0
BRF:83
BRH:0
end_of_record
TN:
SF:utils/ai.ts
FN:34,makeAIRequest
FN:58,parseAIResponse
FN:127,calculateAdvancedDynamicRange
FN:329,getTimeUrgencyLevel
FN:336,getComplexityFactor
FN:351,getPriorityFocusForUrgentTimeline
FN:364,getSkipTopicsForUrgentTimeline
FN:377,getPriorityFocusForMajorGap
FN:390,getBalancedPriorityFocus
FN:418,evaluateInputQuality
FN:443,analyzeTaskForClarification
FN:469,getTaskTypeSpecificPrompt
FN:567,generateEnhancedSubtasks
FN:670,(anonymous_13)
FN:675,(anonymous_14)
FN:677,(anonymous_15)
FN:741,(anonymous_16)
FN:758,(anonymous_17)
FN:805,detectTaskType
FN:811,(anonymous_19)
[...]
BRDA:562,69,1,0
BRDA:592,70,0,0
BRDA:592,70,1,0
BRDA:599,71,0,0
BRDA:599,71,1,0
BRDA:600,72,0,0
BRDA:600,72,1,0
BRDA:603,73,0,0
BRDA:603,73,1,0
BRDA:606,74,0,0
BRDA:606,74,1,0
BRDA:606,74,2,0
BRDA:606,74,3,0
BRDA:606,74,4,0
BRDA:631,75,0,0
BRDA:631,75,1,0
BRDA:637,76,0,0
BRDA:637,76,1,0
BRDA:664,77,0,0
BRDA:664,77,1,0
BRDA:669,78,0,0
BRDA:669,78,1,0
BRDA:685,79,0,0
BRDA:685,79,1,0
BRDA:691,80,0,0
BRDA:691,80,1,0
BRDA:691,80,2,0
BRDA:696,81,0,0
BRDA:696,81,1,0
BRDA:699,82,0,0
BRDA:699,82,1,0
BRDA:700,83,0,0
BRDA:700,83,1,0
BRDA:700,84,0,0
BRDA:700,84,1,0
BRDA:707,85,0,0
BRDA:707,85,1,0
BRDA:719,86,0,0
BRDA:719,86,1,0
BRDA:723,87,0,0
BRDA:723,87,1,0
BRDA:723,87,2,0
BRDA:723,87,3,0
BRDA:723,87,4,0
BRDA:727,88,0,0
BRDA:727,88,1,0
BRDA:730,89,0,0
BRDA:730,89,1,0
BRDA:735,90,0,0
BRDA:735,90,1,0
BRDA:743,91,0,0
BRDA:743,91,1,0
BRDA:743,91,2,0
BRDA:743,91,3,0
BRDA:749,92,0,0
BRDA:749,92,1,0
BRDA:756,93,0,0
BRDA:756,93,1,0
BRDA:765,94,0,0
BRDA:765,94,1,0
BRDA:776,95,0,0
BRDA:776,95,1,0
BRDA:782,96,0,0
BRDA:782,96,1,0
BRDA:791,97,0,0
BRDA:791,97,1,0
BRDA:794,98,0,0
BRDA:794,98,1,0
BRDA:794,99,0,0
BRDA:794,99,1,0
BRDA:801,100,0,0
BRDA:801,100,1,0
BRDA:806,101,0,0
BRDA:806,101,1,0
BRDA:814,102,0,0
BRDA:814,102,1,0
BRDA:814,103,0,0
BRDA:814,103,1,0
BRDA:818,104,0,0
BRDA:818,104,1,0
BRDA:830,105,0,0
BRDA:830,105,1,0
BRDA:842,106,0,0
BRDA:842,106,1,0
BRDA:852,107,0,0
BRDA:852,107,1,0
BRDA:852,108,0,0
BRDA:852,108,1,0
BRDA:854,109,0,0
BRDA:854,109,1,0
BRDA:857,110,0,0
BRDA:857,110,1,0
BRDA:857,111,0,0
BRDA:857,111,1,0
BRDA:860,112,0,0
BRDA:860,112,1,0
BRDA:862,113,0,0
BRDA:862,113,1,0
BRDA:867,114,0,0
BRDA:867,114,1,0
BRDA:871,115,0,0
BRDA:871,115,1,0
BRDA:875,116,0,0
BRDA:875,116,1,0
BRDA:879,117,0,0
BRDA:879,117,1,0
BRDA:881,118,0,0
BRDA:881,118,1,0
BRDA:888,119,0,0
BRDA:888,119,1,0
BRDA:903,120,0,0
BRDA:903,120,1,0
BRDA:915,121,0,0
BRDA:915,121,1,0
BRDA:947,122,0,0
BRDA:947,122,1,0
BRDA:947,123,0,0
BRDA:947,123,1,0
BRDA:1006,124,0,0
BRDA:1006,124,1,0
BRDA:1019,125,0,0
BRDA:1019,125,1,0
BRDA:1023,126,0,0
BRDA:1023,126,1,0
BRDA:1036,127,0,0
BRDA:1036,127,1,0
BRDA:1036,128,0,0
BRDA:1036,128,1,0
BRDA:1040,129,0,0
BRDA:1040,129,1,0
BRDA:1052,130,0,0
BRDA:1052,130,1,0
BRDA:1077,131,0,0
BRDA:1077,131,1,0
BRDA:1077,132,0,0
BRDA:1077,132,1,0
BRDA:1077,132,2,0
BRDA:1129,133,0,0
BRDA:1130,134,0,0
BRDA:1139,135,0,0
BRDA:1140,136,0,0
BRDA:1141,137,0,0
BRDA:1142,138,0,0
BRDA:1149,139,0,0
BRDA:1149,139,1,0
BRDA:1149,140,0,0
BRDA:1149,140,1,0
BRDA:1171,141,0,0
BRDA:1171,141,1,0
BRDA:1180,142,0,0
BRDA:1180,142,1,0
BRDA:1184,143,0,0
BRDA:1184,143,1,0
BRDA:1199,144,0,0
BRDA:1199,144,1,0
BRDA:1224,145,0,0
BRDA:1224,145,1,0
BRDA:1228,146,0,0
BRDA:1228,146,1,0
BRDA:1242,147,0,0
BRDA:1242,147,1,0
BRDA:1245,148,0,0
BRDA:1245,148,1,0
BRDA:1290,149,0,0
BRDA:1290,149,1,0
BRDA:1293,150,0,0
BRDA:1293,150,1,0
BRDA:1293,150,2,0
BRDA:1296,151,0,0
BRDA:1296,151,1,0
BRDA:1296,152,0,0
BRDA:1296,152,1,0
BRDA:1322,153,0,0
BRDA:1322,153,1,0
BRDA:1327,154,0,0
BRDA:1327,154,1,0
BRDA:1345,155,0,0
BRDA:1345,155,1,0
BRDA:1345,155,2,0
BRDA:1346,156,0,0
BRDA:1346,156,1,0
BRDA:1349,157,0,0
BRDA:1349,157,1,0
BRDA:1375,158,0,0
BRDA:1375,158,1,0
BRDA:1389,159,0,0
BRDA:1389,159,1,0
BRDA:1397,160,0,0
BRDA:1397,160,1,0
BRDA:1409,161,0,0
BRDA:1409,161,1,0
BRDA:1422,162,0,0
BRDA:1422,162,1,0
BRDA:1488,163,0,0
BRDA:1489,164,0,0
BRDA:1493,165,0,0
BRDA:1494,166,0,0
BRDA:1495,167,0,0
BRDA:1496,168,0,0
BRDA:1497,169,0,0
BRDA:1498,170,0,0
BRDA:1521,171,0,0
BRDA:1521,171,1,0
BRDA:1538,172,0,0
BRDA:1538,172,1,0
BRDA:1544,173,0,0
BRDA:1544,173,1,0
BRDA:1585,174,0,0
BRDA:1585,174,1,0
BRDA:1585,174,2,0
BRDA:1585,174,3,0
BRDA:1593,175,0,0
BRDA:1593,175,1,0
BRDA:1595,176,0,0
BRDA:1595,176,1,0
BRDA:1596,177,0,0
BRDA:1596,177,1,0
BRDA:1597,178,0,0
BRDA:1597,178,1,0
BRDA:1598,179,0,0
BRDA:1598,179,1,0
BRDA:1602,180,0,0
BRDA:1602,180,1,0
BRDA:1602,180,2,0
BRDA:1609,181,0,0
BRDA:1609,181,1,0
BRDA:1609,181,2,0
BRDA:1609,181,3,0
BRDA:1609,181,4,0
BRDA:1609,181,5,0
BRDA:1619,182,0,0
BRDA:1619,182,1,0
BRDA:1620,183,0,0
BRDA:1620,183,1,0
BRDA:1621,184,0,0
BRDA:1621,184,1,0
BRDA:1630,185,0,0
BRDA:1630,185,1,0
BRDA:1633,186,0,0
BRDA:1633,186,1,0
BRDA:1634,187,0,0
BRDA:1634,187,1,0
BRDA:1635,188,0,0
BRDA:1635,188,1,0
BRDA:1674,189,0,0
BRDA:1674,189,1,0
BRDA:1674,190,0,0
BRDA:1674,190,1,0
BRDA:1687,191,0,0
BRDA:1687,191,1,0
BRDA:1705,192,0,0
BRDA:1705,192,1,0
BRDA:1737,193,0,0
BRDA:1737,193,1,0
BRDA:1738,194,0,0
BRDA:1738,194,1,0
BRDA:1756,195,0,0
BRDA:1756,195,1,0
BRDA:1756,196,0,0
BRDA:1756,196,1,0
BRDA:1764,197,0,0
BRDA:1764,197,1,0
BRDA:1764,198,0,0
BRDA:1764,198,1,0
BRDA:1765,199,0,0
BRDA:1765,199,1,0
BRDA:1765,200,0,0
BRDA:1765,200,1,0
BRDA:1766,201,0,0
BRDA:1766,201,1,0
BRDA:1766,202,0,0
BRDA:1766,202,1,0
BRDA:1767,203,0,0
BRDA:1767,203,1,0
BRDA:1771,204,0,0
BRDA:1771,204,1,0
BRDA:1772,205,0,0
BRDA:1772,205,1,0
BRDA:1772,205,2,0
BRDA:1772,205,3,0
BRDA:1772,205,4,0
BRDA:1774,206,0,0
BRDA:1774,206,1,0
BRDA:1777,207,0,0
BRDA:1777,207,1,0
BRDA:1777,208,0,0
BRDA:1777,208,1,0
BRDA:1780,209,0,0
BRDA:1780,209,1,0
BRDA:1783,210,0,0
BRDA:1783,210,1,0
BRDA:1786,211,0,0
BRDA:1786,211,1,0
BRDA:1786,212,0,0
BRDA:1786,212,1,0
BRDA:1793,213,0,0
BRDA:1793,213,1,0
BRDA:1794,214,0,0
BRDA:1794,214,1,0
BRDA:1821,215,0,0
BRDA:1821,215,1,0
BRDA:1821,216,0,0
BRDA:1821,216,1,0
BRDA:1871,217,0,0
BRDA:1871,217,1,0
BRDA:1873,218,0,0
BRDA:1873,218,1,0
BRDA:1875,219,0,0
BRDA:1875,219,1,0
BRDA:1902,220,0,0
BRDA:1902,220,1,0
BRDA:1904,221,0,0
BRDA:1904,221,1,0
BRDA:1906,222,0,0
BRDA:1906,222,1,0
BRDA:1910,223,0,0
BRDA:1910,223,1,0
BRDA:1910,224,0,0
BRDA:1910,224,1,0
BRDA:1912,225,0,0
BRDA:1912,225,1,0
BRDA:1928,226,0,0
BRDA:1928,226,1,0
BRDA:1947,227,0,0
BRDA:1947,227,1,0
BRDA:1959,228,0,0
BRDA:1959,228,1,0
BRDA:1976,229,0,0
BRDA:1976,229,1,0
BRDA:1980,230,0,0
BRDA:1980,230,1,0
BRDA:2037,231,0,0
BRDA:2037,231,1,0
BRDA:2037,232,0,0
BRDA:2037,232,1,0
BRDA:2044,233,0,0
BRDA:2044,233,1,0
BRDA:2053,234,0,0
BRDA:2053,234,1,0
BRDA:2060,235,0,0
BRDA:2060,235,1,0
BRDA:2060,236,0,0
BRDA:2060,236,1,0
BRDA:2092,237,0,0
BRDA:2093,238,0,0
BRDA:2098,239,0,0
BRDA:2098,239,1,0
BRDA:2102,240,0,0
BRDA:2102,240,1,0
BRDA:2120,241,0,0
BRDA:2120,241,1,0
BRDA:2120,242,0,0
BRDA:2120,242,1,0
BRDA:2139,243,0,0
BRDA:2139,243,1,0
BRF:490
BRH:0
end_of_record
TN:
SF:utils/spacedRepetition.ts
FN:21,initializeSpacedRepetition
FN:31,getNextReviewDate
FN:37,calculateNextReview
FN:76,isReviewDue
FN:85,getSubtasksDueForReview
FN:86,(anonymous_5)
FN:93,generateReviewTask
FN:132,scheduleReviewTasks
FN:145,updateSubtaskAfterReview
FN:162,getOptimalReviewTime
FN:170,calculateMasteryLevel
FN:194,getReviewStatistics
FN:195,(anonymous_12)
FN:196,(anonymous_13)
FN:198,(anonymous_14)
FN:201,(anonymous_15)
FNF:16
FNH:0
FNDA:0,initializeSpacedRepetition
FNDA:0,getNextReviewDate
FNDA:0,calculateNextReview
FNDA:0,isReviewDue
FNDA:0,getSubtasksDueForReview
FNDA:0,(anonymous_5)
FNDA:0,generateReviewTask
FNDA:0,scheduleReviewTasks
FNDA:0,updateSubtaskAfterReview
FNDA:0,getOptimalReviewTime
FNDA:0,calculateMasteryLevel
FNDA:0,getReviewStatistics
FNDA:0,(anonymous_12)
FNDA:0,(anonymous_13)
FNDA:0,(anonymous_14)
FNDA:0,(anonymous_15)
DA:12,0
DA:22,0
DA:32,0
DA:33,0
DA:34,0
DA:41,0
DA:44,0
DA:46,0
DA:48,0
DA:49,0
DA:52,0
DA:54,0
DA:55,0
DA:56,0
DA:57,0
DA:59,0
DA:64,0
DA:66,0
DA:77,0
DA:78,0
DA:81,0
DA:82,0
DA:86,0
DA:87,0
DA:94,0
DA:95,0
DA:97,0
DA:98,0
DA:100,0
DA:102,0
DA:103,0
DA:104,0
DA:106,0
DA:107,0
DA:108,0
DA:110,0
DA:111,0
DA:112,0
DA:114,0
DA:115,0
DA:116,0
DA:119,0
DA:136,0
DA:139,0
DA:140,0
DA:142,0
DA:149,0
DA:150,0
DA:153,0
DA:155,0
DA:165,0
DA:166,0
DA:167,0
DA:171,0
DA:172,0
DA:175,0
DA:178,0
DA:181,0
DA:184,0
DA:187,0
DA:188,0
DA:191,0
DA:195,0
DA:196,0
DA:197,0
DA:198,0
DA:200,0
DA:201,0
DA:204,0
LF:69
LH:0
BRDA:46,0,0,0
BRDA:46,0,1,0
BRDA:54,1,0,0
BRDA:54,1,1,0
BRDA:56,2,0,0
BRDA:56,2,1,0
BRDA:77,3,0,0
BRDA:77,3,1,0
BRDA:77,4,0,0
BRDA:77,4,1,0
BRDA:87,5,0,0
BRDA:87,5,1,0
BRDA:87,5,2,0
BRDA:100,6,0,0
BRDA:100,6,1,0
BRDA:100,6,2,0
BRDA:100,6,3,0
BRDA:102,7,0,0
BRDA:102,7,1,0
BRDA:106,8,0,0
BRDA:106,8,1,0
BRDA:110,9,0,0
BRDA:110,9,1,0
BRDA:114,10,0,0
BRDA:114,10,1,0
BRDA:126,11,0,0
BRDA:126,11,1,0
BRDA:127,12,0,0
BRDA:127,12,1,0
BRDA:134,13,0,0
BRDA:149,14,0,0
BRDA:149,14,1,0
BRDA:158,15,0,0
BRDA:158,15,1,0
BRDA:171,16,0,0
BRDA:171,16,1,0
BRDA:171,17,0,0
BRDA:171,17,1,0
BRDA:187,18,0,0
BRDA:187,18,1,0
BRDA:195,19,0,0
BRDA:195,19,1,0
BRDA:200,20,0,0
BRDA:200,20,1,0
BRDA:210,21,0,0
BRDA:210,21,1,0
BRF:46
BRH:0
end_of_record
TN:
SF:utils/subtaskProgress.ts
FN:6,getSubtaskTotalDuration
FN:14,getSubtaskOriginalDuration
FN:21,getSubtaskRemainingTime
FN:43,getSubtaskProgressPercentage
FN:58,updateSubtaskProgress
FN:98,shouldSplitSubtask
FN:117,calculateSubtaskSegments
FN:134,(anonymous_7)
FN:168,(anonymous_8)
FN:178,getNextSessionDuration
FN:252,isSubtaskCompleted
FN:264,getSubtaskStats
FN:279,(anonymous_12)
FN:288,initializeSubtaskProgress
FN:311,optimizeSubtaskSplitting
FN:334,(anonymous_15)
FN:357,(anonymous_16)
FN:358,(anonymous_17)
FN:416,(anonymous_18)
FN:442,updateSubtaskProgressWithSync
FN:487,(anonymous_20)
FN:516,calculateLearningEfficiency
FN:522,(anonymous_22)
FN:526,(anonymous_23)
FN:527,(anonymous_24)
FN:549,calculateVariance
FN:551,(anonymous_26)
FN:552,(anonymous_27)
FN:559,getSubtaskLearningReport
FN:592,(anonymous_29)
FN:595,(anonymous_30)
FN:604,(anonymous_31)
FN:609,(anonymous_32)
FN:610,(anonymous_33)
FN:678,validateAndProtectSubtaskDuration
FN:727,getSubtaskDurationSafely
FNF:36
FNH:0
FNDA:0,getSubtaskTotalDuration
FNDA:0,getSubtaskOriginalDuration
FNDA:0,getSubtaskRemainingTime
FNDA:0,getSubtaskProgressPercentage
FNDA:0,updateSubtaskProgress
FNDA:0,shouldSplitSubtask
FNDA:0,calculateSubtaskSegments
FNDA:0,(anonymous_7)
FNDA:0,(anonymous_8)
FNDA:0,getNextSessionDuration
FNDA:0,isSubtaskCompleted
FNDA:0,getSubtaskStats
FNDA:0,(anonymous_12)
FNDA:0,initializeSubtaskProgress
FNDA:0,optimizeSubtaskSplitting
FNDA:0,(anonymous_15)
FNDA:0,(anonymous_16)
FNDA:0,(anonymous_17)
FNDA:0,(anonymous_18)
FNDA:0,updateSubtaskProgressWithSync
FNDA:0,(anonymous_20)
FNDA:0,calculateLearningEfficiency
FNDA:0,(anonymous_22)
FNDA:0,(anonymous_23)
FNDA:0,(anonymous_24)
FNDA:0,calculateVariance
FNDA:0,(anonymous_26)
FNDA:0,(anonymous_27)
FNDA:0,getSubtaskLearningReport
FNDA:0,(anonymous_29)
FNDA:0,(anonymous_30)
FNDA:0,(anonymous_31)
FNDA:0,(anonymous_32)
FNDA:0,(anonymous_33)
FNDA:0,validateAndProtectSubtaskDuration
FNDA:0,getSubtaskDurationSafely
DA:8,0
DA:15,0
DA:23,0
DA:24,0
DA:27,0
DA:28,0
DA:30,0
DA:31,0
DA:32,0
DA:34,0
DA:37,0
DA:44,0
DA:45,0
DA:47,0
DA:48,0
DA:51,0
DA:52,0
DA:64,0
DA:65,0
DA:66,0
DA:67,0
DA:68,0
DA:70,0
DA:76,0
DA:77,0
DA:79,0
DA:102,0
DA:103,0
DA:106,0
DA:107,0
DA:111,0
DA:121,0
DA:122,0
DA:123,0
DA:125,0
DA:126,0
DA:129,0
DA:130,0
DA:131,0
DA:134,0
DA:136,0
DA:137,0
DA:138,0
DA:141,0
DA:142,0
DA:143,0
DA:146,0
DA:147,0
DA:161,0
DA:162,0
DA:163,0
DA:168,0
DA:169,0
DA:172,0
DA:179,0
DA:180,0
DA:181,0
DA:183,0
DA:184,0
DA:188,0
DA:191,0
DA:192,0
DA:193,0
DA:194,0
DA:195,0
DA:199,0
DA:201,0
DA:202,0
DA:205,0
DA:206,0
DA:208,0
DA:212,0
DA:215,0
DA:216,0
DA:220,0
DA:223,0
DA:225,0
DA:227,0
DA:228,0
DA:229,0
DA:231,0
DA:237,0
DA:238,0
DA:239,0
DA:240,0
DA:241,0
DA:242,0
DA:246,0
DA:253,0
DA:254,0
DA:257,0
DA:258,0
DA:265,0
DA:266,0
DA:267,0
DA:268,0
DA:269,0
DA:271,0
DA:279,0
DA:290,0
DA:292,0
DA:320,0
DA:321,0
DA:322,0
DA:324,0
DA:325,0
DA:334,0
DA:335,0
DA:337,0
DA:338,0
DA:346,0
DA:347,0
DA:356,0
DA:357,0
DA:358,0
DA:360,0
DA:361,0
DA:370,0
DA:371,0
DA:373,0
DA:374,0
DA:376,0
DA:377,0
DA:382,0
DA:384,0
DA:387,0
DA:388,0
DA:389,0
DA:390,0
DA:391,0
DA:392,0
DA:394,0
DA:398,0
DA:399,0
DA:400,0
DA:401,0
DA:402,0
DA:405,0
DA:410,0
DA:414,0
DA:415,0
DA:416,0
DA:419,0
DA:420,0
DA:421,0
DA:422,0
DA:424,0
DA:427,0
DA:428,0
DA:431,0
DA:449,0
DA:450,0
DA:451,0
DA:452,0
DA:453,0
DA:456,0
DA:457,0
DA:458,0
DA:468,0
DA:469,0
DA:481,0
DA:482,0
DA:485,0
DA:486,0
DA:487,0
DA:490,0
DA:492,0
DA:520,0
DA:522,0
DA:523,0
DA:526,0
DA:527,0
DA:529,0
DA:530,0
DA:531,0
DA:532,0
DA:533,0
DA:534,0
DA:535,0
DA:539,0
DA:540,0
DA:542,0
DA:543,0
DA:550,0
DA:551,0
DA:552,0
DA:553,0
DA:587,0
DA:588,0
DA:589,0
DA:592,0
DA:593,0
DA:594,0
DA:595,0
DA:602,0
DA:603,0
DA:604,0
DA:606,0
DA:608,0
DA:610,0
DA:611,0
DA:621,0
DA:623,0
DA:624,0
DA:625,0
DA:626,0
DA:627,0
DA:630,0
DA:631,0
DA:635,0
DA:636,0
DA:637,0
DA:638,0
DA:642,0
DA:643,0
DA:644,0
DA:647,0
DA:650,0
DA:684,0
DA:685,0
DA:686,0
DA:689,0
DA:692,0
DA:693,0
DA:694,0
DA:698,0
DA:699,0
DA:701,0
DA:702,0
DA:706,0
DA:716,0
DA:734,0
DA:736,0
DA:737,0
DA:740,0
DA:741,0
DA:744,0
LF:237
LH:0
BRDA:8,0,0,0
BRDA:8,0,1,0
BRDA:8,0,2,0
BRDA:15,1,0,0
BRDA:15,1,1,0
BRDA:15,1,2,0
BRDA:24,2,0,0
BRDA:24,2,1,0
BRDA:27,3,0,0
BRDA:27,3,1,0
BRDA:30,4,0,0
BRDA:30,4,1,0
BRDA:45,5,0,0
BRDA:45,5,1,0
BRDA:47,6,0,0
BRDA:47,6,1,0
BRDA:51,7,0,0
BRDA:51,7,1,0
BRDA:65,8,0,0
BRDA:65,8,1,0
BRDA:76,9,0,0
BRDA:76,9,1,0
BRDA:88,10,0,0
BRDA:88,10,1,0
BRDA:89,11,0,0
BRDA:89,11,1,0
BRDA:89,12,0,0
BRDA:89,12,1,0
BRDA:103,13,0,0
BRDA:103,13,1,0
BRDA:106,14,0,0
BRDA:106,14,1,0
BRDA:111,15,0,0
BRDA:111,15,1,0
BRDA:122,16,0,0
BRDA:122,16,1,0
BRDA:123,17,0,0
BRDA:123,17,1,0
BRDA:125,18,0,0
BRDA:125,18,1,0
BRDA:137,19,0,0
BRDA:137,19,1,0
BRDA:146,20,0,0
BRDA:146,20,1,0
BRDA:146,21,0,0
BRDA:146,21,1,0
BRDA:180,22,0,0
BRDA:180,22,1,0
BRDA:181,23,0,0
BRDA:181,23,1,0
BRDA:183,24,0,0
BRDA:183,24,1,0
BRDA:192,25,0,0
BRDA:192,25,1,0
BRDA:194,26,0,0
BRDA:194,26,1,0
BRDA:199,27,0,0
BRDA:199,27,1,0
BRDA:201,28,0,0
BRDA:201,28,1,0
BRDA:201,29,0,0
BRDA:201,29,1,0
BRDA:205,30,0,0
BRDA:205,30,1,0
BRDA:205,31,0,0
BRDA:205,31,1,0
BRDA:205,31,2,0
BRDA:215,32,0,0
BRDA:215,32,1,0
BRDA:223,33,0,0
BRDA:223,33,1,0
BRDA:223,34,0,0
BRDA:223,34,1,0
BRDA:225,35,0,0
BRDA:225,35,1,0
BRDA:229,36,0,0
BRDA:229,36,1,0
BRDA:237,37,0,0
BRDA:237,37,1,0
BRDA:240,38,0,0
BRDA:240,38,1,0
BRDA:253,39,0,0
BRDA:253,39,1,0
BRDA:266,40,0,0
BRDA:266,40,1,0
BRDA:269,41,0,0
BRDA:269,41,1,0
BRDA:277,42,0,0
BRDA:277,42,1,0
BRDA:278,43,0,0
BRDA:278,43,1,0
BRDA:294,44,0,0
BRDA:294,44,1,0
BRDA:296,45,0,0
BRDA:296,45,1,0
BRDA:299,46,0,0
BRDA:299,46,1,0
BRDA:300,47,0,0
BRDA:300,47,1,0
BRDA:302,48,0,0
BRDA:302,48,1,0
BRDA:303,49,0,0
BRDA:303,49,1,0
BRDA:304,50,0,0
BRDA:304,50,1,0
BRDA:321,51,0,0
BRDA:321,51,1,0
BRDA:322,52,0,0
BRDA:322,52,1,0
BRDA:324,53,0,0
BRDA:324,53,1,0
BRDA:337,54,0,0
BRDA:337,54,1,0
BRDA:346,55,0,0
BRDA:346,55,1,0
BRDA:360,56,0,0
BRDA:360,56,1,0
BRDA:374,57,0,0
BRDA:374,57,1,0
BRDA:382,58,0,0
BRDA:382,58,1,0
BRDA:387,59,0,0
BRDA:387,59,1,0
BRDA:387,60,0,0
BRDA:387,60,1,0
BRDA:389,61,0,0
BRDA:389,61,1,0
BRDA:389,62,0,0
BRDA:389,62,1,0
BRDA:391,63,0,0
BRDA:391,63,1,0
BRDA:399,64,0,0
BRDA:399,64,1,0
BRDA:401,65,0,0
BRDA:401,65,1,0
BRDA:415,66,0,0
BRDA:415,66,1,0
BRDA:420,67,0,0
BRDA:420,67,1,0
BRDA:421,68,0,0
BRDA:421,68,1,0
BRDA:450,69,0,0
BRDA:450,69,1,0
BRDA:456,70,0,0
BRDA:456,70,1,0
BRDA:457,71,0,0
BRDA:457,71,1,0
BRDA:457,72,0,0
BRDA:457,72,1,0
BRDA:463,73,0,0
BRDA:463,73,1,0
BRDA:468,74,0,0
BRDA:468,74,1,0
BRDA:472,75,0,0
BRDA:472,75,1,0
BRDA:473,76,0,0
BRDA:473,76,1,0
BRDA:473,77,0,0
BRDA:473,77,1,0
BRDA:482,78,0,0
BRDA:482,78,1,0
BRDA:486,79,0,0
BRDA:486,79,1,0
BRDA:501,80,0,0
BRDA:501,80,1,0
BRDA:502,81,0,0
BRDA:502,81,1,0
BRDA:520,82,0,0
BRDA:520,82,1,0
BRDA:530,83,0,0
BRDA:530,83,1,0
BRDA:530,84,0,0
BRDA:530,84,1,0
BRDA:532,85,0,0
BRDA:532,85,1,0
BRDA:534,86,0,0
BRDA:534,86,1,0
BRDA:540,87,0,0
BRDA:540,87,1,0
BRDA:550,88,0,0
BRDA:550,88,1,0
BRDA:588,89,0,0
BRDA:588,89,1,0
BRDA:589,90,0,0
BRDA:589,90,1,0
BRDA:593,91,0,0
BRDA:593,91,1,0
BRDA:594,92,0,0
BRDA:594,92,1,0
BRDA:603,93,0,0
BRDA:603,93,1,0
BRDA:604,94,0,0
BRDA:604,94,1,0
BRDA:608,95,0,0
BRDA:608,95,1,0
BRDA:613,96,0,0
BRDA:613,96,1,0
BRDA:615,97,0,0
BRDA:615,97,1,0
BRDA:623,98,0,0
BRDA:623,98,1,0
BRDA:624,99,0,0
BRDA:624,99,1,0
BRDA:626,100,0,0
BRDA:626,100,1,0
BRDA:630,101,0,0
BRDA:630,101,1,0
BRDA:635,102,0,0
BRDA:635,102,1,0
BRDA:637,103,0,0
BRDA:637,103,1,0
BRDA:642,104,0,0
BRDA:642,104,1,0
BRDA:643,105,0,0
BRDA:643,105,1,0
BRDA:656,106,0,0
BRDA:656,106,1,0
BRDA:692,107,0,0
BRDA:692,107,1,0
BRDA:692,108,0,0
BRDA:692,108,1,0
BRDA:698,109,0,0
BRDA:698,109,1,0
BRDA:701,110,0,0
BRDA:701,110,1,0
BRDA:701,111,0,0
BRDA:701,111,1,0
BRDA:713,112,0,0
BRDA:713,112,1,0
BRDA:736,113,0,0
BRDA:736,113,1,0
BRDA:740,114,0,0
BRDA:740,114,1,0
BRDA:746,115,0,0
BRDA:746,115,1,0
BRDA:747,116,0,0
BRDA:747,116,1,0
BRDA:748,117,0,0
BRDA:748,117,1,0
BRDA:749,118,0,0
BRDA:749,118,1,0
BRF:241
BRH:0
end_of_record
TN:
SF:utils/timeUtils.ts
FN:1,formatTime
FN:12,formatDuration
FN:27,getTimeOfDay
FN:36,getGreeting
FN:53,isToday
FN:58,isTomorrow
FN:64,isThisWeek
FN:77,getRelativeTimeString
FN:97,calculateDaysUntil
FN:110,getTimeConstraintLevel
FN:120,getTimeConstraintMessage
FN:145,getUrgencyColor
FN:155,formatTimeSlot
FN:156,(anonymous_13)
FN:167,parseTimeSlot
FN:170,(anonymous_15)
FN:190,addMinutesToTime
FN:200,getMinutesBetween
FN:210,isTimeSlotAvailable
FN:235,timeToMinutes
FN:248,getWeekDates
FNF:21
FNH:0
FNDA:0,formatTime
FNDA:0,formatDuration
FNDA:0,getTimeOfDay
FNDA:0,getGreeting
FNDA:0,isToday
FNDA:0,isTomorrow
FNDA:0,isThisWeek
FNDA:0,getRelativeTimeString
FNDA:0,calculateDaysUntil
FNDA:0,getTimeConstraintLevel
FNDA:0,getTimeConstraintMessage
FNDA:0,getUrgencyColor
FNDA:0,formatTimeSlot
FNDA:0,(anonymous_13)
FNDA:0,parseTimeSlot
FNDA:0,(anonymous_15)
FNDA:0,addMinutesToTime
FNDA:0,getMinutesBetween
FNDA:0,isTimeSlotAvailable
FNDA:0,timeToMinutes
FNDA:0,getWeekDates
DA:2,0
DA:3,0
DA:4,0
DA:6,0
DA:7,0
DA:9,0
DA:13,0
DA:14,0
DA:17,0
DA:18,0
DA:20,0
DA:21,0
DA:24,0
DA:28,0
DA:30,0
DA:31,0
DA:32,0
DA:33,0
DA:37,0
DA:39,0
DA:41,0
DA:43,0
DA:45,0
DA:47,0
DA:49,0
DA:54,0
DA:55,0
DA:59,0
DA:60,0
DA:61,0
DA:65,0
DA:66,0
DA:67,0
DA:68,0
DA:70,0
DA:71,0
DA:72,0
DA:74,0
DA:78,0
DA:79,0
DA:82,0
DA:83,0
DA:86,0
DA:87,0
DA:90,0
DA:98,0
DA:99,0
DA:101,0
DA:102,0
DA:104,0
DA:105,0
DA:107,0
DA:111,0
DA:112,0
DA:113,0
DA:114,0
DA:115,0
DA:116,0
DA:117,0
DA:121,0
DA:122,0
DA:124,0
DA:125,0
DA:127,0
DA:128,0
DA:130,0
DA:131,0
DA:133,0
DA:134,0
DA:136,0
DA:137,0
DA:139,0
DA:140,0
DA:142,0
DA:146,0
DA:147,0
DA:148,0
DA:149,0
DA:150,0
DA:151,0
DA:152,0
DA:156,0
DA:157,0
DA:158,0
DA:159,0
DA:160,0
DA:161,0
DA:164,0
DA:168,0
DA:170,0
DA:171,0
DA:172,0
DA:173,0
DA:175,0
DA:176,0
DA:177,0
DA:178,0
DA:181,0
DA:184,0
DA:191,0
DA:192,0
DA:194,0
DA:195,0
DA:197,0
DA:201,0
DA:202,0
DA:204,0
DA:205,0
DA:207,0
DA:215,0
DA:216,0
DA:218,0
DA:219,0
DA:220,0
DA:223,0
DA:228,0
DA:232,0
DA:236,0
DA:237,0
DA:249,0
DA:250,0
DA:253,0
DA:254,0
DA:255,0
DA:257,0
DA:258,0
DA:260,0
DA:261,0
DA:262,0
DA:264,0
DA:266,0
DA:275,0
LF:132
LH:0
BRDA:6,0,0,0
BRDA:6,0,1,0
BRDA:13,1,0,0
BRDA:13,1,1,0
BRDA:20,2,0,0
BRDA:20,2,1,0
BRDA:30,3,0,0
BRDA:30,3,1,0
BRDA:30,4,0,0
BRDA:30,4,1,0
BRDA:31,5,0,0
BRDA:31,5,1,0
BRDA:31,6,0,0
BRDA:31,6,1,0
BRDA:32,7,0,0
BRDA:32,7,1,0
BRDA:32,8,0,0
BRDA:32,8,1,0
BRDA:39,9,0,0
BRDA:39,9,1,0
BRDA:39,9,2,0
BRDA:39,9,3,0
BRDA:39,9,4,0
BRDA:74,10,0,0
BRDA:74,10,1,0
BRDA:78,11,0,0
BRDA:78,11,1,0
BRDA:82,12,0,0
BRDA:82,12,1,0
BRDA:86,13,0,0
BRDA:86,13,1,0
BRDA:93,14,0,0
BRDA:93,14,1,0
BRDA:111,15,0,0
BRDA:111,15,1,0
BRDA:112,16,0,0
BRDA:112,16,1,0
BRDA:113,17,0,0
BRDA:113,17,1,0
BRDA:114,18,0,0
BRDA:114,18,1,0
BRDA:115,19,0,0
BRDA:115,19,1,0
BRDA:116,20,0,0
BRDA:116,20,1,0
BRDA:121,21,0,0
BRDA:121,21,1,0
BRDA:124,22,0,0
BRDA:124,22,1,0
BRDA:127,23,0,0
BRDA:127,23,1,0
BRDA:130,24,0,0
BRDA:130,24,1,0
BRDA:133,25,0,0
BRDA:133,25,1,0
BRDA:136,26,0,0
BRDA:136,26,1,0
BRDA:139,27,0,0
BRDA:139,27,1,0
BRDA:146,28,0,0
BRDA:146,28,1,0
BRDA:147,29,0,0
BRDA:147,29,1,0
BRDA:148,30,0,0
BRDA:148,30,1,0
BRDA:149,31,0,0
BRDA:149,31,1,0
BRDA:150,32,0,0
BRDA:150,32,1,0
BRDA:151,33,0,0
BRDA:151,33,1,0
BRDA:159,34,0,0
BRDA:159,34,1,0
BRDA:160,35,0,0
BRDA:160,35,1,0
BRDA:160,36,0,0
BRDA:160,36,1,0
BRDA:175,37,0,0
BRDA:175,37,1,0
BRDA:175,38,0,0
BRDA:175,38,1,0
BRDA:177,39,0,0
BRDA:177,39,1,0
BRDA:177,40,0,0
BRDA:177,40,1,0
BRDA:223,41,0,0
BRDA:223,41,1,0
BRDA:224,42,0,0
BRDA:224,42,1,0
BRDA:224,42,2,0
BRDA:224,42,3,0
BRDA:224,42,4,0
BRDA:224,42,5,0
BRDA:254,43,0,0
BRDA:254,43,1,0
BRF:95
BRH:0
end_of_record
